{"/Users/christopherhaerem/Privat/NationsNavigator/js/data.js": {"path":"/Users/christopherhaerem/Privat/NationsNavigator/js/data.js","statementMap":{"0":{"start":{"line":3,"column":18},"end":{"line":3,"column":20}},"1":{"start":{"line":6,"column":1},"end":{"line":6,"column":18}},"2":{"start":{"line":10,"column":1},"end":{"line":10,"column":20}},"3":{"start":{"line":14,"column":8},"end":{"line":17,"column":9}},"4":{"start":{"line":15,"column":16},"end":{"line":15,"column":56}},"5":{"start":{"line":16,"column":16},"end":{"line":16,"column":23}},"6":{"start":{"line":19,"column":1},"end":{"line":56,"column":2}},"7":{"start":{"line":20,"column":19},"end":{"line":20,"column":55}},"8":{"start":{"line":22,"column":2},"end":{"line":26,"column":3}},"9":{"start":{"line":23,"column":18},"end":{"line":23,"column":46}},"10":{"start":{"line":24,"column":22},"end":{"line":24,"column":60}},"11":{"start":{"line":25,"column":3},"end":{"line":25,"column":60}},"12":{"start":{"line":28,"column":15},"end":{"line":28,"column":36}},"13":{"start":{"line":30,"column":2},"end":{"line":32,"column":3}},"14":{"start":{"line":31,"column":3},"end":{"line":31,"column":69}},"15":{"start":{"line":34,"column":2},"end":{"line":36,"column":3}},"16":{"start":{"line":35,"column":3},"end":{"line":35,"column":48}},"17":{"start":{"line":38,"column":16},"end":{"line":40,"column":19}},"18":{"start":{"line":39,"column":24},"end":{"line":39,"column":62}},"19":{"start":{"line":41,"column":16},"end":{"line":41,"column":61}},"20":{"start":{"line":42,"column":16},"end":{"line":42,"column":65}},"21":{"start":{"line":43,"column":16},"end":{"line":43,"column":69}},"22":{"start":{"line":44,"column":16},"end":{"line":44,"column":40}},"23":{"start":{"line":46,"column":2},"end":{"line":46,"column":55}},"24":{"start":{"line":49,"column":2},"end":{"line":55,"column":3}},"25":{"start":{"line":50,"column":3},"end":{"line":50,"column":105}},"26":{"start":{"line":51,"column":9},"end":{"line":55,"column":3}},"27":{"start":{"line":52,"column":3},"end":{"line":52,"column":84}},"28":{"start":{"line":54,"column":3},"end":{"line":54,"column":68}},"29":{"start":{"line":60,"column":29},"end":{"line":60,"column":55}},"30":{"start":{"line":62,"column":8},"end":{"line":62,"column":55}},"31":{"start":{"line":63,"column":8},"end":{"line":63,"column":52}},"32":{"start":{"line":64,"column":8},"end":{"line":64,"column":67}},"33":{"start":{"line":68,"column":1},"end":{"line":70,"column":2}},"34":{"start":{"line":69,"column":2},"end":{"line":69,"column":12}},"35":{"start":{"line":71,"column":23},"end":{"line":71,"column":52}},"36":{"start":{"line":72,"column":1},"end":{"line":72,"column":56}},"37":{"start":{"line":76,"column":1},"end":{"line":76,"column":38}},"38":{"start":{"line":80,"column":8},"end":{"line":80,"column":47}},"39":{"start":{"line":82,"column":8},"end":{"line":90,"column":2}},"40":{"start":{"line":83,"column":31},"end":{"line":83,"column":47}},"41":{"start":{"line":84,"column":16},"end":{"line":84,"column":30}},"42":{"start":{"line":86,"column":2},"end":{"line":86,"column":49}},"43":{"start":{"line":87,"column":22},"end":{"line":87,"column":74}},"44":{"start":{"line":88,"column":2},"end":{"line":88,"column":34}},"45":{"start":{"line":89,"column":2},"end":{"line":89,"column":20}}},"fnMap":{"0":{"name":"clearCountryData","decl":{"start":{"line":5,"column":16},"end":{"line":5,"column":32}},"loc":{"start":{"line":5,"column":35},"end":{"line":7,"column":1}},"line":5},"1":{"name":"getCountryData","decl":{"start":{"line":9,"column":16},"end":{"line":9,"column":30}},"loc":{"start":{"line":9,"column":33},"end":{"line":11,"column":1}},"line":9},"2":{"name":"fetchCountryData","decl":{"start":{"line":13,"column":22},"end":{"line":13,"column":38}},"loc":{"start":{"line":13,"column":41},"end":{"line":57,"column":1}},"line":13},"3":{"name":"(anonymous_3)","decl":{"start":{"line":38,"column":39},"end":{"line":38,"column":40}},"loc":{"start":{"line":38,"column":52},"end":{"line":40,"column":17}},"line":38},"4":{"name":"initializeAlaSQLTable","decl":{"start":{"line":59,"column":9},"end":{"line":59,"column":30}},"loc":{"start":{"line":59,"column":33},"end":{"line":65,"column":1}},"line":59},"5":{"name":"getAvailableStats","decl":{"start":{"line":67,"column":16},"end":{"line":67,"column":33}},"loc":{"start":{"line":67,"column":36},"end":{"line":73,"column":1}},"line":67},"6":{"name":"getExampleCountry","decl":{"start":{"line":75,"column":16},"end":{"line":75,"column":33}},"loc":{"start":{"line":75,"column":36},"end":{"line":77,"column":1}},"line":75},"7":{"name":"executeQuery","decl":{"start":{"line":79,"column":16},"end":{"line":79,"column":28}},"loc":{"start":{"line":79,"column":39},"end":{"line":91,"column":1}},"line":79}},"branchMap":{"0":{"loc":{"start":{"line":14,"column":8},"end":{"line":17,"column":9}},"type":"if","locations":[{"start":{"line":14,"column":8},"end":{"line":17,"column":9}},{"start":{},"end":{}}],"line":14},"1":{"loc":{"start":{"line":22,"column":2},"end":{"line":26,"column":3}},"type":"if","locations":[{"start":{"line":22,"column":2},"end":{"line":26,"column":3}},{"start":{},"end":{}}],"line":22},"2":{"loc":{"start":{"line":23,"column":18},"end":{"line":23,"column":46}},"type":"binary-expr","locations":[{"start":{"line":23,"column":18},"end":{"line":23,"column":33}},{"start":{"line":23,"column":37},"end":{"line":23,"column":46}}],"line":23},"3":{"loc":{"start":{"line":24,"column":22},"end":{"line":24,"column":60}},"type":"binary-expr","locations":[{"start":{"line":24,"column":22},"end":{"line":24,"column":41}},{"start":{"line":24,"column":45},"end":{"line":24,"column":60}}],"line":24},"4":{"loc":{"start":{"line":30,"column":2},"end":{"line":32,"column":3}},"type":"if","locations":[{"start":{"line":30,"column":2},"end":{"line":32,"column":3}},{"start":{},"end":{}}],"line":30},"5":{"loc":{"start":{"line":30,"column":6},"end":{"line":30,"column":55}},"type":"binary-expr","locations":[{"start":{"line":30,"column":6},"end":{"line":30,"column":21}},{"start":{"line":30,"column":25},"end":{"line":30,"column":55}}],"line":30},"6":{"loc":{"start":{"line":34,"column":2},"end":{"line":36,"column":3}},"type":"if","locations":[{"start":{"line":34,"column":2},"end":{"line":36,"column":3}},{"start":{},"end":{}}],"line":34},"7":{"loc":{"start":{"line":49,"column":2},"end":{"line":55,"column":3}},"type":"if","locations":[{"start":{"line":49,"column":2},"end":{"line":55,"column":3}},{"start":{"line":51,"column":9},"end":{"line":55,"column":3}}],"line":49},"8":{"loc":{"start":{"line":49,"column":6},"end":{"line":49,"column":67}},"type":"binary-expr","locations":[{"start":{"line":49,"column":6},"end":{"line":49,"column":32}},{"start":{"line":49,"column":36},"end":{"line":49,"column":67}}],"line":49},"9":{"loc":{"start":{"line":51,"column":9},"end":{"line":55,"column":3}},"type":"if","locations":[{"start":{"line":51,"column":9},"end":{"line":55,"column":3}},{"start":{"line":53,"column":9},"end":{"line":55,"column":3}}],"line":51},"10":{"loc":{"start":{"line":68,"column":1},"end":{"line":70,"column":2}},"type":"if","locations":[{"start":{"line":68,"column":1},"end":{"line":70,"column":2}},{"start":{},"end":{}}],"line":68},"11":{"loc":{"start":{"line":72,"column":8},"end":{"line":72,"column":55}},"type":"cond-expr","locations":[{"start":{"line":72,"column":24},"end":{"line":72,"column":50}},{"start":{"line":72,"column":53},"end":{"line":72,"column":55}}],"line":72}},"s":{"0":1,"1":2,"2":1,"3":7,"4":4,"5":4,"6":3,"7":3,"8":2,"9":0,"10":0,"11":0,"12":2,"13":2,"14":0,"15":2,"16":0,"17":2,"18":6,"19":2,"20":2,"21":2,"22":2,"23":1,"24":1,"25":0,"26":1,"27":0,"28":1,"29":2,"30":2,"31":2,"32":2,"33":2,"34":1,"35":1,"36":1,"37":0,"38":2,"39":2,"40":2,"41":1,"42":1,"43":1,"44":1,"45":1},"f":{"0":2,"1":1,"2":7,"3":6,"4":2,"5":2,"6":0,"7":2},"b":{"0":[4,3],"1":[0,2],"2":[0,0],"3":[0,0],"4":[0,2],"5":[2,2],"6":[0,2],"7":[0,1],"8":[1,0],"9":[0,1],"10":[1,1],"11":[1,0]},"inputSourceMap":null,"_coverageSchema":"1a1c01bbd47fc00a2c39e90264f33305004495a9","hash":"476a752d3384ecc3496386d20e81da709735ed06"}
,"/Users/christopherhaerem/Privat/NationsNavigator/js/debug.js": {"path":"/Users/christopherhaerem/Privat/NationsNavigator/js/debug.js","statementMap":{"0":{"start":{"line":1,"column":21},"end":{"line":1,"column":25}},"1":{"start":{"line":3,"column":2},"end":{"line":5,"column":3}},"2":{"start":{"line":4,"column":4},"end":{"line":4,"column":25}},"3":{"start":{"line":9,"column":2},"end":{"line":11,"column":3}},"4":{"start":{"line":10,"column":4},"end":{"line":10,"column":24}},"5":{"start":{"line":15,"column":2},"end":{"line":17,"column":3}},"6":{"start":{"line":16,"column":4},"end":{"line":16,"column":27}}},"fnMap":{"0":{"name":"debugLog","decl":{"start":{"line":2,"column":16},"end":{"line":2,"column":24}},"loc":{"start":{"line":2,"column":34},"end":{"line":6,"column":1}},"line":2},"1":{"name":"debugTime","decl":{"start":{"line":8,"column":16},"end":{"line":8,"column":25}},"loc":{"start":{"line":8,"column":33},"end":{"line":12,"column":1}},"line":8},"2":{"name":"debugTimeEnd","decl":{"start":{"line":14,"column":16},"end":{"line":14,"column":28}},"loc":{"start":{"line":14,"column":36},"end":{"line":18,"column":1}},"line":14}},"branchMap":{"0":{"loc":{"start":{"line":3,"column":2},"end":{"line":5,"column":3}},"type":"if","locations":[{"start":{"line":3,"column":2},"end":{"line":5,"column":3}},{"start":{},"end":{}}],"line":3},"1":{"loc":{"start":{"line":9,"column":2},"end":{"line":11,"column":3}},"type":"if","locations":[{"start":{"line":9,"column":2},"end":{"line":11,"column":3}},{"start":{},"end":{}}],"line":9},"2":{"loc":{"start":{"line":15,"column":2},"end":{"line":17,"column":3}},"type":"if","locations":[{"start":{"line":15,"column":2},"end":{"line":17,"column":3}},{"start":{},"end":{}}],"line":15}},"s":{"0":1,"1":14,"2":14,"3":0,"4":0,"5":0,"6":0},"f":{"0":14,"1":0,"2":0},"b":{"0":[14,0],"1":[0,0],"2":[0,0]},"inputSourceMap":null,"_coverageSchema":"1a1c01bbd47fc00a2c39e90264f33305004495a9","hash":"cdf58fe9971312d95ca4b7cc38fb9ed90ece62e0"}
}
