{"/Users/christopherhaerem/Privat/NationsNavigator/js/CountryTools.js": {"path":"/Users/christopherhaerem/Privat/NationsNavigator/js/CountryTools.js","statementMap":{"0":{"start":{"line":7,"column":8},"end":{"line":123,"column":10}},"1":{"start":{"line":127,"column":8},"end":{"line":127,"column":68}},"2":{"start":{"line":129,"column":8},"end":{"line":145,"column":9}},"3":{"start":{"line":130,"column":12},"end":{"line":141,"column":13}},"4":{"start":{"line":132,"column":20},"end":{"line":132,"column":66}},"5":{"start":{"line":134,"column":20},"end":{"line":134,"column":68}},"6":{"start":{"line":136,"column":20},"end":{"line":136,"column":67}},"7":{"start":{"line":138,"column":20},"end":{"line":138,"column":64}},"8":{"start":{"line":140,"column":20},"end":{"line":140,"column":73}},"9":{"start":{"line":143,"column":12},"end":{"line":143,"column":73}},"10":{"start":{"line":144,"column":12},"end":{"line":144,"column":24}},"11":{"start":{"line":149,"column":25},"end":{"line":149,"column":27}},"12":{"start":{"line":151,"column":8},"end":{"line":153,"column":9}},"13":{"start":{"line":152,"column":12},"end":{"line":152,"column":59}},"14":{"start":{"line":155,"column":8},"end":{"line":157,"column":9}},"15":{"start":{"line":156,"column":12},"end":{"line":156,"column":70}},"16":{"start":{"line":159,"column":8},"end":{"line":161,"column":9}},"17":{"start":{"line":160,"column":12},"end":{"line":160,"column":70}},"18":{"start":{"line":163,"column":8},"end":{"line":165,"column":9}},"19":{"start":{"line":164,"column":12},"end":{"line":164,"column":69}},"20":{"start":{"line":167,"column":8},"end":{"line":169,"column":9}},"21":{"start":{"line":168,"column":12},"end":{"line":168,"column":77}},"22":{"start":{"line":171,"column":8},"end":{"line":173,"column":9}},"23":{"start":{"line":172,"column":12},"end":{"line":172,"column":70}},"24":{"start":{"line":175,"column":28},"end":{"line":175,"column":92}},"25":{"start":{"line":176,"column":20},"end":{"line":176,"column":105}},"26":{"start":{"line":178,"column":8},"end":{"line":178,"column":49}},"27":{"start":{"line":179,"column":24},"end":{"line":179,"column":41}},"28":{"start":{"line":181,"column":8},"end":{"line":186,"column":10}},"29":{"start":{"line":190,"column":95},"end":{"line":190,"column":101}},"30":{"start":{"line":193,"column":31},"end":{"line":195,"column":22}},"31":{"start":{"line":194,"column":12},"end":{"line":194,"column":35}},"32":{"start":{"line":197,"column":26},"end":{"line":197,"column":43}},"33":{"start":{"line":198,"column":20},"end":{"line":198,"column":94}},"34":{"start":{"line":200,"column":8},"end":{"line":200,"column":50}},"35":{"start":{"line":201,"column":24},"end":{"line":201,"column":41}},"36":{"start":{"line":203,"column":8},"end":{"line":209,"column":10}},"37":{"start":{"line":213,"column":43},"end":{"line":213,"column":49}},"38":{"start":{"line":215,"column":8},"end":{"line":217,"column":9}},"39":{"start":{"line":216,"column":12},"end":{"line":216,"column":76}},"40":{"start":{"line":219,"column":8},"end":{"line":221,"column":9}},"41":{"start":{"line":220,"column":12},"end":{"line":220,"column":74}},"42":{"start":{"line":224,"column":31},"end":{"line":226,"column":22}},"43":{"start":{"line":225,"column":12},"end":{"line":225,"column":35}},"44":{"start":{"line":228,"column":26},"end":{"line":228,"column":67}},"45":{"start":{"line":229,"column":20},"end":{"line":229,"column":94}},"46":{"start":{"line":231,"column":8},"end":{"line":231,"column":53}},"47":{"start":{"line":232,"column":24},"end":{"line":232,"column":41}},"48":{"start":{"line":235,"column":27},"end":{"line":239,"column":9}},"49":{"start":{"line":242,"column":8},"end":{"line":253,"column":11}},"50":{"start":{"line":243,"column":12},"end":{"line":252,"column":13}},"51":{"start":{"line":244,"column":31},"end":{"line":244,"column":81}},"52":{"start":{"line":244,"column":48},"end":{"line":244,"column":57}},"53":{"start":{"line":244,"column":71},"end":{"line":244,"column":80}},"54":{"start":{"line":245,"column":16},"end":{"line":251,"column":17}},"55":{"start":{"line":246,"column":20},"end":{"line":250,"column":22}},"56":{"start":{"line":249,"column":57},"end":{"line":249,"column":62}},"57":{"start":{"line":255,"column":8},"end":{"line":259,"column":10}},"58":{"start":{"line":263,"column":77},"end":{"line":263,"column":83}},"59":{"start":{"line":265,"column":18},"end":{"line":265,"column":20}},"60":{"start":{"line":266,"column":27},"end":{"line":266,"column":69}},"61":{"start":{"line":268,"column":8},"end":{"line":286,"column":9}},"62":{"start":{"line":270,"column":16},"end":{"line":270,"column":123}},"63":{"start":{"line":271,"column":16},"end":{"line":271,"column":22}},"64":{"start":{"line":273,"column":16},"end":{"line":273,"column":122}},"65":{"start":{"line":274,"column":16},"end":{"line":274,"column":22}},"66":{"start":{"line":276,"column":16},"end":{"line":276,"column":127}},"67":{"start":{"line":277,"column":16},"end":{"line":277,"column":22}},"68":{"start":{"line":279,"column":16},"end":{"line":279,"column":126}},"69":{"start":{"line":280,"column":16},"end":{"line":280,"column":22}},"70":{"start":{"line":282,"column":16},"end":{"line":282,"column":124}},"71":{"start":{"line":283,"column":16},"end":{"line":283,"column":22}},"72":{"start":{"line":285,"column":16},"end":{"line":285,"column":77}},"73":{"start":{"line":288,"column":8},"end":{"line":288,"column":53}},"74":{"start":{"line":289,"column":24},"end":{"line":289,"column":41}},"75":{"start":{"line":291,"column":8},"end":{"line":297,"column":10}},"76":{"start":{"line":303,"column":63},"end":{"line":303,"column":69}},"77":{"start":{"line":305,"column":4},"end":{"line":307,"column":5}},"78":{"start":{"line":306,"column":8},"end":{"line":306,"column":64}},"79":{"start":{"line":309,"column":4},"end":{"line":362,"column":5}},"80":{"start":{"line":311,"column":12},"end":{"line":317,"column":14}},"81":{"start":{"line":315,"column":41},"end":{"line":315,"column":85}},"82":{"start":{"line":319,"column":12},"end":{"line":330,"column":14}},"83":{"start":{"line":322,"column":41},"end":{"line":328,"column":21}},"84":{"start":{"line":332,"column":12},"end":{"line":348,"column":14}},"85":{"start":{"line":338,"column":58},"end":{"line":338,"column":73}},"86":{"start":{"line":340,"column":56},"end":{"line":345,"column":25}},"87":{"start":{"line":343,"column":62},"end":{"line":343,"column":89}},"88":{"start":{"line":350,"column":12},"end":{"line":359,"column":14}},"89":{"start":{"line":353,"column":44},"end":{"line":357,"column":21}},"90":{"start":{"line":361,"column":12},"end":{"line":361,"column":95}}},"fnMap":{"0":{"name":"(anonymous_0)","decl":{"start":{"line":6,"column":4},"end":{"line":6,"column":5}},"loc":{"start":{"line":6,"column":32},"end":{"line":124,"column":5}},"line":6},"1":{"name":"(anonymous_1)","decl":{"start":{"line":126,"column":4},"end":{"line":126,"column":5}},"loc":{"start":{"line":126,"column":59},"end":{"line":146,"column":5}},"line":126},"2":{"name":"(anonymous_2)","decl":{"start":{"line":148,"column":4},"end":{"line":148,"column":5}},"loc":{"start":{"line":148,"column":41},"end":{"line":187,"column":5}},"line":148},"3":{"name":"(anonymous_3)","decl":{"start":{"line":189,"column":4},"end":{"line":189,"column":5}},"loc":{"start":{"line":189,"column":43},"end":{"line":210,"column":5}},"line":189},"4":{"name":"(anonymous_4)","decl":{"start":{"line":193,"column":49},"end":{"line":193,"column":50}},"loc":{"start":{"line":194,"column":12},"end":{"line":194,"column":35}},"line":194},"5":{"name":"(anonymous_5)","decl":{"start":{"line":212,"column":4},"end":{"line":212,"column":5}},"loc":{"start":{"line":212,"column":42},"end":{"line":260,"column":5}},"line":212},"6":{"name":"(anonymous_6)","decl":{"start":{"line":224,"column":49},"end":{"line":224,"column":50}},"loc":{"start":{"line":225,"column":12},"end":{"line":225,"column":35}},"line":225},"7":{"name":"(anonymous_7)","decl":{"start":{"line":242,"column":24},"end":{"line":242,"column":25}},"loc":{"start":{"line":242,"column":34},"end":{"line":253,"column":9}},"line":242},"8":{"name":"(anonymous_8)","decl":{"start":{"line":244,"column":43},"end":{"line":244,"column":44}},"loc":{"start":{"line":244,"column":48},"end":{"line":244,"column":57}},"line":244},"9":{"name":"(anonymous_9)","decl":{"start":{"line":244,"column":66},"end":{"line":244,"column":67}},"loc":{"start":{"line":244,"column":71},"end":{"line":244,"column":80}},"line":244},"10":{"name":"(anonymous_10)","decl":{"start":{"line":249,"column":47},"end":{"line":249,"column":48}},"loc":{"start":{"line":249,"column":57},"end":{"line":249,"column":62}},"line":249},"11":{"name":"(anonymous_11)","decl":{"start":{"line":262,"column":4},"end":{"line":262,"column":5}},"loc":{"start":{"line":262,"column":39},"end":{"line":298,"column":5}},"line":262},"12":{"name":"formatToolResult","decl":{"start":{"line":302,"column":16},"end":{"line":302,"column":32}},"loc":{"start":{"line":302,"column":55},"end":{"line":363,"column":1}},"line":302},"13":{"name":"(anonymous_13)","decl":{"start":{"line":315,"column":36},"end":{"line":315,"column":37}},"loc":{"start":{"line":315,"column":41},"end":{"line":315,"column":85}},"line":315},"14":{"name":"(anonymous_14)","decl":{"start":{"line":322,"column":36},"end":{"line":322,"column":37}},"loc":{"start":{"line":322,"column":41},"end":{"line":328,"column":21}},"line":322},"15":{"name":"(anonymous_15)","decl":{"start":{"line":338,"column":53},"end":{"line":338,"column":54}},"loc":{"start":{"line":338,"column":58},"end":{"line":338,"column":73}},"line":338},"16":{"name":"(anonymous_16)","decl":{"start":{"line":340,"column":51},"end":{"line":340,"column":52}},"loc":{"start":{"line":340,"column":56},"end":{"line":345,"column":25}},"line":340},"17":{"name":"(anonymous_17)","decl":{"start":{"line":343,"column":57},"end":{"line":343,"column":58}},"loc":{"start":{"line":343,"column":62},"end":{"line":343,"column":89}},"line":343},"18":{"name":"(anonymous_18)","decl":{"start":{"line":353,"column":34},"end":{"line":353,"column":35}},"loc":{"start":{"line":353,"column":44},"end":{"line":357,"column":21}},"line":353}},"branchMap":{"0":{"loc":{"start":{"line":130,"column":12},"end":{"line":141,"column":13}},"type":"switch","locations":[{"start":{"line":131,"column":16},"end":{"line":132,"column":66}},{"start":{"line":133,"column":16},"end":{"line":134,"column":68}},{"start":{"line":135,"column":16},"end":{"line":136,"column":67}},{"start":{"line":137,"column":16},"end":{"line":138,"column":64}},{"start":{"line":139,"column":16},"end":{"line":140,"column":73}}],"line":130},"1":{"loc":{"start":{"line":151,"column":8},"end":{"line":153,"column":9}},"type":"if","locations":[{"start":{"line":151,"column":8},"end":{"line":153,"column":9}},{"start":{},"end":{}}],"line":151},"2":{"loc":{"start":{"line":155,"column":8},"end":{"line":157,"column":9}},"type":"if","locations":[{"start":{"line":155,"column":8},"end":{"line":157,"column":9}},{"start":{},"end":{}}],"line":155},"3":{"loc":{"start":{"line":159,"column":8},"end":{"line":161,"column":9}},"type":"if","locations":[{"start":{"line":159,"column":8},"end":{"line":161,"column":9}},{"start":{},"end":{}}],"line":159},"4":{"loc":{"start":{"line":163,"column":8},"end":{"line":165,"column":9}},"type":"if","locations":[{"start":{"line":163,"column":8},"end":{"line":165,"column":9}},{"start":{},"end":{}}],"line":163},"5":{"loc":{"start":{"line":167,"column":8},"end":{"line":169,"column":9}},"type":"if","locations":[{"start":{"line":167,"column":8},"end":{"line":169,"column":9}},{"start":{},"end":{}}],"line":167},"6":{"loc":{"start":{"line":171,"column":8},"end":{"line":173,"column":9}},"type":"if","locations":[{"start":{"line":171,"column":8},"end":{"line":173,"column":9}},{"start":{},"end":{}}],"line":171},"7":{"loc":{"start":{"line":175,"column":28},"end":{"line":175,"column":92}},"type":"cond-expr","locations":[{"start":{"line":175,"column":52},"end":{"line":175,"column":87}},{"start":{"line":175,"column":90},"end":{"line":175,"column":92}}],"line":175},"8":{"loc":{"start":{"line":190,"column":31},"end":{"line":190,"column":90}},"type":"default-arg","locations":[{"start":{"line":190,"column":40},"end":{"line":190,"column":90}}],"line":190},"9":{"loc":{"start":{"line":215,"column":8},"end":{"line":217,"column":9}},"type":"if","locations":[{"start":{"line":215,"column":8},"end":{"line":217,"column":9}},{"start":{},"end":{}}],"line":215},"10":{"loc":{"start":{"line":219,"column":8},"end":{"line":221,"column":9}},"type":"if","locations":[{"start":{"line":219,"column":8},"end":{"line":221,"column":9}},{"start":{},"end":{}}],"line":219},"11":{"loc":{"start":{"line":243,"column":12},"end":{"line":252,"column":13}},"type":"if","locations":[{"start":{"line":243,"column":12},"end":{"line":252,"column":13}},{"start":{},"end":{}}],"line":243},"12":{"loc":{"start":{"line":245,"column":16},"end":{"line":251,"column":17}},"type":"if","locations":[{"start":{"line":245,"column":16},"end":{"line":251,"column":17}},{"start":{},"end":{}}],"line":245},"13":{"loc":{"start":{"line":263,"column":32},"end":{"line":263,"column":52}},"type":"default-arg","locations":[{"start":{"line":263,"column":40},"end":{"line":263,"column":52}}],"line":263},"14":{"loc":{"start":{"line":263,"column":54},"end":{"line":263,"column":64}},"type":"default-arg","locations":[{"start":{"line":263,"column":62},"end":{"line":263,"column":64}}],"line":263},"15":{"loc":{"start":{"line":266,"column":27},"end":{"line":266,"column":69}},"type":"cond-expr","locations":[{"start":{"line":266,"column":36},"end":{"line":266,"column":64}},{"start":{"line":266,"column":67},"end":{"line":266,"column":69}}],"line":266},"16":{"loc":{"start":{"line":268,"column":8},"end":{"line":286,"column":9}},"type":"switch","locations":[{"start":{"line":269,"column":12},"end":{"line":271,"column":22}},{"start":{"line":272,"column":12},"end":{"line":274,"column":22}},{"start":{"line":275,"column":12},"end":{"line":277,"column":22}},{"start":{"line":278,"column":12},"end":{"line":280,"column":22}},{"start":{"line":281,"column":12},"end":{"line":283,"column":22}},{"start":{"line":284,"column":12},"end":{"line":285,"column":77}}],"line":268},"17":{"loc":{"start":{"line":305,"column":4},"end":{"line":307,"column":5}},"type":"if","locations":[{"start":{"line":305,"column":4},"end":{"line":307,"column":5}},{"start":{},"end":{}}],"line":305},"18":{"loc":{"start":{"line":309,"column":4},"end":{"line":362,"column":5}},"type":"switch","locations":[{"start":{"line":310,"column":8},"end":{"line":317,"column":14}},{"start":{"line":318,"column":8},"end":{"line":330,"column":14}},{"start":{"line":331,"column":8},"end":{"line":348,"column":14}},{"start":{"line":349,"column":8},"end":{"line":359,"column":14}},{"start":{"line":360,"column":8},"end":{"line":361,"column":95}}],"line":309},"19":{"loc":{"start":{"line":325,"column":30},"end":{"line":325,"column":71}},"type":"cond-expr","locations":[{"start":{"line":325,"column":41},"end":{"line":325,"column":66}},{"start":{"line":325,"column":69},"end":{"line":325,"column":71}}],"line":325},"20":{"loc":{"start":{"line":326,"column":30},"end":{"line":326,"column":100}},"type":"cond-expr","locations":[{"start":{"line":326,"column":45},"end":{"line":326,"column":95}},{"start":{"line":326,"column":98},"end":{"line":326,"column":100}}],"line":326},"21":{"loc":{"start":{"line":343,"column":69},"end":{"line":343,"column":82}},"type":"binary-expr","locations":[{"start":{"line":343,"column":69},"end":{"line":343,"column":73}},{"start":{"line":343,"column":77},"end":{"line":343,"column":82}}],"line":343},"22":{"loc":{"start":{"line":355,"column":50},"end":{"line":355,"column":112}},"type":"cond-expr","locations":[{"start":{"line":355,"column":68},"end":{"line":355,"column":107}},{"start":{"line":355,"column":110},"end":{"line":355,"column":112}}],"line":355}},"s":{"0":0,"1":0,"2":0,"3":0,"4":0,"5":0,"6":0,"7":0,"8":0,"9":0,"10":0,"11":0,"12":0,"13":0,"14":0,"15":0,"16":0,"17":0,"18":0,"19":0,"20":0,"21":0,"22":0,"23":0,"24":0,"25":0,"26":0,"27":0,"28":0,"29":0,"30":0,"31":0,"32":0,"33":0,"34":0,"35":0,"36":0,"37":0,"38":0,"39":0,"40":0,"41":0,"42":0,"43":0,"44":0,"45":0,"46":0,"47":0,"48":0,"49":0,"50":0,"51":0,"52":0,"53":0,"54":0,"55":0,"56":0,"57":0,"58":0,"59":0,"60":0,"61":0,"62":0,"63":0,"64":0,"65":0,"66":0,"67":0,"68":0,"69":0,"70":0,"71":0,"72":0,"73":0,"74":0,"75":0,"76":0,"77":0,"78":0,"79":0,"80":0,"81":0,"82":0,"83":0,"84":0,"85":0,"86":0,"87":0,"88":0,"89":0,"90":0},"f":{"0":0,"1":0,"2":0,"3":0,"4":0,"5":0,"6":0,"7":0,"8":0,"9":0,"10":0,"11":0,"12":0,"13":0,"14":0,"15":0,"16":0,"17":0,"18":0},"b":{"0":[0,0,0,0,0],"1":[0,0],"2":[0,0],"3":[0,0],"4":[0,0],"5":[0,0],"6":[0,0],"7":[0,0],"8":[0],"9":[0,0],"10":[0,0],"11":[0,0],"12":[0,0],"13":[0],"14":[0],"15":[0,0],"16":[0,0,0,0,0,0],"17":[0,0],"18":[0,0,0,0,0],"19":[0,0],"20":[0,0],"21":[0,0],"22":[0,0]},"inputSourceMap":null,"_coverageSchema":"1a1c01bbd47fc00a2c39e90264f33305004495a9","hash":"6f874b1ad623ad78f11ddd8f81f39a0d0b0e5581"}
,"/Users/christopherhaerem/Privat/NationsNavigator/js/PerformanceBenchmark.js": {"path":"/Users/christopherhaerem/Privat/NationsNavigator/js/PerformanceBenchmark.js","statementMap":{"0":{"start":{"line":11,"column":8},"end":{"line":11,"column":26}},"1":{"start":{"line":12,"column":8},"end":{"line":12,"column":49}},"2":{"start":{"line":16,"column":8},"end":{"line":89,"column":10}},"3":{"start":{"line":93,"column":8},"end":{"line":93,"column":68}},"4":{"start":{"line":95,"column":26},"end":{"line":105,"column":9}},"5":{"start":{"line":108,"column":8},"end":{"line":108,"column":69}},"6":{"start":{"line":111,"column":8},"end":{"line":111,"column":37}},"7":{"start":{"line":113,"column":8},"end":{"line":113,"column":52}},"8":{"start":{"line":114,"column":8},"end":{"line":114,"column":25}},"9":{"start":{"line":118,"column":8},"end":{"line":118,"column":51}},"10":{"start":{"line":119,"column":24},"end":{"line":119,"column":26}},"11":{"start":{"line":121,"column":8},"end":{"line":139,"column":9}},"12":{"start":{"line":122,"column":26},"end":{"line":122,"column":43}},"13":{"start":{"line":123,"column":29},"end":{"line":123,"column":72}},"14":{"start":{"line":124,"column":24},"end":{"line":124,"column":41}},"15":{"start":{"line":126,"column":27},"end":{"line":136,"column":13}},"16":{"start":{"line":138,"column":12},"end":{"line":138,"column":33}},"17":{"start":{"line":141,"column":8},"end":{"line":148,"column":10}},"18":{"start":{"line":143,"column":56},"end":{"line":143,"column":72}},"19":{"start":{"line":145,"column":16},"end":{"line":145,"column":84}},"20":{"start":{"line":152,"column":8},"end":{"line":152,"column":51}},"21":{"start":{"line":153,"column":24},"end":{"line":153,"column":26}},"22":{"start":{"line":156,"column":30},"end":{"line":156,"column":90}},"23":{"start":{"line":156,"column":59},"end":{"line":156,"column":89}},"24":{"start":{"line":158,"column":8},"end":{"line":189,"column":9}},"25":{"start":{"line":159,"column":12},"end":{"line":188,"column":13}},"26":{"start":{"line":160,"column":30},"end":{"line":160,"column":47}},"27":{"start":{"line":161,"column":28},"end":{"line":161,"column":75}},"28":{"start":{"line":162,"column":31},"end":{"line":162,"column":48}},"29":{"start":{"line":165,"column":36},"end":{"line":165,"column":53}},"30":{"start":{"line":166,"column":28},"end":{"line":166,"column":45}},"31":{"start":{"line":168,"column":31},"end":{"line":178,"column":17}},"32":{"start":{"line":180,"column":16},"end":{"line":180,"column":37}},"33":{"start":{"line":182,"column":16},"end":{"line":187,"column":19}},"34":{"start":{"line":191,"column":8},"end":{"line":197,"column":10}},"35":{"start":{"line":193,"column":45},"end":{"line":193,"column":54}},"36":{"start":{"line":194,"column":48},"end":{"line":194,"column":57}},"37":{"start":{"line":194,"column":78},"end":{"line":194,"column":103}},"38":{"start":{"line":194,"column":130},"end":{"line":194,"column":139}},"39":{"start":{"line":195,"column":50},"end":{"line":195,"column":59}},"40":{"start":{"line":195,"column":80},"end":{"line":195,"column":97}},"41":{"start":{"line":195,"column":124},"end":{"line":195,"column":133}},"42":{"start":{"line":201,"column":8},"end":{"line":201,"column":75}},"43":{"start":{"line":202,"column":24},"end":{"line":202,"column":26}},"44":{"start":{"line":204,"column":8},"end":{"line":237,"column":9}},"45":{"start":{"line":205,"column":12},"end":{"line":236,"column":13}},"46":{"start":{"line":206,"column":30},"end":{"line":206,"column":47}},"47":{"start":{"line":207,"column":33},"end":{"line":207,"column":80}},"48":{"start":{"line":208,"column":31},"end":{"line":208,"column":48}},"49":{"start":{"line":211,"column":36},"end":{"line":211,"column":62}},"50":{"start":{"line":212,"column":28},"end":{"line":212,"column":45}},"51":{"start":{"line":214,"column":31},"end":{"line":226,"column":17}},"52":{"start":{"line":228,"column":16},"end":{"line":228,"column":37}},"53":{"start":{"line":230,"column":16},"end":{"line":235,"column":19}},"54":{"start":{"line":239,"column":8},"end":{"line":246,"column":10}},"55":{"start":{"line":241,"column":45},"end":{"line":241,"column":54}},"56":{"start":{"line":242,"column":53},"end":{"line":242,"column":62}},"57":{"start":{"line":242,"column":83},"end":{"line":242,"column":113}},"58":{"start":{"line":242,"column":140},"end":{"line":242,"column":149}},"59":{"start":{"line":243,"column":51},"end":{"line":243,"column":81}},"60":{"start":{"line":243,"column":102},"end":{"line":243,"column":125}},"61":{"start":{"line":243,"column":152},"end":{"line":243,"column":182}},"62":{"start":{"line":244,"column":54},"end":{"line":244,"column":75}},"63":{"start":{"line":250,"column":8},"end":{"line":250,"column":64}},"64":{"start":{"line":251,"column":24},"end":{"line":251,"column":26}},"65":{"start":{"line":254,"column":31},"end":{"line":256,"column":9}},"66":{"start":{"line":255,"column":12},"end":{"line":255,"column":80}},"67":{"start":{"line":258,"column":8},"end":{"line":287,"column":9}},"68":{"start":{"line":259,"column":12},"end":{"line":286,"column":13}},"69":{"start":{"line":260,"column":30},"end":{"line":260,"column":47}},"70":{"start":{"line":264,"column":33},"end":{"line":264,"column":76}},"71":{"start":{"line":265,"column":28},"end":{"line":265,"column":45}},"72":{"start":{"line":267,"column":31},"end":{"line":276,"column":17}},"73":{"start":{"line":278,"column":16},"end":{"line":278,"column":37}},"74":{"start":{"line":280,"column":16},"end":{"line":285,"column":19}},"75":{"start":{"line":289,"column":8},"end":{"line":295,"column":10}},"76":{"start":{"line":291,"column":45},"end":{"line":291,"column":54}},"77":{"start":{"line":292,"column":67},"end":{"line":292,"column":93}},"78":{"start":{"line":293,"column":53},"end":{"line":293,"column":62}},"79":{"start":{"line":293,"column":83},"end":{"line":293,"column":103}},"80":{"start":{"line":293,"column":130},"end":{"line":293,"column":139}},"81":{"start":{"line":299,"column":8},"end":{"line":299,"column":70}},"82":{"start":{"line":300,"column":24},"end":{"line":300,"column":26}},"83":{"start":{"line":303,"column":24},"end":{"line":303,"column":52}},"84":{"start":{"line":305,"column":8},"end":{"line":356,"column":9}},"85":{"start":{"line":306,"column":31},"end":{"line":311,"column":13}},"86":{"start":{"line":314,"column":12},"end":{"line":331,"column":13}},"87":{"start":{"line":315,"column":30},"end":{"line":315,"column":47}},"88":{"start":{"line":316,"column":28},"end":{"line":316,"column":75}},"89":{"start":{"line":317,"column":36},"end":{"line":317,"column":53}},"90":{"start":{"line":318,"column":28},"end":{"line":318,"column":45}},"91":{"start":{"line":320,"column":16},"end":{"line":325,"column":18}},"92":{"start":{"line":327,"column":16},"end":{"line":330,"column":18}},"93":{"start":{"line":334,"column":12},"end":{"line":353,"column":13}},"94":{"start":{"line":335,"column":30},"end":{"line":335,"column":47}},"95":{"start":{"line":336,"column":33},"end":{"line":336,"column":80}},"96":{"start":{"line":337,"column":36},"end":{"line":337,"column":62}},"97":{"start":{"line":338,"column":28},"end":{"line":338,"column":45}},"98":{"start":{"line":340,"column":16},"end":{"line":347,"column":18}},"99":{"start":{"line":349,"column":16},"end":{"line":352,"column":18}},"100":{"start":{"line":355,"column":12},"end":{"line":355,"column":37}},"101":{"start":{"line":358,"column":8},"end":{"line":363,"column":10}},"102":{"start":{"line":360,"column":53},"end":{"line":360,"column":72}},"103":{"start":{"line":361,"column":53},"end":{"line":361,"column":72}},"104":{"start":{"line":367,"column":8},"end":{"line":394,"column":10}},"105":{"start":{"line":398,"column":23},"end":{"line":442,"column":1}},"106":{"start":{"line":413,"column":94},"end":{"line":413,"column":124}},"107":{"start":{"line":427,"column":51},"end":{"line":434,"column":1}},"108":{"start":{"line":431,"column":71},"end":{"line":431,"column":90}},"109":{"start":{"line":432,"column":79},"end":{"line":432,"column":98}},"110":{"start":{"line":444,"column":8},"end":{"line":444,"column":22}},"111":{"start":{"line":448,"column":8},"end":{"line":452,"column":10}},"112":{"start":{"line":458,"column":4},"end":{"line":458,"column":74}},"113":{"start":{"line":460,"column":4},"end":{"line":486,"column":5}},"114":{"start":{"line":461,"column":26},"end":{"line":461,"column":52}},"115":{"start":{"line":462,"column":32},"end":{"line":462,"column":64}},"116":{"start":{"line":465,"column":24},"end":{"line":465,"column":55}},"117":{"start":{"line":468,"column":23},"end":{"line":468,"column":73}},"118":{"start":{"line":469,"column":8},"end":{"line":469,"column":28}},"119":{"start":{"line":471,"column":8},"end":{"line":471,"column":70}},"120":{"start":{"line":473,"column":8},"end":{"line":478,"column":10}},"121":{"start":{"line":481,"column":8},"end":{"line":481,"column":57}},"122":{"start":{"line":482,"column":8},"end":{"line":485,"column":10}}},"fnMap":{"0":{"name":"(anonymous_0)","decl":{"start":{"line":10,"column":4},"end":{"line":10,"column":5}},"loc":{"start":{"line":10,"column":18},"end":{"line":13,"column":5}},"line":10},"1":{"name":"(anonymous_1)","decl":{"start":{"line":15,"column":4},"end":{"line":15,"column":5}},"loc":{"start":{"line":15,"column":21},"end":{"line":90,"column":5}},"line":15},"2":{"name":"(anonymous_2)","decl":{"start":{"line":92,"column":4},"end":{"line":92,"column":5}},"loc":{"start":{"line":92,"column":29},"end":{"line":115,"column":5}},"line":92},"3":{"name":"(anonymous_3)","decl":{"start":{"line":117,"column":4},"end":{"line":117,"column":5}},"loc":{"start":{"line":117,"column":35},"end":{"line":149,"column":5}},"line":117},"4":{"name":"(anonymous_4)","decl":{"start":{"line":143,"column":44},"end":{"line":143,"column":45}},"loc":{"start":{"line":143,"column":56},"end":{"line":143,"column":72}},"line":143},"5":{"name":"(anonymous_5)","decl":{"start":{"line":144,"column":41},"end":{"line":144,"column":42}},"loc":{"start":{"line":145,"column":16},"end":{"line":145,"column":84}},"line":145},"6":{"name":"(anonymous_6)","decl":{"start":{"line":151,"column":4},"end":{"line":151,"column":5}},"loc":{"start":{"line":151,"column":35},"end":{"line":198,"column":5}},"line":151},"7":{"name":"(anonymous_7)","decl":{"start":{"line":156,"column":54},"end":{"line":156,"column":55}},"loc":{"start":{"line":156,"column":59},"end":{"line":156,"column":89}},"line":156},"8":{"name":"(anonymous_8)","decl":{"start":{"line":193,"column":40},"end":{"line":193,"column":41}},"loc":{"start":{"line":193,"column":45},"end":{"line":193,"column":54}},"line":193},"9":{"name":"(anonymous_9)","decl":{"start":{"line":194,"column":43},"end":{"line":194,"column":44}},"loc":{"start":{"line":194,"column":48},"end":{"line":194,"column":57}},"line":194},"10":{"name":"(anonymous_10)","decl":{"start":{"line":194,"column":66},"end":{"line":194,"column":67}},"loc":{"start":{"line":194,"column":78},"end":{"line":194,"column":103}},"line":194},"11":{"name":"(anonymous_11)","decl":{"start":{"line":194,"column":125},"end":{"line":194,"column":126}},"loc":{"start":{"line":194,"column":130},"end":{"line":194,"column":139}},"line":194},"12":{"name":"(anonymous_12)","decl":{"start":{"line":195,"column":45},"end":{"line":195,"column":46}},"loc":{"start":{"line":195,"column":50},"end":{"line":195,"column":59}},"line":195},"13":{"name":"(anonymous_13)","decl":{"start":{"line":195,"column":68},"end":{"line":195,"column":69}},"loc":{"start":{"line":195,"column":80},"end":{"line":195,"column":97}},"line":195},"14":{"name":"(anonymous_14)","decl":{"start":{"line":195,"column":119},"end":{"line":195,"column":120}},"loc":{"start":{"line":195,"column":124},"end":{"line":195,"column":133}},"line":195},"15":{"name":"(anonymous_15)","decl":{"start":{"line":200,"column":4},"end":{"line":200,"column":5}},"loc":{"start":{"line":200,"column":40},"end":{"line":247,"column":5}},"line":200},"16":{"name":"(anonymous_16)","decl":{"start":{"line":241,"column":40},"end":{"line":241,"column":41}},"loc":{"start":{"line":241,"column":45},"end":{"line":241,"column":54}},"line":241},"17":{"name":"(anonymous_17)","decl":{"start":{"line":242,"column":48},"end":{"line":242,"column":49}},"loc":{"start":{"line":242,"column":53},"end":{"line":242,"column":62}},"line":242},"18":{"name":"(anonymous_18)","decl":{"start":{"line":242,"column":71},"end":{"line":242,"column":72}},"loc":{"start":{"line":242,"column":83},"end":{"line":242,"column":113}},"line":242},"19":{"name":"(anonymous_19)","decl":{"start":{"line":242,"column":135},"end":{"line":242,"column":136}},"loc":{"start":{"line":242,"column":140},"end":{"line":242,"column":149}},"line":242},"20":{"name":"(anonymous_20)","decl":{"start":{"line":243,"column":46},"end":{"line":243,"column":47}},"loc":{"start":{"line":243,"column":51},"end":{"line":243,"column":81}},"line":243},"21":{"name":"(anonymous_21)","decl":{"start":{"line":243,"column":90},"end":{"line":243,"column":91}},"loc":{"start":{"line":243,"column":102},"end":{"line":243,"column":125}},"line":243},"22":{"name":"(anonymous_22)","decl":{"start":{"line":243,"column":147},"end":{"line":243,"column":148}},"loc":{"start":{"line":243,"column":152},"end":{"line":243,"column":182}},"line":243},"23":{"name":"(anonymous_23)","decl":{"start":{"line":244,"column":49},"end":{"line":244,"column":50}},"loc":{"start":{"line":244,"column":54},"end":{"line":244,"column":75}},"line":244},"24":{"name":"(anonymous_24)","decl":{"start":{"line":249,"column":4},"end":{"line":249,"column":5}},"loc":{"start":{"line":249,"column":31},"end":{"line":296,"column":5}},"line":249},"25":{"name":"(anonymous_25)","decl":{"start":{"line":254,"column":55},"end":{"line":254,"column":56}},"loc":{"start":{"line":255,"column":12},"end":{"line":255,"column":80}},"line":255},"26":{"name":"(anonymous_26)","decl":{"start":{"line":291,"column":40},"end":{"line":291,"column":41}},"loc":{"start":{"line":291,"column":45},"end":{"line":291,"column":54}},"line":291},"27":{"name":"(anonymous_27)","decl":{"start":{"line":292,"column":62},"end":{"line":292,"column":63}},"loc":{"start":{"line":292,"column":67},"end":{"line":292,"column":93}},"line":292},"28":{"name":"(anonymous_28)","decl":{"start":{"line":293,"column":48},"end":{"line":293,"column":49}},"loc":{"start":{"line":293,"column":53},"end":{"line":293,"column":62}},"line":293},"29":{"name":"(anonymous_29)","decl":{"start":{"line":293,"column":71},"end":{"line":293,"column":72}},"loc":{"start":{"line":293,"column":83},"end":{"line":293,"column":103}},"line":293},"30":{"name":"(anonymous_30)","decl":{"start":{"line":293,"column":125},"end":{"line":293,"column":126}},"loc":{"start":{"line":293,"column":130},"end":{"line":293,"column":139}},"line":293},"31":{"name":"(anonymous_31)","decl":{"start":{"line":298,"column":4},"end":{"line":298,"column":5}},"loc":{"start":{"line":298,"column":30},"end":{"line":364,"column":5}},"line":298},"32":{"name":"(anonymous_32)","decl":{"start":{"line":360,"column":48},"end":{"line":360,"column":49}},"loc":{"start":{"line":360,"column":53},"end":{"line":360,"column":72}},"line":360},"33":{"name":"(anonymous_33)","decl":{"start":{"line":361,"column":48},"end":{"line":361,"column":49}},"loc":{"start":{"line":361,"column":53},"end":{"line":361,"column":72}},"line":361},"34":{"name":"(anonymous_34)","decl":{"start":{"line":366,"column":4},"end":{"line":366,"column":5}},"loc":{"start":{"line":366,"column":30},"end":{"line":395,"column":5}},"line":366},"35":{"name":"(anonymous_35)","decl":{"start":{"line":397,"column":4},"end":{"line":397,"column":5}},"loc":{"start":{"line":397,"column":41},"end":{"line":445,"column":5}},"line":397},"36":{"name":"(anonymous_36)","decl":{"start":{"line":413,"column":82},"end":{"line":413,"column":83}},"loc":{"start":{"line":413,"column":94},"end":{"line":413,"column":124}},"line":413},"37":{"name":"(anonymous_37)","decl":{"start":{"line":427,"column":46},"end":{"line":427,"column":47}},"loc":{"start":{"line":427,"column":51},"end":{"line":434,"column":1}},"line":427},"38":{"name":"(anonymous_38)","decl":{"start":{"line":431,"column":66},"end":{"line":431,"column":67}},"loc":{"start":{"line":431,"column":71},"end":{"line":431,"column":90}},"line":431},"39":{"name":"(anonymous_39)","decl":{"start":{"line":432,"column":74},"end":{"line":432,"column":75}},"loc":{"start":{"line":432,"column":79},"end":{"line":432,"column":98}},"line":432},"40":{"name":"(anonymous_40)","decl":{"start":{"line":447,"column":4},"end":{"line":447,"column":5}},"loc":{"start":{"line":447,"column":20},"end":{"line":453,"column":5}},"line":447},"41":{"name":"runQuickPerformanceTest","decl":{"start":{"line":457,"column":22},"end":{"line":457,"column":45}},"loc":{"start":{"line":457,"column":48},"end":{"line":487,"column":1}},"line":457}},"branchMap":{"0":{"loc":{"start":{"line":145,"column":23},"end":{"line":145,"column":83}},"type":"cond-expr","locations":[{"start":{"line":145,"column":78},"end":{"line":145,"column":79}},{"start":{"line":145,"column":82},"end":{"line":145,"column":83}}],"line":145},"1":{"loc":{"start":{"line":145,"column":23},"end":{"line":145,"column":75}},"type":"binary-expr","locations":[{"start":{"line":145,"column":23},"end":{"line":145,"column":49}},{"start":{"line":145,"column":53},"end":{"line":145,"column":75}}],"line":145},"2":{"loc":{"start":{"line":225,"column":37},"end":{"line":225,"column":73}},"type":"binary-expr","locations":[{"start":{"line":225,"column":37},"end":{"line":225,"column":68}},{"start":{"line":225,"column":72},"end":{"line":225,"column":73}}],"line":225},"3":{"loc":{"start":{"line":243,"column":51},"end":{"line":243,"column":81}},"type":"binary-expr","locations":[{"start":{"line":243,"column":51},"end":{"line":243,"column":60}},{"start":{"line":243,"column":64},"end":{"line":243,"column":81}}],"line":243},"4":{"loc":{"start":{"line":243,"column":152},"end":{"line":243,"column":182}},"type":"binary-expr","locations":[{"start":{"line":243,"column":152},"end":{"line":243,"column":161}},{"start":{"line":243,"column":165},"end":{"line":243,"column":182}}],"line":243},"5":{"loc":{"start":{"line":255,"column":12},"end":{"line":255,"column":80}},"type":"binary-expr","locations":[{"start":{"line":255,"column":12},"end":{"line":255,"column":45}},{"start":{"line":255,"column":49},"end":{"line":255,"column":80}}],"line":255},"6":{"loc":{"start":{"line":272,"column":46},"end":{"line":274,"column":53}},"type":"binary-expr","locations":[{"start":{"line":272,"column":46},"end":{"line":272,"column":78}},{"start":{"line":273,"column":24},"end":{"line":273,"column":54}},{"start":{"line":274,"column":24},"end":{"line":274,"column":53}}],"line":272},"7":{"loc":{"start":{"line":371,"column":24},"end":{"line":372,"column":95}},"type":"cond-expr","locations":[{"start":{"line":371,"column":67},"end":{"line":371,"column":78}},{"start":{"line":372,"column":24},"end":{"line":372,"column":95}}],"line":371},"8":{"loc":{"start":{"line":372,"column":24},"end":{"line":372,"column":95}},"type":"cond-expr","locations":[{"start":{"line":372,"column":67},"end":{"line":372,"column":73}},{"start":{"line":372,"column":76},"end":{"line":372,"column":95}}],"line":372},"9":{"loc":{"start":{"line":377,"column":24},"end":{"line":378,"column":94}},"type":"cond-expr","locations":[{"start":{"line":377,"column":66},"end":{"line":377,"column":77}},{"start":{"line":378,"column":24},"end":{"line":378,"column":94}}],"line":377},"10":{"loc":{"start":{"line":378,"column":24},"end":{"line":378,"column":94}},"type":"cond-expr","locations":[{"start":{"line":378,"column":66},"end":{"line":378,"column":72}},{"start":{"line":378,"column":75},"end":{"line":378,"column":94}}],"line":378},"11":{"loc":{"start":{"line":385,"column":24},"end":{"line":386,"column":100}},"type":"cond-expr","locations":[{"start":{"line":386,"column":80},"end":{"line":386,"column":91}},{"start":{"line":386,"column":94},"end":{"line":386,"column":100}}],"line":385},"12":{"loc":{"start":{"line":385,"column":24},"end":{"line":386,"column":77}},"type":"binary-expr","locations":[{"start":{"line":385,"column":24},"end":{"line":385,"column":68}},{"start":{"line":386,"column":24},"end":{"line":386,"column":77}}],"line":385},"13":{"loc":{"start":{"line":391,"column":24},"end":{"line":392,"column":49}},"type":"cond-expr","locations":[{"start":{"line":392,"column":24},"end":{"line":392,"column":34}},{"start":{"line":392,"column":37},"end":{"line":392,"column":49}}],"line":391},"14":{"loc":{"start":{"line":417,"column":105},"end":{"line":417,"column":158}},"type":"binary-expr","locations":[{"start":{"line":417,"column":105},"end":{"line":417,"column":153}},{"start":{"line":417,"column":157},"end":{"line":417,"column":158}}],"line":417},"15":{"loc":{"start":{"line":419,"column":31},"end":{"line":419,"column":90}},"type":"binary-expr","locations":[{"start":{"line":419,"column":31},"end":{"line":419,"column":85}},{"start":{"line":419,"column":89},"end":{"line":419,"column":90}}],"line":419},"16":{"loc":{"start":{"line":438,"column":2},"end":{"line":438,"column":133}},"type":"cond-expr","locations":[{"start":{"line":438,"column":59},"end":{"line":438,"column":128}},{"start":{"line":438,"column":131},"end":{"line":438,"column":133}}],"line":438},"17":{"loc":{"start":{"line":439,"column":2},"end":{"line":439,"column":116}},"type":"cond-expr","locations":[{"start":{"line":439,"column":59},"end":{"line":439,"column":111}},{"start":{"line":439,"column":114},"end":{"line":439,"column":116}}],"line":439},"18":{"loc":{"start":{"line":440,"column":2},"end":{"line":440,"column":145}},"type":"cond-expr","locations":[{"start":{"line":440,"column":65},"end":{"line":440,"column":140}},{"start":{"line":440,"column":143},"end":{"line":440,"column":145}}],"line":440},"19":{"loc":{"start":{"line":441,"column":2},"end":{"line":441,"column":135}},"type":"cond-expr","locations":[{"start":{"line":441,"column":63},"end":{"line":441,"column":130}},{"start":{"line":441,"column":133},"end":{"line":441,"column":135}}],"line":441}},"s":{"0":9,"1":9,"2":9,"3":1,"4":1,"5":1,"6":1,"7":1,"8":1,"9":2,"10":2,"11":2,"12":22,"13":22,"14":22,"15":22,"16":22,"17":2,"18":22,"19":22,"20":3,"21":3,"22":3,"23":33,"24":3,"25":15,"26":15,"27":15,"28":15,"29":15,"30":15,"31":15,"32":0,"33":15,"34":3,"35":15,"36":15,"37":0,"38":15,"39":15,"40":0,"41":15,"42":2,"43":2,"44":2,"45":22,"46":22,"47":22,"48":22,"49":22,"50":22,"51":22,"52":22,"53":0,"54":2,"55":22,"56":22,"57":22,"58":22,"59":22,"60":22,"61":22,"62":22,"63":1,"64":1,"65":1,"66":11,"67":1,"68":6,"69":6,"70":6,"71":6,"72":6,"73":6,"74":0,"75":1,"76":6,"77":6,"78":6,"79":6,"80":6,"81":1,"82":1,"83":1,"84":1,"85":5,"86":5,"87":5,"88":5,"89":5,"90":5,"91":5,"92":0,"93":5,"94":5,"95":5,"96":5,"97":5,"98":5,"99":0,"100":5,"101":1,"102":5,"103":5,"104":1,"105":1,"106":0,"107":0,"108":0,"109":0,"110":1,"111":1,"112":0,"113":0,"114":0,"115":0,"116":0,"117":0,"118":0,"119":0,"120":0,"121":0,"122":0},"f":{"0":9,"1":9,"2":1,"3":2,"4":22,"5":22,"6":3,"7":33,"8":15,"9":15,"10":0,"11":15,"12":15,"13":0,"14":15,"15":2,"16":22,"17":22,"18":22,"19":22,"20":22,"21":22,"22":22,"23":22,"24":1,"25":11,"26":6,"27":6,"28":6,"29":6,"30":6,"31":1,"32":5,"33":5,"34":1,"35":1,"36":0,"37":0,"38":0,"39":0,"40":1,"41":0},"b":{"0":[8,14],"1":[22,10],"2":[22,0],"3":[22,22],"4":[22,22],"5":[11,7],"6":[6,4,4],"7":[0,1],"8":[0,1],"9":[0,1],"10":[0,1],"11":[1,0],"12":[1,1],"13":[1,0],"14":[1,1],"15":[1,0],"16":[1,0],"17":[0,1],"18":[0,1],"19":[1,0]},"inputSourceMap":null,"_coverageSchema":"1a1c01bbd47fc00a2c39e90264f33305004495a9","hash":"326ae77e4689c0943cb2b1df2f1af0974cc5fe92"}
,"/Users/christopherhaerem/Privat/NationsNavigator/js/QueryAnalyzer.js": {"path":"/Users/christopherhaerem/Privat/NationsNavigator/js/QueryAnalyzer.js","statementMap":{"0":{"start":{"line":6,"column":25},"end":{"line":12,"column":9}},"1":{"start":{"line":15,"column":8},"end":{"line":15,"column":66}},"2":{"start":{"line":17,"column":8},"end":{"line":17,"column":46}},"3":{"start":{"line":18,"column":8},"end":{"line":18,"column":24}},"4":{"start":{"line":22,"column":27},"end":{"line":22,"column":46}},"5":{"start":{"line":25,"column":8},"end":{"line":27,"column":9}},"6":{"start":{"line":26,"column":12},"end":{"line":26,"column":32}},"7":{"start":{"line":30,"column":8},"end":{"line":32,"column":9}},"8":{"start":{"line":31,"column":12},"end":{"line":31,"column":32}},"9":{"start":{"line":35,"column":8},"end":{"line":37,"column":9}},"10":{"start":{"line":36,"column":12},"end":{"line":36,"column":30}},"11":{"start":{"line":40,"column":8},"end":{"line":42,"column":9}},"12":{"start":{"line":41,"column":12},"end":{"line":41,"column":26}},"13":{"start":{"line":45,"column":8},"end":{"line":47,"column":9}},"14":{"start":{"line":46,"column":12},"end":{"line":46,"column":30}},"15":{"start":{"line":50,"column":8},"end":{"line":52,"column":9}},"16":{"start":{"line":51,"column":12},"end":{"line":51,"column":26}},"17":{"start":{"line":55,"column":8},"end":{"line":57,"column":9}},"18":{"start":{"line":56,"column":12},"end":{"line":56,"column":28}},"19":{"start":{"line":59,"column":8},"end":{"line":59,"column":25}},"20":{"start":{"line":63,"column":25},"end":{"line":70,"column":9}},"21":{"start":{"line":72,"column":27},"end":{"line":72,"column":46}},"22":{"start":{"line":75,"column":24},"end":{"line":75,"column":109}},"23":{"start":{"line":76,"column":8},"end":{"line":80,"column":11}},"24":{"start":{"line":77,"column":12},"end":{"line":79,"column":13}},"25":{"start":{"line":78,"column":16},"end":{"line":78,"column":46}},"26":{"start":{"line":83,"column":32},"end":{"line":83,"column":121}},"27":{"start":{"line":84,"column":8},"end":{"line":88,"column":11}},"28":{"start":{"line":85,"column":12},"end":{"line":87,"column":13}},"29":{"start":{"line":86,"column":16},"end":{"line":86,"column":49}},"30":{"start":{"line":91,"column":26},"end":{"line":91,"column":103}},"31":{"start":{"line":92,"column":8},"end":{"line":96,"column":11}},"32":{"start":{"line":93,"column":12},"end":{"line":95,"column":13}},"33":{"start":{"line":94,"column":16},"end":{"line":94,"column":50}},"34":{"start":{"line":99,"column":23},"end":{"line":99,"column":85}},"35":{"start":{"line":100,"column":8},"end":{"line":104,"column":11}},"36":{"start":{"line":101,"column":12},"end":{"line":103,"column":13}},"37":{"start":{"line":102,"column":16},"end":{"line":102,"column":44}},"38":{"start":{"line":107,"column":30},"end":{"line":107,"column":49}},"39":{"start":{"line":108,"column":8},"end":{"line":110,"column":9}},"40":{"start":{"line":109,"column":12},"end":{"line":109,"column":67}},"41":{"start":{"line":109,"column":54},"end":{"line":109,"column":65}},"42":{"start":{"line":112,"column":32},"end":{"line":112,"column":115}},"43":{"start":{"line":113,"column":8},"end":{"line":117,"column":11}},"44":{"start":{"line":114,"column":12},"end":{"line":116,"column":13}},"45":{"start":{"line":115,"column":16},"end":{"line":115,"column":48}},"46":{"start":{"line":119,"column":8},"end":{"line":119,"column":24}},"47":{"start":{"line":123,"column":20},"end":{"line":123,"column":21}},"48":{"start":{"line":124,"column":27},"end":{"line":124,"column":46}},"49":{"start":{"line":127,"column":8},"end":{"line":127,"column":80}},"50":{"start":{"line":127,"column":69},"end":{"line":127,"column":80}},"51":{"start":{"line":128,"column":8},"end":{"line":128,"column":84}},"52":{"start":{"line":128,"column":73},"end":{"line":128,"column":84}},"53":{"start":{"line":129,"column":8},"end":{"line":129,"column":84}},"54":{"start":{"line":129,"column":73},"end":{"line":129,"column":84}},"55":{"start":{"line":130,"column":8},"end":{"line":130,"column":48}},"56":{"start":{"line":130,"column":37},"end":{"line":130,"column":48}},"57":{"start":{"line":131,"column":8},"end":{"line":131,"column":58}},"58":{"start":{"line":131,"column":47},"end":{"line":131,"column":58}},"59":{"start":{"line":133,"column":8},"end":{"line":133,"column":38}},"60":{"start":{"line":133,"column":24},"end":{"line":133,"column":38}},"61":{"start":{"line":134,"column":8},"end":{"line":134,"column":40}},"62":{"start":{"line":134,"column":24},"end":{"line":134,"column":40}},"63":{"start":{"line":135,"column":8},"end":{"line":135,"column":21}},"64":{"start":{"line":139,"column":28},"end":{"line":139,"column":30}},"65":{"start":{"line":142,"column":8},"end":{"line":158,"column":9}},"66":{"start":{"line":144,"column":16},"end":{"line":146,"column":17}},"67":{"start":{"line":145,"column":20},"end":{"line":145,"column":93}},"68":{"start":{"line":147,"column":16},"end":{"line":147,"column":22}},"69":{"start":{"line":149,"column":16},"end":{"line":151,"column":17}},"70":{"start":{"line":150,"column":20},"end":{"line":150,"column":102}},"71":{"start":{"line":152,"column":16},"end":{"line":152,"column":22}},"72":{"start":{"line":154,"column":16},"end":{"line":156,"column":17}},"73":{"start":{"line":155,"column":20},"end":{"line":155,"column":93}},"74":{"start":{"line":157,"column":16},"end":{"line":157,"column":22}},"75":{"start":{"line":161,"column":8},"end":{"line":163,"column":9}},"76":{"start":{"line":162,"column":12},"end":{"line":162,"column":98}},"77":{"start":{"line":165,"column":8},"end":{"line":165,"column":27}},"78":{"start":{"line":169,"column":8},"end":{"line":169,"column":64}},"79":{"start":{"line":169,"column":40},"end":{"line":169,"column":62}},"80":{"start":{"line":173,"column":27},"end":{"line":177,"column":9}},"81":{"start":{"line":180,"column":8},"end":{"line":183,"column":9}},"82":{"start":{"line":181,"column":12},"end":{"line":181,"column":78}},"83":{"start":{"line":182,"column":12},"end":{"line":182,"column":82}},"84":{"start":{"line":185,"column":8},"end":{"line":187,"column":9}},"85":{"start":{"line":186,"column":12},"end":{"line":186,"column":97}},"86":{"start":{"line":190,"column":8},"end":{"line":192,"column":9}},"87":{"start":{"line":191,"column":12},"end":{"line":191,"column":87}},"88":{"start":{"line":194,"column":8},"end":{"line":194,"column":26}},"89":{"start":{"line":199,"column":30},"end":{"line":216,"column":1}}},"fnMap":{"0":{"name":"(anonymous_0)","decl":{"start":{"line":5,"column":4},"end":{"line":5,"column":5}},"loc":{"start":{"line":5,"column":35},"end":{"line":19,"column":5}},"line":5},"1":{"name":"(anonymous_1)","decl":{"start":{"line":21,"column":4},"end":{"line":21,"column":5}},"loc":{"start":{"line":21,"column":33},"end":{"line":60,"column":5}},"line":21},"2":{"name":"(anonymous_2)","decl":{"start":{"line":62,"column":4},"end":{"line":62,"column":5}},"loc":{"start":{"line":62,"column":34},"end":{"line":120,"column":5}},"line":62},"3":{"name":"(anonymous_3)","decl":{"start":{"line":76,"column":24},"end":{"line":76,"column":25}},"loc":{"start":{"line":76,"column":34},"end":{"line":80,"column":9}},"line":76},"4":{"name":"(anonymous_4)","decl":{"start":{"line":84,"column":32},"end":{"line":84,"column":33}},"loc":{"start":{"line":84,"column":43},"end":{"line":88,"column":9}},"line":84},"5":{"name":"(anonymous_5)","decl":{"start":{"line":92,"column":26},"end":{"line":92,"column":27}},"loc":{"start":{"line":92,"column":38},"end":{"line":96,"column":9}},"line":92},"6":{"name":"(anonymous_6)","decl":{"start":{"line":100,"column":23},"end":{"line":100,"column":24}},"loc":{"start":{"line":100,"column":32},"end":{"line":104,"column":9}},"line":100},"7":{"name":"(anonymous_7)","decl":{"start":{"line":109,"column":49},"end":{"line":109,"column":50}},"loc":{"start":{"line":109,"column":54},"end":{"line":109,"column":65}},"line":109},"8":{"name":"(anonymous_8)","decl":{"start":{"line":113,"column":32},"end":{"line":113,"column":33}},"loc":{"start":{"line":113,"column":40},"end":{"line":117,"column":9}},"line":113},"9":{"name":"(anonymous_9)","decl":{"start":{"line":122,"column":4},"end":{"line":122,"column":5}},"loc":{"start":{"line":122,"column":35},"end":{"line":136,"column":5}},"line":122},"10":{"name":"(anonymous_10)","decl":{"start":{"line":138,"column":4},"end":{"line":138,"column":5}},"loc":{"start":{"line":138,"column":41},"end":{"line":166,"column":5}},"line":138},"11":{"name":"(anonymous_11)","decl":{"start":{"line":168,"column":4},"end":{"line":168,"column":5}},"loc":{"start":{"line":168,"column":42},"end":{"line":170,"column":5}},"line":168},"12":{"name":"(anonymous_12)","decl":{"start":{"line":169,"column":29},"end":{"line":169,"column":30}},"loc":{"start":{"line":169,"column":40},"end":{"line":169,"column":62}},"line":169},"13":{"name":"(anonymous_13)","decl":{"start":{"line":172,"column":4},"end":{"line":172,"column":5}},"loc":{"start":{"line":172,"column":60},"end":{"line":195,"column":5}},"line":172}},"branchMap":{"0":{"loc":{"start":{"line":25,"column":8},"end":{"line":27,"column":9}},"type":"if","locations":[{"start":{"line":25,"column":8},"end":{"line":27,"column":9}},{"start":{},"end":{}}],"line":25},"1":{"loc":{"start":{"line":30,"column":8},"end":{"line":32,"column":9}},"type":"if","locations":[{"start":{"line":30,"column":8},"end":{"line":32,"column":9}},{"start":{},"end":{}}],"line":30},"2":{"loc":{"start":{"line":35,"column":8},"end":{"line":37,"column":9}},"type":"if","locations":[{"start":{"line":35,"column":8},"end":{"line":37,"column":9}},{"start":{},"end":{}}],"line":35},"3":{"loc":{"start":{"line":40,"column":8},"end":{"line":42,"column":9}},"type":"if","locations":[{"start":{"line":40,"column":8},"end":{"line":42,"column":9}},{"start":{},"end":{}}],"line":40},"4":{"loc":{"start":{"line":45,"column":8},"end":{"line":47,"column":9}},"type":"if","locations":[{"start":{"line":45,"column":8},"end":{"line":47,"column":9}},{"start":{},"end":{}}],"line":45},"5":{"loc":{"start":{"line":50,"column":8},"end":{"line":52,"column":9}},"type":"if","locations":[{"start":{"line":50,"column":8},"end":{"line":52,"column":9}},{"start":{},"end":{}}],"line":50},"6":{"loc":{"start":{"line":55,"column":8},"end":{"line":57,"column":9}},"type":"if","locations":[{"start":{"line":55,"column":8},"end":{"line":57,"column":9}},{"start":{},"end":{}}],"line":55},"7":{"loc":{"start":{"line":77,"column":12},"end":{"line":79,"column":13}},"type":"if","locations":[{"start":{"line":77,"column":12},"end":{"line":79,"column":13}},{"start":{},"end":{}}],"line":77},"8":{"loc":{"start":{"line":85,"column":12},"end":{"line":87,"column":13}},"type":"if","locations":[{"start":{"line":85,"column":12},"end":{"line":87,"column":13}},{"start":{},"end":{}}],"line":85},"9":{"loc":{"start":{"line":93,"column":12},"end":{"line":95,"column":13}},"type":"if","locations":[{"start":{"line":93,"column":12},"end":{"line":95,"column":13}},{"start":{},"end":{}}],"line":93},"10":{"loc":{"start":{"line":101,"column":12},"end":{"line":103,"column":13}},"type":"if","locations":[{"start":{"line":101,"column":12},"end":{"line":103,"column":13}},{"start":{},"end":{}}],"line":101},"11":{"loc":{"start":{"line":108,"column":8},"end":{"line":110,"column":9}},"type":"if","locations":[{"start":{"line":108,"column":8},"end":{"line":110,"column":9}},{"start":{},"end":{}}],"line":108},"12":{"loc":{"start":{"line":114,"column":12},"end":{"line":116,"column":13}},"type":"if","locations":[{"start":{"line":114,"column":12},"end":{"line":116,"column":13}},{"start":{},"end":{}}],"line":114},"13":{"loc":{"start":{"line":127,"column":8},"end":{"line":127,"column":80}},"type":"if","locations":[{"start":{"line":127,"column":8},"end":{"line":127,"column":80}},{"start":{},"end":{}}],"line":127},"14":{"loc":{"start":{"line":127,"column":12},"end":{"line":127,"column":67}},"type":"binary-expr","locations":[{"start":{"line":127,"column":12},"end":{"line":127,"column":38}},{"start":{"line":127,"column":42},"end":{"line":127,"column":67}}],"line":127},"15":{"loc":{"start":{"line":128,"column":8},"end":{"line":128,"column":84}},"type":"if","locations":[{"start":{"line":128,"column":8},"end":{"line":128,"column":84}},{"start":{},"end":{}}],"line":128},"16":{"loc":{"start":{"line":128,"column":12},"end":{"line":128,"column":71}},"type":"binary-expr","locations":[{"start":{"line":128,"column":12},"end":{"line":128,"column":38}},{"start":{"line":128,"column":42},"end":{"line":128,"column":71}}],"line":128},"17":{"loc":{"start":{"line":129,"column":8},"end":{"line":129,"column":84}},"type":"if","locations":[{"start":{"line":129,"column":8},"end":{"line":129,"column":84}},{"start":{},"end":{}}],"line":129},"18":{"loc":{"start":{"line":129,"column":12},"end":{"line":129,"column":71}},"type":"binary-expr","locations":[{"start":{"line":129,"column":12},"end":{"line":129,"column":42}},{"start":{"line":129,"column":46},"end":{"line":129,"column":71}}],"line":129},"19":{"loc":{"start":{"line":130,"column":8},"end":{"line":130,"column":48}},"type":"if","locations":[{"start":{"line":130,"column":8},"end":{"line":130,"column":48}},{"start":{},"end":{}}],"line":130},"20":{"loc":{"start":{"line":131,"column":8},"end":{"line":131,"column":58}},"type":"if","locations":[{"start":{"line":131,"column":8},"end":{"line":131,"column":58}},{"start":{},"end":{}}],"line":131},"21":{"loc":{"start":{"line":133,"column":8},"end":{"line":133,"column":38}},"type":"if","locations":[{"start":{"line":133,"column":8},"end":{"line":133,"column":38}},{"start":{},"end":{}}],"line":133},"22":{"loc":{"start":{"line":134,"column":8},"end":{"line":134,"column":40}},"type":"if","locations":[{"start":{"line":134,"column":8},"end":{"line":134,"column":40}},{"start":{},"end":{}}],"line":134},"23":{"loc":{"start":{"line":142,"column":8},"end":{"line":158,"column":9}},"type":"switch","locations":[{"start":{"line":143,"column":12},"end":{"line":147,"column":22}},{"start":{"line":148,"column":12},"end":{"line":152,"column":22}},{"start":{"line":153,"column":12},"end":{"line":157,"column":22}}],"line":142},"24":{"loc":{"start":{"line":144,"column":16},"end":{"line":146,"column":17}},"type":"if","locations":[{"start":{"line":144,"column":16},"end":{"line":146,"column":17}},{"start":{},"end":{}}],"line":144},"25":{"loc":{"start":{"line":149,"column":16},"end":{"line":151,"column":17}},"type":"if","locations":[{"start":{"line":149,"column":16},"end":{"line":151,"column":17}},{"start":{},"end":{}}],"line":149},"26":{"loc":{"start":{"line":154,"column":16},"end":{"line":156,"column":17}},"type":"if","locations":[{"start":{"line":154,"column":16},"end":{"line":156,"column":17}},{"start":{},"end":{}}],"line":154},"27":{"loc":{"start":{"line":161,"column":8},"end":{"line":163,"column":9}},"type":"if","locations":[{"start":{"line":161,"column":8},"end":{"line":163,"column":9}},{"start":{},"end":{}}],"line":161},"28":{"loc":{"start":{"line":180,"column":8},"end":{"line":183,"column":9}},"type":"if","locations":[{"start":{"line":180,"column":8},"end":{"line":183,"column":9}},{"start":{},"end":{}}],"line":180},"29":{"loc":{"start":{"line":180,"column":12},"end":{"line":180,"column":68}},"type":"binary-expr","locations":[{"start":{"line":180,"column":12},"end":{"line":180,"column":44}},{"start":{"line":180,"column":48},"end":{"line":180,"column":68}}],"line":180},"30":{"loc":{"start":{"line":185,"column":8},"end":{"line":187,"column":9}},"type":"if","locations":[{"start":{"line":185,"column":8},"end":{"line":187,"column":9}},{"start":{},"end":{}}],"line":185},"31":{"loc":{"start":{"line":185,"column":12},"end":{"line":185,"column":67}},"type":"binary-expr","locations":[{"start":{"line":185,"column":12},"end":{"line":185,"column":44}},{"start":{"line":185,"column":48},"end":{"line":185,"column":67}}],"line":185},"32":{"loc":{"start":{"line":190,"column":8},"end":{"line":192,"column":9}},"type":"if","locations":[{"start":{"line":190,"column":8},"end":{"line":192,"column":9}},{"start":{},"end":{}}],"line":190}},"s":{"0":33,"1":33,"2":33,"3":33,"4":33,"5":33,"6":8,"7":25,"8":9,"9":16,"10":5,"11":11,"12":5,"13":6,"14":3,"15":3,"16":0,"17":3,"18":0,"19":3,"20":33,"21":33,"22":33,"23":33,"24":231,"25":14,"26":33,"27":33,"28":330,"29":9,"30":33,"31":33,"32":231,"33":11,"34":33,"35":33,"36":231,"37":3,"38":33,"39":33,"40":6,"41":6,"42":33,"43":33,"44":264,"45":6,"46":33,"47":33,"48":33,"49":33,"50":9,"51":33,"52":0,"53":33,"54":3,"55":33,"56":6,"57":33,"58":0,"59":33,"60":0,"61":33,"62":6,"63":27,"64":33,"65":33,"66":8,"67":0,"68":8,"69":9,"70":3,"71":9,"72":5,"73":0,"74":5,"75":33,"76":0,"77":33,"78":97,"79":330,"80":0,"81":0,"82":0,"83":0,"84":0,"85":0,"86":0,"87":0,"88":0,"89":4},"f":{"0":33,"1":33,"2":33,"3":231,"4":330,"5":231,"6":231,"7":6,"8":264,"9":33,"10":33,"11":97,"12":330,"13":0},"b":{"0":[8,25],"1":[9,16],"2":[5,11],"3":[5,6],"4":[3,3],"5":[0,3],"6":[0,3],"7":[14,217],"8":[9,321],"9":[11,220],"10":[3,228],"11":[6,27],"12":[6,258],"13":[9,24],"14":[33,27],"15":[0,33],"16":[33,33],"17":[3,30],"18":[33,30],"19":[6,27],"20":[0,33],"21":[0,33],"22":[6,27],"23":[8,9,5],"24":[0,8],"25":[3,6],"26":[0,5],"27":[0,33],"28":[0,0],"29":[0,0],"30":[0,0],"31":[0,0],"32":[0,0]},"inputSourceMap":null,"_coverageSchema":"1a1c01bbd47fc00a2c39e90264f33305004495a9","hash":"fe01062b73f74fe7f73a9e892d695ab89d14944e"}
,"/Users/christopherhaerem/Privat/NationsNavigator/js/data.js": {"path":"/Users/christopherhaerem/Privat/NationsNavigator/js/data.js","statementMap":{"0":{"start":{"line":3,"column":18},"end":{"line":3,"column":20}},"1":{"start":{"line":6,"column":1},"end":{"line":6,"column":18}},"2":{"start":{"line":10,"column":1},"end":{"line":10,"column":20}},"3":{"start":{"line":14,"column":8},"end":{"line":17,"column":9}},"4":{"start":{"line":15,"column":16},"end":{"line":15,"column":56}},"5":{"start":{"line":16,"column":16},"end":{"line":16,"column":23}},"6":{"start":{"line":19,"column":1},"end":{"line":56,"column":2}},"7":{"start":{"line":20,"column":19},"end":{"line":20,"column":55}},"8":{"start":{"line":22,"column":2},"end":{"line":26,"column":3}},"9":{"start":{"line":23,"column":18},"end":{"line":23,"column":46}},"10":{"start":{"line":24,"column":22},"end":{"line":24,"column":60}},"11":{"start":{"line":25,"column":3},"end":{"line":25,"column":60}},"12":{"start":{"line":28,"column":15},"end":{"line":28,"column":36}},"13":{"start":{"line":30,"column":2},"end":{"line":32,"column":3}},"14":{"start":{"line":31,"column":3},"end":{"line":31,"column":69}},"15":{"start":{"line":34,"column":2},"end":{"line":36,"column":3}},"16":{"start":{"line":35,"column":3},"end":{"line":35,"column":48}},"17":{"start":{"line":38,"column":16},"end":{"line":40,"column":19}},"18":{"start":{"line":39,"column":24},"end":{"line":39,"column":62}},"19":{"start":{"line":41,"column":16},"end":{"line":41,"column":61}},"20":{"start":{"line":42,"column":16},"end":{"line":42,"column":65}},"21":{"start":{"line":43,"column":16},"end":{"line":43,"column":69}},"22":{"start":{"line":44,"column":16},"end":{"line":44,"column":40}},"23":{"start":{"line":46,"column":2},"end":{"line":46,"column":55}},"24":{"start":{"line":49,"column":2},"end":{"line":55,"column":3}},"25":{"start":{"line":50,"column":3},"end":{"line":50,"column":105}},"26":{"start":{"line":51,"column":9},"end":{"line":55,"column":3}},"27":{"start":{"line":52,"column":3},"end":{"line":52,"column":84}},"28":{"start":{"line":54,"column":3},"end":{"line":54,"column":68}},"29":{"start":{"line":60,"column":29},"end":{"line":60,"column":55}},"30":{"start":{"line":62,"column":8},"end":{"line":62,"column":55}},"31":{"start":{"line":63,"column":8},"end":{"line":63,"column":52}},"32":{"start":{"line":64,"column":8},"end":{"line":64,"column":67}},"33":{"start":{"line":68,"column":1},"end":{"line":70,"column":2}},"34":{"start":{"line":69,"column":2},"end":{"line":69,"column":12}},"35":{"start":{"line":71,"column":23},"end":{"line":71,"column":52}},"36":{"start":{"line":72,"column":1},"end":{"line":72,"column":56}},"37":{"start":{"line":76,"column":1},"end":{"line":76,"column":38}},"38":{"start":{"line":80,"column":8},"end":{"line":80,"column":47}},"39":{"start":{"line":82,"column":8},"end":{"line":90,"column":2}},"40":{"start":{"line":83,"column":31},"end":{"line":83,"column":47}},"41":{"start":{"line":84,"column":16},"end":{"line":84,"column":30}},"42":{"start":{"line":86,"column":2},"end":{"line":86,"column":49}},"43":{"start":{"line":87,"column":22},"end":{"line":87,"column":74}},"44":{"start":{"line":88,"column":2},"end":{"line":88,"column":34}},"45":{"start":{"line":89,"column":2},"end":{"line":89,"column":20}}},"fnMap":{"0":{"name":"clearCountryData","decl":{"start":{"line":5,"column":16},"end":{"line":5,"column":32}},"loc":{"start":{"line":5,"column":35},"end":{"line":7,"column":1}},"line":5},"1":{"name":"getCountryData","decl":{"start":{"line":9,"column":16},"end":{"line":9,"column":30}},"loc":{"start":{"line":9,"column":33},"end":{"line":11,"column":1}},"line":9},"2":{"name":"fetchCountryData","decl":{"start":{"line":13,"column":22},"end":{"line":13,"column":38}},"loc":{"start":{"line":13,"column":41},"end":{"line":57,"column":1}},"line":13},"3":{"name":"(anonymous_3)","decl":{"start":{"line":38,"column":39},"end":{"line":38,"column":40}},"loc":{"start":{"line":38,"column":52},"end":{"line":40,"column":17}},"line":38},"4":{"name":"initializeAlaSQLTable","decl":{"start":{"line":59,"column":9},"end":{"line":59,"column":30}},"loc":{"start":{"line":59,"column":33},"end":{"line":65,"column":1}},"line":59},"5":{"name":"getAvailableStats","decl":{"start":{"line":67,"column":16},"end":{"line":67,"column":33}},"loc":{"start":{"line":67,"column":36},"end":{"line":73,"column":1}},"line":67},"6":{"name":"getExampleCountry","decl":{"start":{"line":75,"column":16},"end":{"line":75,"column":33}},"loc":{"start":{"line":75,"column":36},"end":{"line":77,"column":1}},"line":75},"7":{"name":"executeQuery","decl":{"start":{"line":79,"column":16},"end":{"line":79,"column":28}},"loc":{"start":{"line":79,"column":39},"end":{"line":91,"column":1}},"line":79}},"branchMap":{"0":{"loc":{"start":{"line":14,"column":8},"end":{"line":17,"column":9}},"type":"if","locations":[{"start":{"line":14,"column":8},"end":{"line":17,"column":9}},{"start":{},"end":{}}],"line":14},"1":{"loc":{"start":{"line":22,"column":2},"end":{"line":26,"column":3}},"type":"if","locations":[{"start":{"line":22,"column":2},"end":{"line":26,"column":3}},{"start":{},"end":{}}],"line":22},"2":{"loc":{"start":{"line":23,"column":18},"end":{"line":23,"column":46}},"type":"binary-expr","locations":[{"start":{"line":23,"column":18},"end":{"line":23,"column":33}},{"start":{"line":23,"column":37},"end":{"line":23,"column":46}}],"line":23},"3":{"loc":{"start":{"line":24,"column":22},"end":{"line":24,"column":60}},"type":"binary-expr","locations":[{"start":{"line":24,"column":22},"end":{"line":24,"column":41}},{"start":{"line":24,"column":45},"end":{"line":24,"column":60}}],"line":24},"4":{"loc":{"start":{"line":30,"column":2},"end":{"line":32,"column":3}},"type":"if","locations":[{"start":{"line":30,"column":2},"end":{"line":32,"column":3}},{"start":{},"end":{}}],"line":30},"5":{"loc":{"start":{"line":30,"column":6},"end":{"line":30,"column":55}},"type":"binary-expr","locations":[{"start":{"line":30,"column":6},"end":{"line":30,"column":21}},{"start":{"line":30,"column":25},"end":{"line":30,"column":55}}],"line":30},"6":{"loc":{"start":{"line":34,"column":2},"end":{"line":36,"column":3}},"type":"if","locations":[{"start":{"line":34,"column":2},"end":{"line":36,"column":3}},{"start":{},"end":{}}],"line":34},"7":{"loc":{"start":{"line":49,"column":2},"end":{"line":55,"column":3}},"type":"if","locations":[{"start":{"line":49,"column":2},"end":{"line":55,"column":3}},{"start":{"line":51,"column":9},"end":{"line":55,"column":3}}],"line":49},"8":{"loc":{"start":{"line":49,"column":6},"end":{"line":49,"column":67}},"type":"binary-expr","locations":[{"start":{"line":49,"column":6},"end":{"line":49,"column":32}},{"start":{"line":49,"column":36},"end":{"line":49,"column":67}}],"line":49},"9":{"loc":{"start":{"line":51,"column":9},"end":{"line":55,"column":3}},"type":"if","locations":[{"start":{"line":51,"column":9},"end":{"line":55,"column":3}},{"start":{"line":53,"column":9},"end":{"line":55,"column":3}}],"line":51},"10":{"loc":{"start":{"line":68,"column":1},"end":{"line":70,"column":2}},"type":"if","locations":[{"start":{"line":68,"column":1},"end":{"line":70,"column":2}},{"start":{},"end":{}}],"line":68},"11":{"loc":{"start":{"line":72,"column":8},"end":{"line":72,"column":55}},"type":"cond-expr","locations":[{"start":{"line":72,"column":24},"end":{"line":72,"column":50}},{"start":{"line":72,"column":53},"end":{"line":72,"column":55}}],"line":72}},"s":{"0":4,"1":2,"2":4,"3":8,"4":4,"5":4,"6":4,"7":4,"8":3,"9":0,"10":0,"11":0,"12":3,"13":3,"14":0,"15":3,"16":0,"17":3,"18":9,"19":3,"20":3,"21":3,"22":3,"23":1,"24":1,"25":0,"26":1,"27":0,"28":1,"29":3,"30":3,"31":3,"32":3,"33":2,"34":1,"35":1,"36":1,"37":0,"38":2,"39":2,"40":2,"41":1,"42":1,"43":1,"44":1,"45":1},"f":{"0":2,"1":4,"2":8,"3":9,"4":3,"5":2,"6":0,"7":2},"b":{"0":[4,4],"1":[0,3],"2":[0,0],"3":[0,0],"4":[0,3],"5":[3,3],"6":[0,3],"7":[0,1],"8":[1,0],"9":[0,1],"10":[1,1],"11":[1,0]},"inputSourceMap":null,"_coverageSchema":"1a1c01bbd47fc00a2c39e90264f33305004495a9","hash":"476a752d3384ecc3496386d20e81da709735ed06"}
,"/Users/christopherhaerem/Privat/NationsNavigator/js/debug.js": {"path":"/Users/christopherhaerem/Privat/NationsNavigator/js/debug.js","statementMap":{"0":{"start":{"line":1,"column":21},"end":{"line":1,"column":25}},"1":{"start":{"line":3,"column":2},"end":{"line":5,"column":3}},"2":{"start":{"line":4,"column":4},"end":{"line":4,"column":25}},"3":{"start":{"line":9,"column":2},"end":{"line":11,"column":3}},"4":{"start":{"line":10,"column":4},"end":{"line":10,"column":24}},"5":{"start":{"line":15,"column":2},"end":{"line":17,"column":3}},"6":{"start":{"line":16,"column":4},"end":{"line":16,"column":27}}},"fnMap":{"0":{"name":"debugLog","decl":{"start":{"line":2,"column":16},"end":{"line":2,"column":24}},"loc":{"start":{"line":2,"column":34},"end":{"line":6,"column":1}},"line":2},"1":{"name":"debugTime","decl":{"start":{"line":8,"column":16},"end":{"line":8,"column":25}},"loc":{"start":{"line":8,"column":33},"end":{"line":12,"column":1}},"line":8},"2":{"name":"debugTimeEnd","decl":{"start":{"line":14,"column":16},"end":{"line":14,"column":28}},"loc":{"start":{"line":14,"column":36},"end":{"line":18,"column":1}},"line":14}},"branchMap":{"0":{"loc":{"start":{"line":3,"column":2},"end":{"line":5,"column":3}},"type":"if","locations":[{"start":{"line":3,"column":2},"end":{"line":5,"column":3}},{"start":{},"end":{}}],"line":3},"1":{"loc":{"start":{"line":9,"column":2},"end":{"line":11,"column":3}},"type":"if","locations":[{"start":{"line":9,"column":2},"end":{"line":11,"column":3}},{"start":{},"end":{}}],"line":9},"2":{"loc":{"start":{"line":15,"column":2},"end":{"line":17,"column":3}},"type":"if","locations":[{"start":{"line":15,"column":2},"end":{"line":17,"column":3}},{"start":{},"end":{}}],"line":15}},"s":{"0":7,"1":119,"2":119,"3":0,"4":0,"5":0,"6":0},"f":{"0":119,"1":0,"2":0},"b":{"0":[119,0],"1":[0,0],"2":[0,0]},"inputSourceMap":null,"_coverageSchema":"1a1c01bbd47fc00a2c39e90264f33305004495a9","hash":"cdf58fe9971312d95ca4b7cc38fb9ed90ece62e0"}
,"/Users/christopherhaerem/Privat/NationsNavigator/js/llm.js": {"path":"/Users/christopherhaerem/Privat/NationsNavigator/js/llm.js","statementMap":{"0":{"start":{"line":12,"column":19},"end":{"line":12,"column":35}},"1":{"start":{"line":13,"column":27},"end":{"line":13,"column":51}},"2":{"start":{"line":17,"column":18},"end":{"line":17,"column":48}},"3":{"start":{"line":18,"column":21},"end":{"line":18,"column":44}},"4":{"start":{"line":20,"column":1},"end":{"line":24,"column":2}},"5":{"start":{"line":21,"column":2},"end":{"line":21,"column":46}},"6":{"start":{"line":22,"column":2},"end":{"line":22,"column":75}},"7":{"start":{"line":23,"column":2},"end":{"line":23,"column":9}},"8":{"start":{"line":27,"column":1},"end":{"line":30,"column":2}},"9":{"start":{"line":28,"column":2},"end":{"line":28,"column":82}},"10":{"start":{"line":29,"column":2},"end":{"line":29,"column":133}},"11":{"start":{"line":32,"column":30},"end":{"line":37,"column":2}},"12":{"start":{"line":33,"column":23},"end":{"line":35,"column":42}},"13":{"start":{"line":36,"column":2},"end":{"line":36,"column":42}},"14":{"start":{"line":39,"column":26},"end":{"line":47,"column":2}},"15":{"start":{"line":40,"column":2},"end":{"line":40,"column":48}},"16":{"start":{"line":41,"column":2},"end":{"line":44,"column":5}},"17":{"start":{"line":45,"column":2},"end":{"line":45,"column":46}},"18":{"start":{"line":46,"column":2},"end":{"line":46,"column":16}},"19":{"start":{"line":49,"column":8},"end":{"line":76,"column":9}},"20":{"start":{"line":50,"column":16},"end":{"line":50,"column":64}},"21":{"start":{"line":51,"column":16},"end":{"line":51,"column":60}},"22":{"start":{"line":52,"column":16},"end":{"line":54,"column":17}},"23":{"start":{"line":53,"column":17},"end":{"line":53,"column":121}},"24":{"start":{"line":56,"column":16},"end":{"line":56,"column":67}},"25":{"start":{"line":59,"column":39},"end":{"line":59,"column":89}},"26":{"start":{"line":60,"column":35},"end":{"line":60,"column":56}},"27":{"start":{"line":62,"column":16},"end":{"line":68,"column":17}},"28":{"start":{"line":63,"column":17},"end":{"line":63,"column":110}},"29":{"start":{"line":64,"column":23},"end":{"line":68,"column":17}},"30":{"start":{"line":65,"column":17},"end":{"line":65,"column":91}},"31":{"start":{"line":66,"column":23},"end":{"line":68,"column":17}},"32":{"start":{"line":67,"column":17},"end":{"line":67,"column":103}},"33":{"start":{"line":71,"column":33},"end":{"line":71,"column":102}},"34":{"start":{"line":71,"column":57},"end":{"line":71,"column":82}},"35":{"start":{"line":72,"column":16},"end":{"line":72,"column":50}},"36":{"start":{"line":74,"column":16},"end":{"line":74,"column":76}},"37":{"start":{"line":75,"column":16},"end":{"line":75,"column":84}},"38":{"start":{"line":81,"column":24},"end":{"line":81,"column":43}},"39":{"start":{"line":82,"column":24},"end":{"line":82,"column":43}},"40":{"start":{"line":85,"column":23},"end":{"line":85,"column":56}},"41":{"start":{"line":86,"column":1},"end":{"line":86,"column":51}},"42":{"start":{"line":89,"column":23},"end":{"line":153,"column":51}},"43":{"start":{"line":155,"column":8},"end":{"line":155,"column":54}},"44":{"start":{"line":157,"column":8},"end":{"line":191,"column":2}},"45":{"start":{"line":158,"column":16},"end":{"line":158,"column":86}},"46":{"start":{"line":159,"column":30},"end":{"line":164,"column":18}},"47":{"start":{"line":166,"column":36},"end":{"line":166,"column":75}},"48":{"start":{"line":167,"column":16},"end":{"line":167,"column":92}},"49":{"start":{"line":169,"column":29},"end":{"line":169,"column":52}},"50":{"start":{"line":172,"column":2},"end":{"line":174,"column":3}},"51":{"start":{"line":173,"column":3},"end":{"line":173,"column":74}},"52":{"start":{"line":176,"column":19},"end":{"line":176,"column":48}},"53":{"start":{"line":178,"column":2},"end":{"line":180,"column":3}},"54":{"start":{"line":179,"column":3},"end":{"line":179,"column":76}},"55":{"start":{"line":183,"column":2},"end":{"line":187,"column":4}},"56":{"start":{"line":189,"column":2},"end":{"line":189,"column":63}},"57":{"start":{"line":190,"column":2},"end":{"line":190,"column":77}},"58":{"start":{"line":198,"column":1},"end":{"line":203,"column":2}},"59":{"start":{"line":199,"column":2},"end":{"line":201,"column":4}},"60":{"start":{"line":202,"column":2},"end":{"line":202,"column":9}},"61":{"start":{"line":205,"column":1},"end":{"line":205,"column":49}},"62":{"start":{"line":208,"column":23},"end":{"line":208,"column":56}},"63":{"start":{"line":211,"column":34},"end":{"line":213,"column":36}},"64":{"start":{"line":215,"column":1},"end":{"line":218,"column":2}},"65":{"start":{"line":217,"column":2},"end":{"line":217,"column":30}},"66":{"start":{"line":220,"column":1},"end":{"line":220,"column":101}},"67":{"start":{"line":221,"column":1},"end":{"line":221,"column":51}},"68":{"start":{"line":223,"column":1},"end":{"line":315,"column":2}},"69":{"start":{"line":224,"column":16},"end":{"line":224,"column":49}},"70":{"start":{"line":226,"column":23},"end":{"line":234,"column":107}},"71":{"start":{"line":236,"column":2},"end":{"line":236,"column":44}},"72":{"start":{"line":237,"column":16},"end":{"line":246,"column":4}},"73":{"start":{"line":247,"column":18},"end":{"line":247,"column":57}},"74":{"start":{"line":249,"column":18},"end":{"line":249,"column":42}},"75":{"start":{"line":250,"column":2},"end":{"line":250,"column":48}},"76":{"start":{"line":252,"column":22},"end":{"line":252,"column":24}},"77":{"start":{"line":253,"column":27},"end":{"line":253,"column":31}},"78":{"start":{"line":256,"column":2},"end":{"line":298,"column":3}},"79":{"start":{"line":257,"column":3},"end":{"line":257,"column":46}},"80":{"start":{"line":259,"column":3},"end":{"line":283,"column":4}},"81":{"start":{"line":260,"column":38},"end":{"line":260,"column":55}},"82":{"start":{"line":262,"column":4},"end":{"line":282,"column":5}},"83":{"start":{"line":263,"column":24},"end":{"line":263,"column":40}},"84":{"start":{"line":264,"column":24},"end":{"line":264,"column":76}},"85":{"start":{"line":267,"column":29},"end":{"line":267,"column":63}},"86":{"start":{"line":268,"column":5},"end":{"line":268,"column":38}},"87":{"start":{"line":271,"column":5},"end":{"line":277,"column":6}},"88":{"start":{"line":272,"column":26},"end":{"line":272,"column":65}},"89":{"start":{"line":272,"column":56},"end":{"line":272,"column":64}},"90":{"start":{"line":273,"column":6},"end":{"line":276,"column":8}},"91":{"start":{"line":274,"column":24},"end":{"line":274,"column":55}},"92":{"start":{"line":275,"column":7},"end":{"line":275,"column":45}},"93":{"start":{"line":280,"column":5},"end":{"line":280,"column":54}},"94":{"start":{"line":281,"column":5},"end":{"line":281,"column":87}},"95":{"start":{"line":285,"column":20},"end":{"line":285,"column":60}},"96":{"start":{"line":286,"column":21},"end":{"line":286,"column":68}},"97":{"start":{"line":289,"column":3},"end":{"line":293,"column":5}},"98":{"start":{"line":297,"column":3},"end":{"line":297,"column":72}},"99":{"start":{"line":301,"column":2},"end":{"line":304,"column":3}},"100":{"start":{"line":302,"column":28},"end":{"line":302,"column":66}},"101":{"start":{"line":303,"column":3},"end":{"line":303,"column":105}},"102":{"start":{"line":306,"column":2},"end":{"line":306,"column":41}},"103":{"start":{"line":309,"column":2},"end":{"line":309,"column":61}},"104":{"start":{"line":310,"column":23},"end":{"line":310,"column":146}},"105":{"start":{"line":311,"column":2},"end":{"line":311,"column":40}},"106":{"start":{"line":314,"column":2},"end":{"line":314,"column":41}},"107":{"start":{"line":314,"column":19},"end":{"line":314,"column":33}},"108":{"start":{"line":319,"column":37},"end":{"line":319,"column":64}},"109":{"start":{"line":320,"column":46},"end":{"line":320,"column":82}},"110":{"start":{"line":323,"column":1},"end":{"line":328,"column":2}},"111":{"start":{"line":324,"column":2},"end":{"line":326,"column":4}},"112":{"start":{"line":327,"column":2},"end":{"line":327,"column":9}},"113":{"start":{"line":330,"column":22},"end":{"line":330,"column":73}},"114":{"start":{"line":332,"column":8},"end":{"line":335,"column":9}},"115":{"start":{"line":333,"column":9},"end":{"line":333,"column":102}},"116":{"start":{"line":334,"column":9},"end":{"line":334,"column":16}},"117":{"start":{"line":337,"column":8},"end":{"line":337,"column":45}},"118":{"start":{"line":340,"column":25},"end":{"line":340,"column":44}},"119":{"start":{"line":341,"column":29},"end":{"line":341,"column":53}},"120":{"start":{"line":343,"column":8},"end":{"line":348,"column":9}},"121":{"start":{"line":344,"column":9},"end":{"line":344,"column":59}},"122":{"start":{"line":345,"column":9},"end":{"line":345,"column":55}},"123":{"start":{"line":346,"column":9},"end":{"line":346,"column":61}},"124":{"start":{"line":347,"column":9},"end":{"line":347,"column":16}},"125":{"start":{"line":350,"column":8},"end":{"line":350,"column":88}},"126":{"start":{"line":351,"column":8},"end":{"line":351,"column":59}},"127":{"start":{"line":353,"column":8},"end":{"line":433,"column":2}},"128":{"start":{"line":354,"column":16},"end":{"line":354,"column":59}},"129":{"start":{"line":355,"column":39},"end":{"line":355,"column":76}},"130":{"start":{"line":356,"column":33},"end":{"line":356,"column":51}},"131":{"start":{"line":357,"column":35},"end":{"line":357,"column":75}},"132":{"start":{"line":359,"column":16},"end":{"line":359,"column":58}},"133":{"start":{"line":360,"column":36},"end":{"line":360,"column":58}},"134":{"start":{"line":361,"column":36},"end":{"line":361,"column":75}},"135":{"start":{"line":363,"column":44},"end":{"line":363,"column":92}},"136":{"start":{"line":368,"column":43},"end":{"line":379,"column":17}},"137":{"start":{"line":369,"column":41},"end":{"line":369,"column":72}},"138":{"start":{"line":371,"column":32},"end":{"line":371,"column":94}},"139":{"start":{"line":373,"column":24},"end":{"line":373,"column":89}},"140":{"start":{"line":374,"column":38},"end":{"line":374,"column":94}},"141":{"start":{"line":374,"column":67},"end":{"line":374,"column":93}},"142":{"start":{"line":375,"column":24},"end":{"line":377,"column":25}},"143":{"start":{"line":376,"column":32},"end":{"line":376,"column":95}},"144":{"start":{"line":378,"column":24},"end":{"line":378,"column":37}},"145":{"start":{"line":381,"column":41},"end":{"line":381,"column":79}},"146":{"start":{"line":384,"column":2},"end":{"line":389,"column":3}},"147":{"start":{"line":385,"column":3},"end":{"line":385,"column":47}},"148":{"start":{"line":387,"column":23},"end":{"line":387,"column":71}},"149":{"start":{"line":388,"column":3},"end":{"line":388,"column":69}},"150":{"start":{"line":391,"column":16},"end":{"line":394,"column":18}},"151":{"start":{"line":393,"column":47},"end":{"line":393,"column":72}},"152":{"start":{"line":396,"column":38},"end":{"line":402,"column":17}},"153":{"start":{"line":405,"column":16},"end":{"line":408,"column":19}},"154":{"start":{"line":410,"column":16},"end":{"line":410,"column":55}},"155":{"start":{"line":411,"column":16},"end":{"line":411,"column":55}},"156":{"start":{"line":414,"column":2},"end":{"line":414,"column":50}},"157":{"start":{"line":415,"column":21},"end":{"line":415,"column":42}},"158":{"start":{"line":416,"column":2},"end":{"line":430,"column":3}},"159":{"start":{"line":417,"column":3},"end":{"line":418,"column":105}},"160":{"start":{"line":419,"column":3},"end":{"line":419,"column":67}},"161":{"start":{"line":420,"column":9},"end":{"line":430,"column":3}},"162":{"start":{"line":421,"column":3},"end":{"line":422,"column":107}},"163":{"start":{"line":423,"column":3},"end":{"line":423,"column":54}},"164":{"start":{"line":424,"column":3},"end":{"line":424,"column":68}},"165":{"start":{"line":426,"column":3},"end":{"line":426,"column":76}},"166":{"start":{"line":427,"column":3},"end":{"line":429,"column":4}},"167":{"start":{"line":428,"column":4},"end":{"line":428,"column":51}},"168":{"start":{"line":431,"column":2},"end":{"line":431,"column":27}},"169":{"start":{"line":432,"column":2},"end":{"line":432,"column":40}},"170":{"start":{"line":443,"column":1},"end":{"line":443,"column
[...]
},"end":{"line":271,"column":40}},{"start":{},"end":{}}],"line":271},"19":{"loc":{"start":{"line":272,"column":8},"end":{"line":272,"column":40}},"type":"if","locations":[{"start":{"line":272,"column":8},"end":{"line":272,"column":40}},{"start":{},"end":{}}],"line":272},"20":{"loc":{"start":{"line":273,"column":8},"end":{"line":273,"column":40}},"type":"if","locations":[{"start":{"line":273,"column":8},"end":{"line":273,"column":40}},{"start":{},"end":{}}],"line":273},"21":{"loc":{"start":{"line":285,"column":8},"end":{"line":289,"column":9}},"type":"if","locations":[{"start":{"line":285,"column":8},"end":{"line":289,"column":9}},{"start":{},"end":{}}],"line":285},"22":{"loc":{"start":{"line":285,"column":12},"end":{"line":287,"column":67}},"type":"binary-expr","locations":[{"start":{"line":285,"column":12},"end":{"line":285,"column":68}},{"start":{"line":286,"column":12},"end":{"line":286,"column":76}},{"start":{"line":287,"column":12},"end":{"line":287,"column":67}}],"line":285},"23":{"loc":{"start":{"line":291,"column":8},"end":{"line":295,"column":9}},"type":"if","locations":[{"start":{"line":291,"column":8},"end":{"line":295,"column":9}},{"start":{},"end":{}}],"line":291},"24":{"loc":{"start":{"line":291,"column":12},"end":{"line":293,"column":62}},"type":"binary-expr","locations":[{"start":{"line":291,"column":12},"end":{"line":291,"column":63}},{"start":{"line":292,"column":12},"end":{"line":292,"column":71}},{"start":{"line":293,"column":12},"end":{"line":293,"column":62}}],"line":291},"25":{"loc":{"start":{"line":297,"column":8},"end":{"line":299,"column":9}},"type":"if","locations":[{"start":{"line":297,"column":8},"end":{"line":299,"column":9}},{"start":{},"end":{}}],"line":297},"26":{"loc":{"start":{"line":315,"column":8},"end":{"line":323,"column":9}},"type":"if","locations":[{"start":{"line":315,"column":8},"end":{"line":323,"column":9}},{"start":{},"end":{}}],"line":315},"27":{"loc":{"start":{"line":326,"column":8},"end":{"line":334,"column":9}},"type":"if","locations":[{"start":{"line":326,"column":8},"end":{"line":334,"column":9}},{"start":{},"end":{}}],"line":326},"28":{"loc":{"start":{"line":337,"column":8},"end":{"line":345,"column":9}},"type":"if","locations":[{"start":{"line":337,"column":8},"end":{"line":345,"column":9}},{"start":{},"end":{}}],"line":337},"29":{"loc":{"start":{"line":348,"column":8},"end":{"line":356,"column":9}},"type":"if","locations":[{"start":{"line":348,"column":8},"end":{"line":356,"column":9}},{"start":{},"end":{}}],"line":348},"30":{"loc":{"start":{"line":361,"column":12},"end":{"line":369,"column":13}},"type":"if","locations":[{"start":{"line":361,"column":12},"end":{"line":369,"column":13}},{"start":{},"end":{}}],"line":361},"31":{"loc":{"start":{"line":361,"column":16},"end":{"line":361,"column":79}},"type":"binary-expr","locations":[{"start":{"line":361,"column":16},"end":{"line":361,"column":24}},{"start":{"line":361,"column":28},"end":{"line":361,"column":79}}],"line":361}},"s":{"0":0,"1":0,"2":0,"3":0,"4":0,"5":0,"6":0,"7":0,"8":0,"9":0,"10":0,"11":0,"12":0,"13":0,"14":0,"15":0,"16":0,"17":0,"18":0,"19":0,"20":0,"21":0,"22":0,"23":0,"24":0,"25":0,"26":0,"27":0,"28":0,"29":0,"30":0,"31":0,"32":0,"33":0,"34":0,"35":0,"36":0,"37":0,"38":0,"39":0,"40":0,"41":0,"42":0,"43":0,"44":0,"45":0,"46":0,"47":0,"48":0,"49":0,"50":0,"51":0,"52":0,"53":0,"54":0,"55":0,"56":0,"57":0,"58":0,"59":0,"60":0,"61":0,"62":0,"63":0,"64":0,"65":0,"66":0,"67":0,"68":0,"69":0,"70":0,"71":0,"72":0,"73":0,"74":0,"75":0,"76":0,"77":0,"78":0,"79":0,"80":0,"81":0,"82":0,"83":0,"84":0,"85":0,"86":0,"87":0,"88":0,"89":0,"90":0,"91":0,"92":0,"93":0,"94":0,"95":0,"96":0,"97":0,"98":0,"99":0,"100":0,"101":0,"102":0,"103":0,"104":0,"105":0,"106":0,"107":0,"108":0,"109":0,"110":0,"111":0,"112":0,"113":0,"114":0},"f":{"0":0,"1":0,"2":0,"3":0,"4":0,"5":0,"6":0,"7":0,"8":0,"9":0,"10":0,"11":0,"12":0,"13":0,"14":0,"15":0,"16":0,"17":0,"18":0,"19":0,"20":0,"21":0,"22":0,"23":0,"24":0,"25":0},"b":{"0":[0],"1":[0,0],"2":[0,0],"3":[0,0],"4":[0,0],"5":[0,0],"6":[0,0],"7":[0,0],"8":[0,0],"9":[0,0],"10":[0,0],"11":[0,0],"12":[0,0],"13":[0,0],"14":[0,0],"15":[0,0],"16":[0,0],"17":[0,0],"18":[0,0],"19":[0,0],"20":[0,0],"21":[0,0],"22":[0,0,0],"23":[0,0],"24":[0,0,0],"25":[0,0],"26":[0,0],"27":[0,0],"28":[0,0],"29":[0,0],"30":[0,0],"31":[0,0]},"inputSourceMap":null,"_coverageSchema":"1a1c01bbd47fc00a2c39e90264f33305004495a9","hash":"43e10f86fef426c91595e053d4de858a631fa859"}
,"/Users/christopherhaerem/Privat/NationsNavigator/tests/performance/report-generator.js": {"path":"/Users/christopherhaerem/Privat/NationsNavigator/tests/performance/report-generator.js","statementMap":{"0":{"start":{"line":4,"column":8},"end":{"line":9,"column":10}},"1":{"start":{"line":19,"column":26},"end":{"line":19,"column":48}},"2":{"start":{"line":20,"column":8},"end":{"line":22,"column":9}},"3":{"start":{"line":21,"column":12},"end":{"line":21,"column":64}},"4":{"start":{"line":23,"column":8},"end":{"line":23,"column":34}},"5":{"start":{"line":32,"column":55},"end":{"line":32,"column":62}},"6":{"start":{"line":33,"column":24},"end":{"line":33,"column":54}},"7":{"start":{"line":35,"column":21},"end":{"line":35,"column":23}},"8":{"start":{"line":38,"column":8},"end":{"line":38,"column":69}},"9":{"start":{"line":39,"column":8},"end":{"line":39,"column":40}},"10":{"start":{"line":40,"column":8},"end":{"line":40,"column":63}},"11":{"start":{"line":41,"column":8},"end":{"line":41,"column":65}},"12":{"start":{"line":44,"column":8},"end":{"line":44,"column":45}},"13":{"start":{"line":45,"column":8},"end":{"line":45,"column":40}},"14":{"start":{"line":46,"column":8},"end":{"line":46,"column":82}},"15":{"start":{"line":47,"column":8},"end":{"line":47,"column":80}},"16":{"start":{"line":48,"column":8},"end":{"line":48,"column":87}},"17":{"start":{"line":49,"column":8},"end":{"line":49,"column":88}},"18":{"start":{"line":52,"column":8},"end":{"line":52,"column":47}},"19":{"start":{"line":53,"column":8},"end":{"line":53,"column":40}},"20":{"start":{"line":54,"column":8},"end":{"line":54,"column":168}},"21":{"start":{"line":55,"column":8},"end":{"line":55,"column":168}},"22":{"start":{"line":56,"column":8},"end":{"line":56,"column":158}},"23":{"start":{"line":59,"column":8},"end":{"line":59,"column":39}},"24":{"start":{"line":60,"column":8},"end":{"line":60,"column":40}},"25":{"start":{"line":61,"column":8},"end":{"line":61,"column":97}},"26":{"start":{"line":62,"column":8},"end":{"line":62,"column":40}},"27":{"start":{"line":64,"column":8},"end":{"line":76,"column":9}},"28":{"start":{"line":65,"column":12},"end":{"line":75,"column":13}},"29":{"start":{"line":66,"column":35},"end":{"line":66,"column":114}},"30":{"start":{"line":67,"column":31},"end":{"line":67,"column":77}},"31":{"start":{"line":68,"column":33},"end":{"line":68,"column":87}},"32":{"start":{"line":69,"column":29},"end":{"line":69,"column":55}},"33":{"start":{"line":71,"column":16},"end":{"line":71,"column":103}},"34":{"start":{"line":73,"column":35},"end":{"line":73,"column":114}},"35":{"start":{"line":74,"column":16},"end":{"line":74,"column":100}},"36":{"start":{"line":79,"column":8},"end":{"line":87,"column":9}},"37":{"start":{"line":80,"column":12},"end":{"line":80,"column":55}},"38":{"start":{"line":81,"column":12},"end":{"line":81,"column":44}},"39":{"start":{"line":83,"column":12},"end":{"line":86,"column":13}},"40":{"start":{"line":84,"column":37},"end":{"line":84,"column":102}},"41":{"start":{"line":84,"column":86},"end":{"line":84,"column":101}},"42":{"start":{"line":85,"column":16},"end":{"line":85,"column":137}},"43":{"start":{"line":90,"column":8},"end":{"line":98,"column":9}},"44":{"start":{"line":91,"column":12},"end":{"line":91,"column":47}},"45":{"start":{"line":92,"column":12},"end":{"line":92,"column":44}},"46":{"start":{"line":94,"column":12},"end":{"line":97,"column":15}},"47":{"start":{"line":95,"column":33},"end":{"line":95,"column":105}},"48":{"start":{"line":96,"column":16},"end":{"line":96,"column":96}},"49":{"start":{"line":100,"column":8},"end":{"line":100,"column":47}},"50":{"start":{"line":101,"column":8},"end":{"line":101,"column":22}},"51":{"start":{"line":110,"column":55},"end":{"line":110,"column":62}},"52":{"start":{"line":112,"column":21},"end":{"line":112,"column":23}},"53":{"start":{"line":115,"column":8},"end":{"line":115,"column":63}},"54":{"start":{"line":116,"column":8},"end":{"line":116,"column":67}},"55":{"start":{"line":117,"column":8},"end":{"line":117,"column":67}},"56":{"start":{"line":118,"column":8},"end":{"line":118,"column":75}},"57":{"start":{"line":121,"column":8},"end":{"line":121,"column":48}},"58":{"start":{"line":122,"column":8},"end":{"line":122,"column":96}},"59":{"start":{"line":123,"column":8},"end":{"line":123,"column":49}},"60":{"start":{"line":124,"column":8},"end":{"line":124,"column":49}},"61":{"start":{"line":125,"column":8},"end":{"line":125,"column":112}},"62":{"start":{"line":126,"column":8},"end":{"line":126,"column":96}},"63":{"start":{"line":127,"column":8},"end":{"line":127,"column":93}},"64":{"start":{"line":130,"column":8},"end":{"line":130,"column":52}},"65":{"start":{"line":131,"column":8},"end":{"line":131,"column":55}},"66":{"start":{"line":132,"column":8},"end":{"line":132,"column":55}},"67":{"start":{"line":133,"column":8},"end":{"line":133,"column":173}},"68":{"start":{"line":134,"column":8},"end":{"line":134,"column":173}},"69":{"start":{"line":135,"column":8},"end":{"line":135,"column":163}},"70":{"start":{"line":138,"column":8},"end":{"line":138,"column":47}},"71":{"start":{"line":139,"column":8},"end":{"line":139,"column":75}},"72":{"start":{"line":140,"column":8},"end":{"line":140,"column":74}},"73":{"start":{"line":142,"column":8},"end":{"line":150,"column":9}},"74":{"start":{"line":143,"column":12},"end":{"line":149,"column":13}},"75":{"start":{"line":144,"column":31},"end":{"line":144,"column":77}},"76":{"start":{"line":145,"column":33},"end":{"line":145,"column":87}},"77":{"start":{"line":146,"column":16},"end":{"line":146,"column":129}},"78":{"start":{"line":148,"column":16},"end":{"line":148,"column":94}},"79":{"start":{"line":153,"column":8},"end":{"line":163,"column":9}},"80":{"start":{"line":154,"column":12},"end":{"line":154,"column":52}},"81":{"start":{"line":156,"column":12},"end":{"line":162,"column":15}},"82":{"start":{"line":157,"column":33},"end":{"line":157,"column":121}},"83":{"start":{"line":158,"column":16},"end":{"line":158,"column":65}},"84":{"start":{"line":159,"column":16},"end":{"line":159,"column":56}},"85":{"start":{"line":160,"column":16},"end":{"line":160,"column":54}},"86":{"start":{"line":161,"column":16},"end":{"line":161,"column":74}},"87":{"start":{"line":165,"column":8},"end":{"line":165,"column":22}},"88":{"start":{"line":174,"column":8},"end":{"line":174,"column":48}},"89":{"start":{"line":183,"column":55},"end":{"line":183,"column":62}},"90":{"start":{"line":185,"column":8},"end":{"line":282,"column":9}},"91":{"start":{"line":259,"column":55},"end":{"line":267,"column":9}},"92":{"start":{"line":272,"column":42},"end":{"line":279,"column":5}},"93":{"start":{"line":295,"column":21},"end":{"line":297,"column":10}},"94":{"start":{"line":299,"column":20},"end":{"line":299,"column":45}},"95":{"start":{"line":300,"column":18},"end":{"line":300,"column":45}},"96":{"start":{"line":301,"column":8},"end":{"line":301,"column":21}},"97":{"start":{"line":302,"column":8},"end":{"line":302,"column":30}},"98":{"start":{"line":303,"column":8},"end":{"line":303,"column":37}},"99":{"start":{"line":304,"column":8},"end":{"line":304,"column":18}},"100":{"start":{"line":305,"column":8},"end":{"line":305,"column":37}},"101":{"start":{"line":306,"column":8},"end":{"line":306,"column":33}},"102":{"start":{"line":308,"column":8},"end":{"line":308,"column":24}},"103":{"start":{"line":317,"column":26},"end":{"line":322,"column":9}},"104":{"start":{"line":323,"column":8},"end":{"line":323,"column":49}}},"fnMap":{"0":{"name":"(anonymous_0)","decl":{"start":{"line":3,"column":4},"end":{"line":3,"column":5}},"loc":{"start":{"line":3,"column":18},"end":{"line":10,"column":5}},"line":3},"1":{"name":"(anonymous_1)","decl":{"start":{"line":18,"column":4},"end":{"line":18,"column":5}},"loc":{"start":{"line":18,"column":48},"end":{"line":24,"column":5}},"line":18},"2":{"name":"(anonymous_2)","decl":{"start":{"line":31,"column":4},"end":{"line":31,"column":5}},"loc":{"start":{"line":31,"column":35},"end":{"line":102,"column":5}},"line":31},"3":{"name":"(anonymous_3)","decl":{"start":{"line":84,"column":81},"end":{"line":84,"column":82}},"loc":{"start":{"line":84,"column":86},"end":{"line":84,"column":101}},"line":84},"4":{"name":"(anonymous_4)","decl":{"start":{"line":94,"column":36},"end":{"line":94,"column":37}},"loc":{"start":{"line":94,"column":52},"end":{"line":97,"column":13}},"line":94},"5":{"name":"(anonymous_5)","decl":{"start":{"line":109,"column":4},"end":{"line":109,"column":5}},"loc":{"start":{"line":109,"column":36},"end":{"line":166,"column":5}},"line":109},"6":{"name":"(anonymous_6)","decl":{"start":{"line":156,"column":36},"end":{"line":156,"column":37}},"loc":{"start":{"line":156,"column":52},"end":{"line":162,"column":13}},"line":156},"7":{"name":"(anonymous_7)","decl":{"start":{"line":173,"column":4},"end":{"line":173,"column":5}},"loc":{"start":{"line":173,"column":32},"end":{"line":175,"column":5}},"line":173},"8":{"name":"(anonymous_8)","decl":{"start":{"line":182,"column":4},"end":{"line":182,"column":5}},"loc":{"start":{"line":182,"column":32},"end":{"line":283,"column":5}},"line":182},"9":{"name":"(anonymous_9)","decl":{"start":{"line":259,"column":45},"end":{"line":259,"column":46}},"loc":{"start":{"line":259,"column":55},"end":{"line":267,"column":9}},"line":259},"10":{"name":"(anonymous_10)","decl":{"start":{"line":272,"column":26},"end":{"line":272,"column":27}},"loc":{"start":{"line":272,"column":42},"end":{"line":279,"column":5}},"line":272},"11":{"name":"(anonymous_11)","decl":{"start":{"line":292,"column":4},"end":{"line":292,"column":5}},"loc":{"start":{"line":292,"column":42},"end":{"line":309,"column":5}},"line":292},"12":{"name":"(anonymous_12)","decl":{"start":{"line":316,"column":4},"end":{"line":316,"column":5}},"loc":{"start":{"line":316,"column":24},"end":{"line":324,"column":5}},"line":316}},"branchMap":{"0":{"loc":{"start":{"line":18,"column":28},"end":{"line":18,"column":46}},"type":"default-arg","locations":[{"start":{"line":18,"column":37},"end":{"line":18,"column":46}}],"line":18},"1":{"loc":{"start":{"line":20,"column":8},"end":{"line":22,"column":9}},"type":"if","locations":[{"start":{"line":20,"column":8},"end":{"line":22,"column":9}},{"start":{},"end":{}}],"line":20},"2":{"loc":{"start":{"line":65,"column":12},"end":{"line":75,"column":13}},"type":"if","locations":[{"start":{"line":65,"column":12},"end":{"line":75,"column":13}},{"start":{"line":72,"column":19},"end":{"line":75,"column":13}}],"line":65},"3":{"loc":{"start":{"line":66,"column":35},"end":{"line":66,"column":114}},"type":"cond-expr","locations":[{"start":{"line":66,"column":62},"end":{"line":66,"column":99}},{"start":{"line":66,"column":102},"end":{"line":66,"column":114}}],"line":66},"4":{"loc":{"start":{"line":67,"column":31},"end":{"line":67,"column":77}},"type":"cond-expr","locations":[{"start":{"line":67,"column":58},"end":{"line":67,"column":66}},{"start":{"line":67,"column":69},"end":{"line":67,"column":77}}],"line":67},"5":{"loc":{"start":{"line":73,"column":35},"end":{"line":73,"column":114}},"type":"cond-expr","locations":[{"start":{"line":73,"column":62},"end":{"line":73,"column":99}},{"start":{"line":73,"column":102},"end":{"line":73,"column":114}}],"line":73},"6":{"loc":{"start":{"line":79,"column":8},"end":{"line":87,"column":9}},"type":"if","locations":[{"start":{"line":79,"column":8},"end":{"line":87,"column":9}},{"start":{},"end":{}}],"line":79},"7":{"loc":{"start":{"line":90,"column":8},"end":{"line":98,"column":9}},"type":"if","locations":[{"start":{"line":90,"column":8},"end":{"line":98,"column":9}},{"start":{},"end":{}}],"line":90},"8":{"loc":{"start":{"line":95,"column":33},"end":{"line":95,"column":105}},"type":"cond-expr","locations":[{"start":{"line":95,"column":59},"end":{"line":95,"column":63}},{"start":{"line":95,"column":66},"end":{"line":95,"column":105}}],"line":95},"9":{"loc":{"start":{"line":95,"column":66},"end":{"line":95,"column":105}},"type":"cond-expr","locations":[{"start":{"line":95,"column":94},"end":{"line":95,"column":98}},{"start":{"line":95,"column":101},"end":{"line":95,"column":105}}],"line":95},"10":{"loc":{"start":{"line":143,"column":12},"end":{"line":149,"column":13}},"type":"if","locations":[{"start":{"line":143,"column":12},"end":{"line":149,"column":13}},{"start":{"line":147,"column":19},"end":{"line":149,"column":13}}],"line":143},"11":{"loc":{"start":{"line":144,"column":31},"end":{"line":144,"column":77}},"type":"cond-expr","locations":[{"start":{"line":144,"column":58},"end":{"line":144,"column":66}},{"start":{"line":144,"column":69},"end":{"line":144,"column":77}}],"line":144},"12":{"loc":{"start":{"line":153,"column":8},"end":{"line":163,"column":9}},"type":"if","locations":[{"start":{"line":153,"column":8},"end":{"line":163,"column":9}},{"start":{},"end":{}}],"line":153},"13":{"loc":{"start":{"line":157,"column":33},"end":{"line":157,"column":121}},"type":"cond-expr","locations":[{"start":{"line":157,"column":59},"end":{"line":157,"column":68}},{"start":{"line":157,"column":71},"end":{"line":157,"column":121}}],"line":157},"14":{"loc":{"start":{"line":157,"column":71},"end":{"line":157,"column":121}},"type":"cond-expr","locations":[{"start":{"line":157,"column":99},"end":{"line":157,"column":110}},{"start":{"line":157,"column":113},"end":{"line":157,"column":121}}],"line":157},"15":{"loc":{"start":{"line":264,"column":18},"end":{"line":264,"column":108}},"type":"cond-expr","locations":[{"start":{"line":264,"column":46},"end":{"line":264,"column":100}},{"start":{"line":264,"column":103},"end":{"line":264,"column":108}}],"line":264},"16":{"loc":{"start":{"line":265,"column":18},"end":{"line":265,"column":80}},"type":"cond-expr","locations":[{"start":{"line":265,"column":46},"end":{"line":265,"column":72}},{"start":{"line":265,"column":75},"end":{"line":265,"column":80}}],"line":265},"17":{"loc":{"start":{"line":270,"column":6},"end":{"line":280,"column":10}},"type":"cond-expr","locations":[{"start":{"line":270,"column":35},"end":{"line":280,"column":5}},{"start":{"line":280,"column":8},"end":{"line":280,"column":10}}],"line":270},"18":{"loc":{"start":{"line":323,"column":15},"end":{"line":323,"column":48}},"type":"binary-expr","locations":[{"start":{"line":323,"column":15},"end":{"line":323,"column":32}},{"start":{"line":323,"column":36},"end":{"line":323,"column":48}}],"line":323}},"s":{"0":0,"1":0,"2":0,"3":0,"4":0,"5":0,"6":0,"7":0,"8":0,"9":0,"10":0,"11":0,"12":0,"13":0,"14":0,"15":0,"16":0,"17":0,"18":0,"19":0,"20":0,"21":0,"22":0,"23":0,"24":0,"25":0,"26":0,"27":0,"28":0,"29":0,"30":0,"31":0,"32":0,"33":0,"34":0,"35":0,"36":0,"37":0,"38":0,"39":0,"40":0,"41":0,"42":0,"43":0,"44":0,"45":0,"46":0,"47":0,"48":0,"49":0,"50":0,"51":0,"52":0,"53":0,"54":0,"55":0,"56":0,"57":0,"58":0,"59":0,"60":0,"61":0,"62":0,"63":0,"64":0,"65":0,"66":0,"67":0,"68":0,"69":0,"70":0,"71":0,"72":0,"73":0,"74":0,"75":0,"76":0,"77":0,"78":0,"79":0,"80":0,"81":0,"82":0,"83":0,"84":0,"85":0,"86":0,"87":0,"88":0,"89":0,"90":0,"91":0,"92":0,"93":0,"94":0,"95":0,"96":0,"97":0,"98":0,"99":0,"100":0,"101":0,"102":0,"103":0,"104":0},"f":{"0":0,"1":0,"2":0,"3":0,"4":0,"5":0,"6":0,"7":0,"8":0,"9":0,"10":0,"11":0,"12":0},"b":{"0":[0],"1":[0,0],"2":[0,0],"3":[0,0],"4":[0,0],"5":[0,0],"6":[0,0],"7":[0,0],"8":[0,0],"9":[0,0],"10":[0,0],"11":[0,0],"12":[0,0],"13":[0,0],"14":[0,0],"15":[0,0],"16":[0,0],"17":[0,0],"18":[0,0]},"inputSourceMap":null,"_coverageSchema":"1a1c01bbd47fc00a2c39e90264f33305004495a9","hash":"0ec814e856ad5457a9182d8bb9f9ab6b5c9ff49c"}
}
