TN:
SF:js/data.js
FN:5,clearCountryData
FN:9,getCountryData
FN:13,fetchCountryData
FN:38,(anonymous_3)
FN:59,initializeAlaSQLTable
FN:67,getAvailableStats
FN:75,getExampleCountry
FN:79,executeQuery
FNF:8
FNH:7
FNDA:2,clearCountryData
FNDA:1,getCountryData
FNDA:7,fetchCountryData
FNDA:6,(anonymous_3)
FNDA:2,initializeAlaSQLTable
FNDA:2,getAvailableStats
FNDA:0,getExampleCountry
FNDA:2,executeQuery
DA:3,1
DA:6,2
DA:10,1
DA:14,7
DA:15,4
DA:16,4
DA:19,3
DA:20,3
DA:22,2
DA:23,0
DA:24,0
DA:25,0
DA:28,2
DA:30,2
DA:31,0
DA:34,2
DA:35,0
DA:38,2
DA:39,6
DA:41,2
DA:42,2
DA:43,2
DA:44,2
DA:46,1
DA:49,1
DA:50,0
DA:51,1
DA:52,0
DA:54,1
DA:60,2
DA:62,2
DA:63,2
DA:64,2
DA:68,2
DA:69,1
DA:71,1
DA:72,1
DA:76,0
DA:80,2
DA:82,2
DA:83,2
DA:84,1
DA:86,1
DA:87,1
DA:88,1
DA:89,1
LF:46
LH:38
BRDA:14,0,0,4
BRDA:14,0,1,3
BRDA:22,1,0,0
BRDA:22,1,1,2
BRDA:23,2,0,0
BRDA:23,2,1,0
BRDA:24,3,0,0
BRDA:24,3,1,0
BRDA:30,4,0,0
BRDA:30,4,1,2
BRDA:30,5,0,2
BRDA:30,5,1,2
BRDA:34,6,0,0
BRDA:34,6,1,2
BRDA:49,7,0,0
BRDA:49,7,1,1
BRDA:49,8,0,1
BRDA:49,8,1,0
BRDA:51,9,0,0
BRDA:51,9,1,1
BRDA:68,10,0,1
BRDA:68,10,1,1
BRDA:72,11,0,1
BRDA:72,11,1,0
BRF:24
BRH:13
end_of_record
TN:
SF:js/debug.js
FN:2,debugLog
FN:8,debugTime
FN:14,debugTimeEnd
FNF:3
FNH:1
FNDA:14,debugLog
FNDA:0,debugTime
FNDA:0,debugTimeEnd
DA:1,1
DA:3,14
DA:4,14
DA:9,0
DA:10,0
DA:15,0
DA:16,0
LF:7
LH:3
BRDA:3,0,0,14
BRDA:3,0,1,0
BRDA:9,1,0,0
BRDA:9,1,1,0
BRDA:15,2,0,0
BRDA:15,2,1,0
BRF:6
BRH:1
end_of_record
