TN:
SF:js/CountryTools.js
FN:6,(anonymous_0)
FN:126,(anonymous_1)
FN:148,(anonymous_2)
FN:189,(anonymous_3)
FN:193,(anonymous_4)
FN:212,(anonymous_5)
FN:224,(anonymous_6)
FN:242,(anonymous_7)
FN:244,(anonymous_8)
FN:244,(anonymous_9)
FN:249,(anonymous_10)
FN:262,(anonymous_11)
FN:302,formatToolResult
FN:315,(anonymous_13)
FN:322,(anonymous_14)
FN:338,(anonymous_15)
FN:340,(anonymous_16)
FN:343,(anonymous_17)
FN:353,(anonymous_18)
FNF:19
FNH:0
FNDA:0,(anonymous_0)
FNDA:0,(anonymous_1)
FNDA:0,(anonymous_2)
FNDA:0,(anonymous_3)
FNDA:0,(anonymous_4)
FNDA:0,(anonymous_5)
FNDA:0,(anonymous_6)
FNDA:0,(anonymous_7)
FNDA:0,(anonymous_8)
FNDA:0,(anonymous_9)
FNDA:0,(anonymous_10)
FNDA:0,(anonymous_11)
FNDA:0,formatToolResult
FNDA:0,(anonymous_13)
FNDA:0,(anonymous_14)
FNDA:0,(anonymous_15)
FNDA:0,(anonymous_16)
FNDA:0,(anonymous_17)
FNDA:0,(anonymous_18)
DA:7,0
DA:127,0
DA:129,0
DA:130,0
DA:132,0
DA:134,0
DA:136,0
DA:138,0
DA:140,0
DA:143,0
DA:144,0
DA:149,0
DA:151,0
DA:152,0
DA:155,0
DA:156,0
DA:159,0
DA:160,0
DA:163,0
DA:164,0
DA:167,0
DA:168,0
DA:171,0
DA:172,0
DA:175,0
DA:176,0
DA:178,0
DA:179,0
DA:181,0
DA:190,0
DA:193,0
DA:194,0
DA:197,0
DA:198,0
DA:200,0
DA:201,0
DA:203,0
DA:213,0
DA:215,0
DA:216,0
DA:219,0
DA:220,0
DA:224,0
DA:225,0
DA:228,0
DA:229,0
DA:231,0
DA:232,0
DA:235,0
DA:242,0
DA:243,0
DA:244,0
DA:245,0
DA:246,0
DA:249,0
DA:255,0
DA:263,0
DA:265,0
DA:266,0
DA:268,0
DA:270,0
DA:271,0
DA:273,0
DA:274,0
DA:276,0
DA:277,0
DA:279,0
DA:280,0
DA:282,0
DA:283,0
DA:285,0
DA:288,0
DA:289,0
DA:291,0
DA:303,0
DA:305,0
DA:306,0
DA:309,0
DA:311,0
DA:315,0
DA:319,0
DA:322,0
DA:332,0
DA:338,0
DA:340,0
DA:343,0
DA:350,0
DA:353,0
DA:361,0
LF:89
LH:0
BRDA:130,0,0,0
BRDA:130,0,1,0
BRDA:130,0,2,0
BRDA:130,0,3,0
BRDA:130,0,4,0
BRDA:151,1,0,0
BRDA:151,1,1,0
BRDA:155,2,0,0
BRDA:155,2,1,0
BRDA:159,3,0,0
BRDA:159,3,1,0
BRDA:163,4,0,0
BRDA:163,4,1,0
BRDA:167,5,0,0
BRDA:167,5,1,0
BRDA:171,6,0,0
BRDA:171,6,1,0
BRDA:175,7,0,0
BRDA:175,7,1,0
BRDA:190,8,0,0
BRDA:215,9,0,0
BRDA:215,9,1,0
BRDA:219,10,0,0
BRDA:219,10,1,0
BRDA:243,11,0,0
BRDA:243,11,1,0
BRDA:245,12,0,0
BRDA:245,12,1,0
BRDA:263,13,0,0
BRDA:263,14,0,0
BRDA:266,15,0,0
BRDA:266,15,1,0
BRDA:268,16,0,0
BRDA:268,16,1,0
BRDA:268,16,2,0
BRDA:268,16,3,0
BRDA:268,16,4,0
BRDA:268,16,5,0
BRDA:305,17,0,0
BRDA:305,17,1,0
BRDA:309,18,0,0
BRDA:309,18,1,0
BRDA:309,18,2,0
BRDA:309,18,3,0
BRDA:309,18,4,0
BRDA:325,19,0,0
BRDA:325,19,1,0
BRDA:326,20,0,0
BRDA:326,20,1,0
BRDA:343,21,0,0
BRDA:343,21,1,0
BRDA:355,22,0,0
BRDA:355,22,1,0
BRF:53
BRH:0
end_of_record
TN:
SF:js/PerformanceBenchmark.js
FN:10,(anonymous_0)
FN:15,(anonymous_1)
FN:92,(anonymous_2)
FN:117,(anonymous_3)
FN:143,(anonymous_4)
FN:144,(anonymous_5)
FN:151,(anonymous_6)
FN:156,(anonymous_7)
FN:193,(anonymous_8)
FN:194,(anonymous_9)
FN:194,(anonymous_10)
FN:194,(anonymous_11)
FN:195,(anonymous_12)
FN:195,(anonymous_13)
FN:195,(anonymous_14)
FN:200,(anonymous_15)
FN:241,(anonymous_16)
FN:242,(anonymous_17)
FN:242,(anonymous_18)
FN:242,(anonymous_19)
FN:243,(anonymous_20)
FN:243,(anonymous_21)
FN:243,(anonymous_22)
FN:244,(anonymous_23)
FN:249,(anonymous_24)
FN:254,(anonymous_25)
FN:291,(anonymous_26)
FN:292,(anonymous_27)
FN:293,(anonymous_28)
FN:293,(anonymous_29)
FN:293,(anonymous_30)
FN:298,(anonymous_31)
FN:360,(anonymous_32)
FN:361,(anonymous_33)
FN:366,(anonymous_34)
FN:397,(anonymous_35)
FN:413,(anonymous_36)
FN:427,(anonymous_37)
FN:431,(anonymous_38)
FN:432,(anonymous_39)
FN:447,(anonymous_40)
FN:457,runQuickPerformanceTest
FNF:42
FNH:35
FNDA:9,(anonymous_0)
FNDA:9,(anonymous_1)
FNDA:1,(anonymous_2)
FNDA:2,(anonymous_3)
FNDA:22,(anonymous_4)
FNDA:22,(anonymous_5)
FNDA:3,(anonymous_6)
FNDA:33,(anonymous_7)
FNDA:15,(anonymous_8)
FNDA:15,(anonymous_9)
FNDA:0,(anonymous_10)
FNDA:15,(anonymous_11)
FNDA:15,(anonymous_12)
FNDA:0,(anonymous_13)
FNDA:15,(anonymous_14)
FNDA:2,(anonymous_15)
FNDA:22,(anonymous_16)
FNDA:22,(anonymous_17)
FNDA:22,(anonymous_18)
FNDA:22,(anonymous_19)
FNDA:22,(anonymous_20)
FNDA:22,(anonymous_21)
FNDA:22,(anonymous_22)
FNDA:22,(anonymous_23)
FNDA:1,(anonymous_24)
FNDA:11,(anonymous_25)
FNDA:6,(anonymous_26)
FNDA:6,(anonymous_27)
FNDA:6,(anonymous_28)
FNDA:6,(anonymous_29)
FNDA:6,(anonymous_30)
FNDA:1,(anonymous_31)
FNDA:5,(anonymous_32)
FNDA:5,(anonymous_33)
FNDA:1,(anonymous_34)
FNDA:1,(anonymous_35)
FNDA:0,(anonymous_36)
FNDA:0,(anonymous_37)
FNDA:0,(anonymous_38)
FNDA:0,(anonymous_39)
FNDA:1,(anonymous_40)
FNDA:0,runQuickPerformanceTest
DA:11,9
DA:12,9
DA:16,9
DA:93,1
DA:95,1
DA:108,1
DA:111,1
DA:113,1
DA:114,1
DA:118,2
DA:119,2
DA:121,2
DA:122,22
DA:123,22
DA:124,22
DA:126,22
DA:138,22
DA:141,2
DA:143,22
DA:145,22
DA:152,3
DA:153,3
DA:156,33
DA:158,3
DA:159,15
DA:160,15
DA:161,15
DA:162,15
DA:165,15
DA:166,15
DA:168,15
DA:180,0
DA:182,15
DA:191,3
DA:193,15
DA:194,15
DA:195,15
DA:201,2
DA:202,2
DA:204,2
DA:205,22
DA:206,22
DA:207,22
DA:208,22
DA:211,22
DA:212,22
DA:214,22
DA:228,22
DA:230,0
DA:239,2
DA:241,22
DA:242,22
DA:243,22
DA:244,22
DA:250,1
DA:251,1
DA:254,1
DA:255,11
DA:258,1
DA:259,6
DA:260,6
DA:264,6
DA:265,6
DA:267,6
DA:278,6
DA:280,0
DA:289,1
DA:291,6
DA:292,6
DA:293,6
DA:299,1
DA:300,1
DA:303,1
DA:305,1
DA:306,5
DA:314,5
DA:315,5
DA:316,5
DA:317,5
DA:318,5
DA:320,5
DA:327,0
DA:334,5
DA:335,5
DA:336,5
DA:337,5
DA:338,5
DA:340,5
DA:349,0
DA:355,5
DA:358,1
DA:360,5
DA:361,5
DA:367,1
DA:398,1
DA:413,0
DA:427,0
DA:431,0
DA:432,0
DA:444,1
DA:448,1
DA:458,0
DA:460,0
DA:461,0
DA:462,0
DA:465,0
DA:468,0
DA:469,0
DA:471,0
DA:473,0
DA:481,0
DA:482,0
LF:112
LH:92
BRDA:145,0,0,8
BRDA:145,0,1,14
BRDA:145,1,0,22
BRDA:145,1,1,10
BRDA:225,2,0,22
BRDA:225,2,1,0
BRDA:243,3,0,22
BRDA:243,3,1,22
BRDA:243,4,0,22
BRDA:243,4,1,22
BRDA:255,5,0,11
BRDA:255,5,1,7
BRDA:272,6,0,6
BRDA:272,6,1,4
BRDA:272,6,2,4
BRDA:371,7,0,0
BRDA:371,7,1,1
BRDA:372,8,0,0
BRDA:372,8,1,1
BRDA:377,9,0,0
BRDA:377,9,1,1
BRDA:378,10,0,0
BRDA:378,10,1,1
BRDA:385,11,0,1
BRDA:385,11,1,0
BRDA:385,12,0,1
BRDA:385,12,1,1
BRDA:391,13,0,1
BRDA:391,13,1,0
BRDA:417,14,0,1
BRDA:417,14,1,1
BRDA:419,15,0,1
BRDA:419,15,1,0
BRDA:438,16,0,1
BRDA:438,16,1,0
BRDA:439,17,0,0
BRDA:439,17,1,1
BRDA:440,18,0,0
BRDA:440,18,1,1
BRDA:441,19,0,1
BRDA:441,19,1,0
BRF:41
BRH:29
end_of_record
TN:
SF:js/QueryAnalyzer.js
FN:5,(anonymous_0)
FN:21,(anonymous_1)
FN:62,(anonymous_2)
FN:76,(anonymous_3)
FN:84,(anonymous_4)
FN:92,(anonymous_5)
FN:100,(anonymous_6)
FN:109,(anonymous_7)
FN:113,(anonymous_8)
FN:122,(anonymous_9)
FN:138,(anonymous_10)
FN:168,(anonymous_11)
FN:169,(anonymous_12)
FN:172,(anonymous_13)
FNF:14
FNH:13
FNDA:33,(anonymous_0)
FNDA:33,(anonymous_1)
FNDA:33,(anonymous_2)
FNDA:231,(anonymous_3)
FNDA:330,(anonymous_4)
FNDA:231,(anonymous_5)
FNDA:231,(anonymous_6)
FNDA:6,(anonymous_7)
FNDA:264,(anonymous_8)
FNDA:33,(anonymous_9)
FNDA:33,(anonymous_10)
FNDA:97,(anonymous_11)
FNDA:330,(anonymous_12)
FNDA:0,(anonymous_13)
DA:6,33
DA:15,33
DA:17,33
DA:18,33
DA:22,33
DA:25,33
DA:26,8
DA:30,25
DA:31,9
DA:35,16
DA:36,5
DA:40,11
DA:41,5
DA:45,6
DA:46,3
DA:50,3
DA:51,0
DA:55,3
DA:56,0
DA:59,3
DA:63,33
DA:72,33
DA:75,33
DA:76,33
DA:77,231
DA:78,14
DA:83,33
DA:84,33
DA:85,330
DA:86,9
DA:91,33
DA:92,33
DA:93,231
DA:94,11
DA:99,33
DA:100,33
DA:101,231
DA:102,3
DA:107,33
DA:108,33
DA:109,6
DA:112,33
DA:113,33
DA:114,264
DA:115,6
DA:119,33
DA:123,33
DA:124,33
DA:127,33
DA:128,33
DA:129,33
DA:130,33
DA:131,33
DA:133,33
DA:134,33
DA:135,27
DA:139,33
DA:142,33
DA:144,8
DA:145,0
DA:147,8
DA:149,9
DA:150,3
DA:152,9
DA:154,5
DA:155,0
DA:157,5
DA:161,33
DA:162,0
DA:165,33
DA:169,330
DA:173,0
DA:180,0
DA:181,0
DA:182,0
DA:185,0
DA:186,0
DA:190,0
DA:191,0
DA:194,0
DA:199,4
LF:81
LH:67
BRDA:25,0,0,8
BRDA:25,0,1,25
BRDA:30,1,0,9
BRDA:30,1,1,16
BRDA:35,2,0,5
BRDA:35,2,1,11
BRDA:40,3,0,5
BRDA:40,3,1,6
BRDA:45,4,0,3
BRDA:45,4,1,3
BRDA:50,5,0,0
BRDA:50,5,1,3
BRDA:55,6,0,0
BRDA:55,6,1,3
BRDA:77,7,0,14
BRDA:77,7,1,217
BRDA:85,8,0,9
BRDA:85,8,1,321
BRDA:93,9,0,11
BRDA:93,9,1,220
BRDA:101,10,0,3
BRDA:101,10,1,228
BRDA:108,11,0,6
BRDA:108,11,1,27
BRDA:114,12,0,6
BRDA:114,12,1,258
BRDA:127,13,0,9
BRDA:127,13,1,24
BRDA:127,14,0,33
BRDA:127,14,1,27
BRDA:128,15,0,0
BRDA:128,15,1,33
BRDA:128,16,0,33
BRDA:128,16,1,33
BRDA:129,17,0,3
BRDA:129,17,1,30
BRDA:129,18,0,33
BRDA:129,18,1,30
BRDA:130,19,0,6
BRDA:130,19,1,27
BRDA:131,20,0,0
BRDA:131,20,1,33
BRDA:133,21,0,0
BRDA:133,21,1,33
BRDA:134,22,0,6
BRDA:134,22,1,27
BRDA:142,23,0,8
BRDA:142,23,1,9
BRDA:142,23,2,5
BRDA:144,24,0,0
BRDA:144,24,1,8
BRDA:149,25,0,3
BRDA:149,25,1,6
BRDA:154,26,0,0
BRDA:154,26,1,5
BRDA:161,27,0,0
BRDA:161,27,1,33
BRDA:180,28,0,0
BRDA:180,28,1,0
BRDA:180,29,0,0
BRDA:180,29,1,0
BRDA:185,30,0,0
BRDA:185,30,1,0
BRDA:185,31,0,0
BRDA:185,31,1,0
BRDA:190,32,0,0
BRDA:190,32,1,0
BRF:67
BRH:49
end_of_record
TN:
SF:js/data.js
FN:5,clearCountryData
FN:9,getCountryData
FN:13,fetchCountryData
FN:38,(anonymous_3)
FN:59,initializeAlaSQLTable
FN:67,getAvailableStats
FN:75,getExampleCountry
FN:79,executeQuery
FNF:8
FNH:7
FNDA:2,clearCountryData
FNDA:4,getCountryData
FNDA:8,fetchCountryData
FNDA:9,(anonymous_3)
FNDA:3,initializeAlaSQLTable
FNDA:2,getAvailableStats
FNDA:0,getExampleCountry
FNDA:2,executeQuery
DA:3,4
DA:6,2
DA:10,4
DA:14,8
DA:15,4
DA:16,4
DA:19,4
DA:20,4
DA:22,3
DA:23,0
DA:24,0
DA:25,0
DA:28,3
DA:30,3
DA:31,0
DA:34,3
DA:35,0
DA:38,3
DA:39,9
DA:41,3
DA:42,3
DA:43,3
DA:44,3
DA:46,1
DA:49,1
DA:50,0
DA:51,1
DA:52,0
DA:54,1
DA:60,3
DA:62,3
DA:63,3
DA:64,3
DA:68,2
DA:69,1
DA:71,1
DA:72,1
DA:76,0
DA:80,2
DA:82,2
DA:83,2
DA:84,1
DA:86,1
DA:87,1
DA:88,1
DA:89,1
LF:46
LH:38
BRDA:14,0,0,4
BRDA:14,0,1,4
BRDA:22,1,0,0
BRDA:22,1,1,3
BRDA:23,2,0,0
BRDA:23,2,1,0
BRDA:24,3,0,0
BRDA:24,3,1,0
BRDA:30,4,0,0
BRDA:30,4,1,3
BRDA:30,5,0,3
BRDA:30,5,1,3
BRDA:34,6,0,0
BRDA:34,6,1,3
BRDA:49,7,0,0
BRDA:49,7,1,1
BRDA:49,8,0,1
BRDA:49,8,1,0
BRDA:51,9,0,0
BRDA:51,9,1,1
BRDA:68,10,0,1
BRDA:68,10,1,1
BRDA:72,11,0,1
BRDA:72,11,1,0
BRF:24
BRH:13
end_of_record
TN:
SF:js/debug.js
FN:2,debugLog
FN:8,debugTime
FN:14,debugTimeEnd
FNF:3
FNH:1
FNDA:119,debugLog
FNDA:0,debugTime
FNDA:0,debugTimeEnd
DA:1,7
DA:3,119
DA:4,119
DA:9,0
DA:10,0
DA:15,0
DA:16,0
LF:7
LH:3
BRDA:3,0,0,119
BRDA:3,0,1,0
BRDA:9,1,0,0
BRDA:9,1,1,0
BRDA:15,2,0,0
BRDA:15,2,1,0
BRF:6
BRH:1
end_of_record
TN:
SF:js/llm.js
FN:15,initWebLLM
FN:32,(anonymous_1)
FN:39,(anonymous_2)
FN:71,(anonymous_3)
FN:80,generateEnhancedSQLQuery
FN:197,processQueryWithTools
FN:272,(anonymous_6)
FN:273,(anonymous_7)
FN:314,(anonymous_8)
FN:322,processQuery
FN:368,(anonymous_10)
FN:374,(anonymous_11)
FN:393,(anonymous_12)
FN:436,createResultMessage
FN:443,(anonymous_14)
FN:451,(anonymous_15)
FN:507,clearAllModelCache
FN:519,deleteModelCache
FN:563,getModelConfigs
FN:567,checkModelCacheStatus
FN:576,(anonymous_20)
FN:599,getCurrentActiveModel
FN:603,setCurrentActiveModel
FN:608,detectHardwareCapabilities
FN:613,getModelRecommendation
FN:619,debugBrowserStorage
FN:631,(anonymous_26)
FN:637,(anonymous_27)
FN:652,(anonymous_28)
FN:657,(anonymous_29)
FN:684,(anonymous_30)
FN:705,setEngineForTests
FNF:32
FNH:7
FNDA:0,initWebLLM
FNDA:0,(anonymous_1)
FNDA:0,(anonymous_2)
FNDA:0,(anonymous_3)
FNDA:5,generateEnhancedSQLQuery
FNDA:0,processQueryWithTools
FNDA:0,(anonymous_6)
FNDA:0,(anonymous_7)
FNDA:0,(anonymous_8)
FNDA:2,processQuery
FNDA:0,(anonymous_10)
FNDA:0,(anonymous_11)
FNDA:0,(anonymous_12)
FNDA:0,createResultMessage
FNDA:0,(anonymous_14)
FNDA:0,(anonymous_15)
FNDA:1,clearAllModelCache
FNDA:0,deleteModelCache
FNDA:1,getModelConfigs
FNDA:14,checkModelCacheStatus
FNDA:20,(anonymous_20)
FNDA:0,getCurrentActiveModel
FNDA:0,setCurrentActiveModel
FNDA:0,detectHardwareCapabilities
FNDA:0,getModelRecommendation
FNDA:0,debugBrowserStorage
FNDA:0,(anonymous_26)
FNDA:0,(anonymous_27)
FNDA:0,(anonymous_28)
FNDA:0,(anonymous_29)
FNDA:0,(anonymous_30)
FNDA:6,setEngineForTests
DA:12,3
DA:13,3
DA:17,0
DA:18,0
DA:20,0
DA:21,0
DA:22,0
DA:23,0
DA:27,0
DA:28,0
DA:29,0
DA:32,0
DA:33,0
DA:36,0
DA:39,0
DA:40,0
DA:41,0
DA:45,0
DA:46,0
DA:49,0
DA:50,0
DA:51,0
DA:52,0
DA:53,0
DA:56,0
DA:59,0
DA:60,0
DA:62,0
DA:63,0
DA:64,0
DA:65,0
DA:66,0
DA:67,0
DA:71,0
DA:72,0
DA:74,0
DA:75,0
DA:81,5
DA:82,5
DA:85,5
DA:86,5
DA:89,5
DA:155,5
DA:157,5
DA:158,5
DA:159,5
DA:166,4
DA:167,4
DA:169,4
DA:172,2
DA:173,0
DA:176,2
DA:178,2
DA:179,0
DA:183,2
DA:189,3
DA:190,3
DA:198,0
DA:199,0
DA:202,0
DA:205,0
DA:208,0
DA:211,0
DA:215,0
DA:217,0
DA:220,0
DA:221,0
DA:223,0
DA:224,0
DA:226,0
DA:236,0
DA:237,0
DA:247,0
DA:249,0
DA:250,0
DA:252,0
DA:253,0
DA:256,0
DA:257,0
DA:259,0
DA:260,0
DA:262,0
DA:263,0
DA:264,0
DA:267,0
DA:268,0
DA:271,0
DA:272,0
DA:273,0
DA:274,0
DA:275,0
DA:280,0
DA:281,0
DA:285,0
DA:286,0
DA:289,0
DA:297,0
DA:301,0
DA:302,0
DA:303,0
DA:306,0
DA:309,0
DA:310,0
DA:311,0
DA:314,0
DA:319,3
DA:320,3
DA:323,2
DA:324,0
DA:327,0
DA:330,2
DA:332,2
DA:333,0
DA:334,0
DA:337,2
DA:340,2
DA:341,2
DA:343,2
DA:344,0
DA:345,0
DA:346,0
DA:347,0
DA:350,2
DA:351,2
DA:353,2
DA:354,2
DA:355,2
DA:356,0
DA:357,0
DA:359,0
DA:360,0
DA:361,0
DA:363,0
DA:368,0
DA:369,0
DA:371,0
DA:373,0
DA:374,0
DA:375,0
DA:376,0
DA:378,0
DA:381,0
DA:384,0
DA:385,0
DA:387,0
DA:388,0
DA:391,0
DA:393,0
DA:396,0
DA:405,0
DA:410,0
DA:411,0
DA:414,2
DA:415,2
DA:416,2
DA:417,0
DA:419,0
DA:420,2
DA:421,0
DA:423,0
DA:424,0
DA:426,2
DA:427,2
DA:428,0
DA:431,2
DA:432,2
DA:443,0
DA:445,0
DA:446,0
DA:447,0
DA:448,0
DA:450,0
DA:451,0
DA:452,0
DA:454,0
DA:458,0
DA:460,0
DA:461,0
DA:467,0
DA:470,0
DA:473,0
DA:504,0
DA:508,1
DA:509,4
DA:510,4
DA:511,4
DA:513,0
DA:516,1
DA:520,0
DA:521,0
DA:524,0
DA:525,0
DA:528,0
DA:529,0
DA:531,0
DA:532,0
DA:533,0
DA:534,0
DA:537,0
DA:538,0
DA:539,0
DA:541,0
DA:542,0
DA:546,0
DA:547,0
DA:550,0
DA:555,0
DA:556,0
DA:558,0
DA:559,0
DA:564,1
DA:568,14
DA:570,14
DA:571,14
DA:572,14
DA:573,12
DA:576,11
DA:577,20
DA:578,20
DA:582,11
DA:584,3
DA:588,3
DA:590,0
DA:591,0
DA:597,3
DA:600,0
DA:604,0
DA:609,0
DA:614,0
DA:620,0
DA:623,0
DA:626,0
DA:627,0
DA:629,0
DA:630,0
DA:631,0
DA:634,0
DA:635,0
DA:636,0
DA:637,0
DA:638,0
DA:639,0
DA:640,0
DA:643,0
DA:647,0
DA:648,0
DA:649,0
DA:650,0
DA:651,0
DA:652,0
DA:653,0
DA:654,0
DA:655,0
DA:657,0
DA:658,0
DA:661,0
DA:666,0
DA:671,0
DA:672,0
DA:673,0
DA:674,0
DA:677,0
DA:678,0
DA:679,0
DA:680,0
DA:681,0
DA:684,0
DA:685,0
DA:688,0
DA:689,0
DA:692,0
DA:696,0
DA:700,0
DA:706,6
LF:274
LH:61
BRDA:17,0,0,0
BRDA:17,0,1,0
BRDA:20,1,0,0
BRDA:20,1,1,0
BRDA:27,2,0,0
BRDA:27,2,1,0
BRDA:52,3,0,0
BRDA:52,3,1,0
BRDA:62,4,0,0
BRDA:62,4,1,0
BRDA:62,5,0,0
BRDA:62,5,1,0
BRDA:62,5,2,0
BRDA:64,6,0,0
BRDA:64,6,1,0
BRDA:64,7,0,0
BRDA:64,7,1,0
BRDA:66,8,0,0
BRDA:66,8,1,0
BRDA:95,9,0,0
BRDA:95,9,1,5
BRDA:172,10,0,0
BRDA:172,10,1,2
BRDA:172,11,0,2
BRDA:172,11,1,2
BRDA:178,12,0,0
BRDA:178,12,1,2
BRDA:198,13,0,0
BRDA:198,13,1,0
BRDA:211,14,0,0
BRDA:211,14,1,0
BRDA:211,14,2,0
BRDA:215,15,0,0
BRDA:215,15,1,0
BRDA:256,16,0,0
BRDA:256,16,1,0
BRDA:256,17,0,0
BRDA:256,17,1,0
BRDA:271,18,0,0
BRDA:271,18,1,0
BRDA:271,19,0,0
BRDA:271,19,1,0
BRDA:301,20,0,0
BRDA:301,20,1,0
BRDA:323,21,0,0
BRDA:323,21,1,2
BRDA:332,22,0,0
BRDA:332,22,1,2
BRDA:343,23,0,0
BRDA:343,23,1,2
BRDA:371,24,0,0
BRDA:371,24,1,0
BRDA:375,25,0,0
BRDA:375,25,1,0
BRDA:384,26,0,0
BRDA:384,26,1,0
BRDA:387,27,0,0
BRDA:387,27,1,0
BRDA:416,28,0,0
BRDA:416,28,1,2
BRDA:420,29,0,0
BRDA:420,29,1,2
BRDA:427,30,0,0
BRDA:427,30,1,2
BRDA:441,31,0,0
BRDA:450,32,0,0
BRDA:450,32,1,0
BRDA:460,33,0,0
BRDA:460,33,1,0
BRDA:476,34,0,0
BRDA:476,34,1,0
BRDA:491,35,0,0
BRDA:491,35,1,0
BRDA:528,36,0,0
BRDA:528,36,1,0
BRDA:539,37,0,0
BRDA:539,37,1,0
BRDA:539,38,0,0
BRDA:539,38,1,0
BRDA:546,39,0,0
BRDA:546,39,1,0
BRDA:570,40,0,14
BRDA:570,40,1,0
BRDA:578,41,0,20
BRDA:578,41,1,15
BRDA:626,42,0,0
BRDA:626,42,1,0
BRDA:629,43,0,0
BRDA:629,43,1,0
BRDA:671,44,0,0
BRDA:671,44,1,0
BRDA:688,45,0,0
BRDA:688,45,1,0
BRF:93
BRH:14
end_of_record
TN:
SF:js/main.js
FN:15,init
FN:26,(anonymous_1)
FN:80,handleQuerySubmit
FN:94,handleAdvancedQuerySubmit
FN:112,(anonymous_4)
FN:113,(anonymous_5)
FNF:6
FNH:1
FNDA:1,init
FNDA:0,(anonymous_1)
FNDA:0,handleQuerySubmit
FNDA:0,handleAdvancedQuerySubmit
FNDA:0,(anonymous_4)
FNDA:0,(anonymous_5)
DA:10,1
DA:13,1
DA:16,1
DA:18,1
DA:21,1
DA:22,0
DA:26,1
DA:27,0
DA:28,0
DA:30,0
DA:35,1
DA:36,1
DA:39,1
DA:40,1
DA:42,0
DA:47,0
DA:48,0
DA:51,1
DA:54,1
DA:55,1
DA:56,0
DA:57,0
DA:58,1
DA:59,1
DA:60,1
DA:62,0
DA:63,0
DA:65,1
DA:67,1
DA:70,1
DA:71,1
DA:72,0
DA:75,0
DA:81,0
DA:82,0
DA:83,0
DA:85,0
DA:95,0
DA:96,0
DA:97,0
DA:99,0
DA:109,1
DA:112,1
DA:113,1
DA:114,0
DA:115,0
DA:116,0
DA:118,0
DA:119,0
DA:122,1
LF:50
LH:24
BRDA:21,0,0,0
BRDA:21,0,1,1
BRDA:27,1,0,0
BRDA:27,1,1,0
BRDA:55,2,0,0
BRDA:55,2,1,1
BRDA:58,3,0,1
BRDA:58,3,1,0
BRDA:71,4,0,0
BRDA:71,4,1,1
BRDA:82,5,0,0
BRDA:82,5,1,0
BRDA:96,6,0,0
BRDA:96,6,1,0
BRF:14
BRH:4
end_of_record
TN:
SF:js/map.js
FN:40,shiftCoordinates
FN:46,(anonymous_1)
FN:49,(anonymous_2)
FN:53,initMap
FN:116,(anonymous_4)
FN:134,(anonymous_5)
FN:181,getCountryStyle
FN:204,onEachFeature
FN:213,(anonymous_8)
FN:240,(anonymous_9)
FN:253,(anonymous_10)
FN:269,(anonymous_11)
FN:292,provideTouchFeedback
FN:312,(anonymous_13)
FN:322,handleCountryClick
FN:382,(anonymous_15)
FN:396,selectAllCopiesOfCountry
FN:397,(anonymous_17)
FN:413,deselectAllCopiesOfCountry
FN:414,(anonymous_19)
FN:423,updateCountryStyle
FN:452,resetMap
FN:462,(anonymous_22)
FN:498,highlightCountries
FN:513,(anonymous_24)
FN:544,(anonymous_25)
FN:577,highlightCountry
FN:583,(anonymous_27)
FN:596,(anonymous_28)
FN:622,initializeMap
FN:625,(anonymous_30)
FN:626,(anonymous_31)
FN:632,getFilteredCountries
FN:637,_setGeojsonLayerForTesting
FN:642,_resetForTesting
FN:656,checkAndAddCopies
FN:689,addWorldCopies
FN:697,(anonymous_37)
FN:702,(anonymous_38)
FN:731,(anonymous_39)
FN:737,(anonymous_40)
FN:764,removeDistantCopies
FN:768,(anonymous_42)
FN:774,(anonymous_43)
FN:776,(anonymous_44)
FNF:45
FNH:22
FNDA:357,shiftCoordinates
FNDA:306,(anonymous_1)
FNDA:0,(anonymous_2)
FNDA:24,initMap
FNDA:17,(anonymous_4)
FNDA:51,(anonymous_5)
FNDA:4,getCountryStyle
FNDA:3,onEachFeature
FNDA:0,(anonymous_8)
FNDA:0,(anonymous_9)
FNDA:0,(anonymous_10)
FNDA:0,(anonymous_11)
FNDA:2,provideTouchFeedback
FNDA:0,(anonymous_13)
FNDA:2,handleCountryClick
FNDA:0,(anonymous_15)
FNDA:0,selectAllCopiesOfCountry
FNDA:0,(anonymous_17)
FNDA:0,deselectAllCopiesOfCountry
FNDA:0,(anonymous_19)
FNDA:0,updateCountryStyle
FNDA:4,resetMap
FNDA:6,(anonymous_22)
FNDA:8,highlightCountries
FNDA:17,(anonymous_24)
FNDA:17,(anonymous_25)
FNDA:3,highlightCountry
FNDA:3,(anonymous_27)
FNDA:2,(anonymous_28)
FNDA:1,initializeMap
FNDA:1,(anonymous_30)
FNDA:0,(anonymous_31)
FNDA:1,getFilteredCountries
FNDA:33,_setGeojsonLayerForTesting
FNDA:50,_resetForTesting
FNDA:0,checkAndAddCopies
FNDA:0,addWorldCopies
FNDA:0,(anonymous_37)
FNDA:0,(anonymous_38)
FNDA:0,(anonymous_39)
FNDA:0,(anonymous_40)
FNDA:0,removeDistantCopies
FNDA:0,(anonymous_42)
FNDA:0,(anonymous_43)
FNDA:0,(anonymous_44)
DA:6,5
DA:8,5
DA:19,5
DA:34,5
DA:35,5
DA:36,5
DA:37,5
DA:41,357
DA:43,255
DA:44,102
DA:46,306
DA:49,0
DA:54,24
DA:55,1
DA:56,1
DA:59,23
DA:60,23
DA:97,23
DA:107,23
DA:110,21
DA:113,21
DA:116,21
DA:117,17
DA:118,17
DA:123,20
DA:124,20
DA:126,20
DA:127,20
DA:131,60
DA:134,60
DA:135,51
DA:136,51
DA:141,51
DA:142,51
DA:146,60
DA:147,60
DA:151,20
DA:156,20
DA:162,20
DA:163,17
DA:166,17
DA:167,1
DA:169,16
DA:170,16
DA:173,17
DA:174,17
DA:176,6
DA:177,6
DA:184,4
DA:185,4
DA:186,4
DA:188,3
DA:189,9
DA:191,3
DA:194,4
DA:206,3
DA:210,3
DA:213,3
DA:214,0
DA:219,0
DA:225,0
DA:226,0
DA:230,0
DA:234,3
DA:237,1
DA:240,1
DA:242,0
DA:243,0
DA:248,2
DA:252,3
DA:253,2
DA:255,0
DA:259,0
DA:265,0
DA:269,2
DA:270,0
DA:272,0
DA:273,0
DA:274,0
DA:275,0
DA:276,0
DA:278,0
DA:280,0
DA:294,2
DA:296,0
DA:304,0
DA:312,0
DA:313,0
DA:314,0
DA:318,0
DA:324,2
DA:331,2
DA:334,2
DA:335,2
DA:337,2
DA:343,2
DA:344,2
DA:345,2
DA:354,2
DA:355,2
DA:361,2
DA:364,2
DA:371,2
DA:374,0
DA:376,0
DA:378,0
DA:379,0
DA:382,0
DA:383,0
DA:385,0
DA:386,0
DA:390,0
DA:391,0
DA:397,0
DA:399,0
DA:400,0
DA:401,0
DA:407,0
DA:414,0
DA:416,0
DA:417,0
DA:418,0
DA:424,0
DA:427,0
DA:428,0
DA:431,0
DA:432,0
DA:433,0
DA:434,0
DA:436,0
DA:438,0
DA:441,0
DA:442,0
DA:444,0
DA:453,4
DA:454,1
DA:455,1
DA:459,3
DA:462,3
DA:464,6
DA:467,6
DA:468,6
DA:469,6
DA:470,18
DA:472,6
DA:475,6
DA:483,3
DA:484,3
DA:487,3
DA:488,3
DA:489,3
DA:493,3
DA:494,2
DA:499,8
DA:500,3
DA:501,3
DA:504,5
DA:505,5
DA:507,5
DA:508,5
DA:509,5
DA:510,5
DA:513,5
DA:515,17
DA:516,17
DA:519,17
DA:520,17
DA:521,17
DA:523,17
DA:524,17
DA:527,17
DA:531,17
DA:534,17
DA:535,3
DA:536,3
DA:537,3
DA:538,3
DA:544,5
DA:546,17
DA:548,17
DA:549,3
DA:555,14
DA:557,13
DA:558,13
DA:559,13
DA:560,39
DA:562,13
DA:564,13
DA:573,5
DA:574,5
DA:578,3
DA:579,0
DA:580,0
DA:582,3
DA:583,3
DA:585,3
DA:586,3
DA:587,2
DA:591,3
DA:592,2
DA:593,2
DA:596,2
DA:598,2
DA:600,2
DA:601,2
DA:605,2
DA:607,2
DA:608,2
DA:610,2
DA:615,0
DA:618,1
DA:623,1
DA:624,1
DA:625,1
DA:626,0
DA:628,0
DA:633,1
DA:638,33
DA:643,50
DA:644,50
DA:645,50
DA:646,50
DA:647,50
DA:648,50
DA:649,50
DA:650,35
DA:651,35
DA:657,0
DA:659,0
DA:662,0
DA:665,0
DA:666,0
DA:668,0
DA:669,0
DA:673,0
DA:674,0
DA:678,0
DA:679,0
DA:683,0
DA:684,0
DA:690,0
DA:692,0
DA:694,0
DA:695,0
DA:697,0
DA:698,0
DA:700,0
DA:702,0
DA:703,0
DA:704,0
DA:708,0
DA:709,0
DA:713,0
DA:714,0
DA:717,0
DA:719,0
DA:731,0
DA:732,0
DA:736,0
DA:737,0
DA:739,0
DA:741,0
DA:742,0
DA:752,0
DA:757,0
DA:759,0
DA:765,0
DA:766,0
DA:768,0
DA:769,0
DA:770,0
DA:774,0
DA:776,0
DA:777,0
DA:778,0
DA:781,0
DA:784,0
DA:785,0
LF:278
LH:166
BRDA:41,0,0,255
BRDA:41,0,1,102
BRDA:44,1,0,102
BRDA:44,1,1,0
BRDA:54,2,0,1
BRDA:54,2,1,23
BRDA:117,3,0,17
BRDA:117,3,1,0
BRDA:135,4,0,51
BRDA:135,4,1,0
BRDA:166,5,0,1
BRDA:166,5,1,16
BRDA:184,6,0,4
BRDA:184,6,1,4
BRDA:184,6,2,1
BRDA:186,7,0,3
BRDA:186,7,1,1
BRDA:206,8,0,3
BRDA:206,8,1,0
BRDA:210,9,0,3
BRDA:210,9,1,2
BRDA:219,10,0,0
BRDA:219,10,1,0
BRDA:220,11,0,0
BRDA:220,11,1,0
BRDA:220,11,2,0
BRDA:234,12,0,1
BRDA:234,12,1,2
BRDA:242,13,0,0
BRDA:242,13,1,0
BRDA:252,14,0,2
BRDA:252,14,1,1
BRDA:255,15,0,0
BRDA:255,15,1,0
BRDA:256,16,0,0
BRDA:256,16,1,0
BRDA:270,17,0,0
BRDA:270,17,1,0
BRDA:274,18,0,0
BRDA:274,18,1,0
BRDA:294,19,0,0
BRDA:294,19,1,2
BRDA:294,20,0,2
BRDA:294,20,1,2
BRDA:313,21,0,0
BRDA:313,21,1,0
BRDA:331,22,0,2
BRDA:331,22,1,0
BRDA:339,23,0,2
BRDA:339,23,1,0
BRDA:344,24,0,2
BRDA:344,24,1,0
BRDA:347,25,0,2
BRDA:347,25,1,0
BRDA:354,26,0,2
BRDA:354,26,1,0
BRDA:354,27,0,2
BRDA:354,27,1,2
BRDA:376,28,0,0
BRDA:376,28,1,0
BRDA:383,29,0,0
BRDA:383,29,1,0
BRDA:385,30,0,0
BRDA:385,30,1,0
BRDA:399,31,0,0
BRDA:399,31,1,0
BRDA:400,32,0,0
BRDA:400,32,1,0
BRDA:416,33,0,0
BRDA:416,33,1,0
BRDA:417,34,0,0
BRDA:417,34,1,0
BRDA:427,35,0,0
BRDA:427,35,1,0
BRDA:432,36,0,0
BRDA:432,36,1,0
BRDA:441,37,0,0
BRDA:441,37,1,0
BRDA:442,38,0,0
BRDA:442,38,1,0
BRDA:446,39,0,0
BRDA:446,39,1,0
BRDA:453,40,0,1
BRDA:453,40,1,3
BRDA:464,41,0,6
BRDA:464,41,1,4
BRDA:468,42,0,6
BRDA:468,42,1,0
BRDA:488,43,0,3
BRDA:488,43,1,0
BRDA:493,44,0,2
BRDA:493,44,1,1
BRDA:499,45,0,3
BRDA:499,45,1,5
BRDA:515,46,0,17
BRDA:515,46,1,16
BRDA:516,47,0,17
BRDA:516,47,1,17
BRDA:519,48,0,17
BRDA:519,48,1,0
BRDA:521,49,0,17
BRDA:521,49,1,12
BRDA:523,50,0,17
BRDA:523,50,1,0
BRDA:534,51,0,3
BRDA:534,51,1,14
BRDA:546,52,0,17
BRDA:546,52,1,16
BRDA:548,53,0,3
BRDA:548,53,1,14
BRDA:555,54,0,13
BRDA:555,54,1,1
BRDA:558,55,0,13
BRDA:558,55,1,0
BRDA:578,56,0,0
BRDA:578,56,1,3
BRDA:585,57,0,3
BRDA:585,57,1,0
BRDA:586,58,0,2
BRDA:586,58,1,1
BRDA:586,59,0,3
BRDA:586,59,1,2
BRDA:591,60,0,2
BRDA:591,60,1,1
BRDA:598,61,0,2
BRDA:598,61,1,0
BRDA:600,62,0,2
BRDA:600,62,1,0
BRDA:607,63,0,2
BRDA:607,63,1,0
BRDA:608,64,0,2
BRDA:608,64,1,0
BRDA:608,65,0,2
BRDA:608,65,1,2
BRDA:623,66,0,1
BRDA:623,66,1,0
BRDA:649,67,0,35
BRDA:649,67,1,15
BRDA:657,68,0,0
BRDA:657,68,1,0
BRDA:657,69,0,0
BRDA:657,69,1,0
BRDA:657,69,2,0
BRDA:673,70,0,0
BRDA:673,70,1,0
BRDA:678,71,0,0
BRDA:678,71,1,0
BRDA:683,72,0,0
BRDA:683,72,1,0
BRDA:690,73,0,0
BRDA:690,73,1,0
BRDA:690,74,0,0
BRDA:690,74,1,0
BRDA:698,75,0,0
BRDA:698,75,1,0
BRDA:703,76,0,0
BRDA:703,76,1,0
BRDA:717,77,0,0
BRDA:717,77,1,0
BRDA:736,78,0,0
BRDA:736,78,1,0
BRDA:739,79,0,0
BRDA:739,79,1,0
BRDA:741,80,0,0
BRDA:741,80,1,0
BRDA:769,81,0,0
BRDA:769,81,1,0
BRDA:777,82,0,0
BRDA:777,82,1,0
BRDA:784,83,0,0
BRDA:784,83,1,0
BRF:171
BRH:75
end_of_record
TN:
SF:js/utils.js
FN:3,isOnline
FN:7,addNetworkListeners
FN:8,(anonymous_2)
FN:9,(anonymous_3)
FN:12,retryOperation
FN:25,(anonymous_5)
FN:33,createRetryButton
FN:46,formatError
FN:62,debounce
FN:64,executedFunction
FN:65,(anonymous_10)
FN:76,(anonymous_11)
FN:82,(anonymous_12)
FN:94,(anonymous_13)
FN:107,(anonymous_14)
FN:111,(anonymous_15)
FN:118,(anonymous_16)
FN:122,(anonymous_17)
FN:130,(anonymous_18)
FN:139,(anonymous_19)
FN:143,(anonymous_20)
FN:144,(anonymous_21)
FN:150,(anonymous_22)
FNF:23
FNH:7
FNDA:1,isOnline
FNDA:1,addNetworkListeners
FNDA:0,(anonymous_2)
FNDA:0,(anonymous_3)
FNDA:0,retryOperation
FNDA:0,(anonymous_5)
FNDA:0,createRetryButton
FNDA:0,formatError
FNDA:6,debounce
FNDA:0,executedFunction
FNDA:0,(anonymous_10)
FNDA:3,(anonymous_11)
FNDA:2,(anonymous_12)
FNDA:0,(anonymous_13)
FNDA:0,(anonymous_14)
FNDA:0,(anonymous_15)
FNDA:3,(anonymous_16)
FNDA:4,(anonymous_17)
FNDA:0,(anonymous_18)
FNDA:0,(anonymous_19)
FNDA:0,(anonymous_20)
FNDA:0,(anonymous_21)
FNDA:0,(anonymous_22)
DA:4,1
DA:8,1
DA:9,1
DA:15,0
DA:16,0
DA:17,0
DA:19,0
DA:20,0
DA:22,0
DA:24,0
DA:25,0
DA:30,0
DA:34,0
DA:47,0
DA:49,0
DA:50,0
DA:51,0
DA:52,0
DA:53,0
DA:54,0
DA:56,0
DA:59,0
DA:64,6
DA:65,0
DA:66,0
DA:67,0
DA:69,0
DA:70,0
DA:77,3
DA:78,3
DA:79,3
DA:83,2
DA:84,2
DA:86,0
DA:87,0
DA:88,0
DA:91,0
DA:95,0
DA:97,0
DA:98,0
DA:101,0
DA:108,0
DA:112,0
DA:119,3
DA:123,4
DA:131,0
DA:132,0
DA:133,0
DA:134,0
DA:136,0
DA:140,0
DA:144,0
DA:151,0
LF:53
LH:11
BRDA:12,0,0,0
BRDA:12,1,0,0
BRDA:22,2,0,0
BRDA:22,2,1,0
BRDA:33,3,0,0
BRDA:46,4,0,0
BRDA:47,5,0,0
BRDA:47,5,1,0
BRDA:49,6,0,0
BRDA:49,6,1,0
BRDA:49,7,0,0
BRDA:49,7,1,0
BRDA:51,8,0,0
BRDA:51,8,1,0
BRDA:53,9,0,0
BRDA:53,9,1,0
BRDA:53,10,0,0
BRDA:53,10,1,0
BRDA:76,11,0,3
BRDA:76,12,0,3
BRDA:84,13,0,2
BRDA:84,13,1,0
BRDA:86,14,0,0
BRDA:86,14,1,0
BRDA:95,15,0,0
BRDA:95,15,1,0
BRDA:132,16,0,0
BRDA:132,16,1,0
BRDA:136,17,0,0
BRDA:136,17,1,0
BRF:30
BRH:3
end_of_record
TN:
SF:js/components/BaseComponent.js
FN:2,(anonymous_0)
FN:10,(anonymous_1)
FN:16,(anonymous_2)
FN:22,(anonymous_3)
FN:28,(anonymous_4)
FN:34,(anonymous_5)
FN:40,(anonymous_6)
FN:46,(anonymous_7)
FN:50,(anonymous_8)
FN:54,(anonymous_9)
FN:61,(anonymous_10)
FN:65,(anonymous_11)
FNF:12
FNH:8
FNDA:46,(anonymous_0)
FNDA:0,(anonymous_1)
FNDA:0,(anonymous_2)
FNDA:3,(anonymous_3)
FNDA:0,(anonymous_4)
FNDA:0,(anonymous_5)
FNDA:2,(anonymous_6)
FNDA:2,(anonymous_7)
FNDA:9,(anonymous_8)
FNDA:6,(anonymous_9)
FNDA:1,(anonymous_10)
FNDA:39,(anonymous_11)
DA:3,46
DA:4,46
DA:5,46
DA:7,46
DA:11,0
DA:12,0
DA:17,0
DA:18,0
DA:23,3
DA:24,0
DA:29,0
DA:30,0
DA:35,0
DA:36,0
DA:41,2
DA:42,0
DA:47,2
DA:51,9
DA:55,6
DA:56,6
DA:57,6
DA:67,39
LF:22
LH:12
BRDA:4,0,0,46
BRDA:4,0,1,0
BRDA:11,1,0,0
BRDA:11,1,1,0
BRDA:17,2,0,0
BRDA:17,2,1,0
BRDA:23,3,0,0
BRDA:23,3,1,3
BRDA:29,4,0,0
BRDA:29,4,1,0
BRDA:35,5,0,0
BRDA:35,5,1,0
BRDA:41,6,0,0
BRDA:41,6,1,2
BRDA:47,7,0,0
BRDA:47,7,1,2
BRDA:51,8,0,0
BRDA:51,8,1,9
BRDA:55,9,0,6
BRDA:55,9,1,0
BRF:20
BRH:6
end_of_record
TN:
SF:js/components/CountryInfoComponent.js
FN:5,(anonymous_0)
FN:12,(anonymous_1)
FN:14,(anonymous_2)
FN:21,(anonymous_3)
FN:34,(anonymous_4)
FN:82,(anonymous_5)
FN:92,(anonymous_6)
FN:94,(anonymous_7)
FN:97,(anonymous_8)
FN:101,(anonymous_9)
FN:106,(anonymous_10)
FN:114,(anonymous_11)
FN:119,(anonymous_12)
FN:129,(anonymous_13)
FN:166,(anonymous_14)
FN:168,(anonymous_15)
FN:169,(anonymous_16)
FN:176,(anonymous_17)
FN:177,(anonymous_18)
FN:196,(anonymous_19)
FN:200,(anonymous_20)
FN:206,(anonymous_21)
FN:212,(anonymous_22)
FN:218,(anonymous_23)
FN:224,(anonymous_24)
FNF:25
FNH:2
FNDA:1,(anonymous_0)
FNDA:1,(anonymous_1)
FNDA:0,(anonymous_2)
FNDA:0,(anonymous_3)
FNDA:0,(anonymous_4)
FNDA:0,(anonymous_5)
FNDA:0,(anonymous_6)
FNDA:0,(anonymous_7)
FNDA:0,(anonymous_8)
FNDA:0,(anonymous_9)
FNDA:0,(anonymous_10)
FNDA:0,(anonymous_11)
FNDA:0,(anonymous_12)
FNDA:0,(anonymous_13)
FNDA:0,(anonymous_14)
FNDA:0,(anonymous_15)
FNDA:0,(anonymous_16)
FNDA:0,(anonymous_17)
FNDA:0,(anonymous_18)
FNDA:0,(anonymous_19)
FNDA:0,(anonymous_20)
FNDA:0,(anonymous_21)
FNDA:0,(anonymous_22)
FNDA:0,(anonymous_23)
FNDA:0,(anonymous_24)
DA:6,1
DA:7,1
DA:8,1
DA:9,1
DA:13,1
DA:14,1
DA:15,0
DA:16,0
DA:22,0
DA:23,0
DA:24,0
DA:25,0
DA:26,0
DA:27,0
DA:29,0
DA:30,0
DA:35,0
DA:36,0
DA:37,0
DA:38,0
DA:40,0
DA:83,0
DA:93,0
DA:94,0
DA:98,0
DA:99,0
DA:101,0
DA:102,0
DA:107,0
DA:108,0
DA:109,0
DA:110,0
DA:111,0
DA:115,0
DA:116,0
DA:120,0
DA:121,0
DA:130,0
DA:131,0
DA:168,0
DA:169,0
DA:170,0
DA:171,0
DA:176,0
DA:177,0
DA:178,0
DA:179,0
DA:180,0
DA:181,0
DA:183,0
DA:184,0
DA:185,0
DA:186,0
DA:188,0
DA:189,0
DA:190,0
DA:197,0
DA:201,0
DA:202,0
DA:207,0
DA:208,0
DA:213,0
DA:214,0
DA:219,0
DA:220,0
DA:225,0
DA:226,0
LF:67
LH:6
BRDA:13,0,0,1
BRDA:13,0,1,0
BRDA:22,1,0,0
BRDA:22,1,1,0
BRDA:42,2,0,0
BRDA:42,2,1,0
BRDA:44,3,0,0
BRDA:44,3,1,0
BRDA:44,4,0,0
BRDA:44,4,1,0
BRDA:45,5,0,0
BRDA:45,5,1,0
BRDA:52,6,0,0
BRDA:52,6,1,0
BRDA:56,7,0,0
BRDA:56,7,1,0
BRDA:93,8,0,0
BRDA:93,8,1,0
BRDA:98,9,0,0
BRDA:98,9,1,0
BRDA:98,10,0,0
BRDA:98,10,1,0
BRDA:107,11,0,0
BRDA:107,11,1,0
BRDA:108,12,0,0
BRDA:108,12,1,0
BRDA:109,13,0,0
BRDA:109,13,1,0
BRDA:110,14,0,0
BRDA:110,14,1,0
BRDA:115,15,0,0
BRDA:115,15,1,0
BRDA:120,16,0,0
BRDA:120,16,1,0
BRDA:135,17,0,0
BRDA:135,17,1,0
BRDA:139,18,0,0
BRDA:139,18,1,0
BRDA:143,19,0,0
BRDA:143,19,1,0
BRDA:144,20,0,0
BRDA:144,20,1,0
BRDA:149,21,0,0
BRDA:149,21,1,0
BRDA:153,22,0,0
BRDA:153,22,1,0
BRDA:160,23,0,0
BRDA:160,23,1,0
BRDA:183,24,0,0
BRDA:183,24,1,0
BRDA:183,25,0,0
BRDA:183,25,1,0
BRDA:201,26,0,0
BRDA:201,26,1,0
BRDA:207,27,0,0
BRDA:207,27,1,0
BRDA:213,28,0,0
BRDA:213,28,1,0
BRDA:219,29,0,0
BRDA:219,29,1,0
BRDA:225,30,0,0
BRDA:225,30,1,0
BRF:62
BRH:1
end_of_record
TN:
SF:js/components/DownloadModalComponent.js
FN:5,(anonymous_0)
FN:15,(anonymous_1)
FN:19,(anonymous_2)
FN:25,(anonymous_3)
FN:31,(anonymous_4)
FN:33,(anonymous_5)
FN:64,(anonymous_6)
FN:85,(anonymous_7)
FN:125,(anonymous_8)
FN:137,(anonymous_9)
FNF:10
FNH:2
FNDA:1,(anonymous_0)
FNDA:1,(anonymous_1)
FNDA:0,(anonymous_2)
FNDA:0,(anonymous_3)
FNDA:0,(anonymous_4)
FNDA:0,(anonymous_5)
FNDA:0,(anonymous_6)
FNDA:0,(anonymous_7)
FNDA:0,(anonymous_8)
FNDA:0,(anonymous_9)
DA:6,1
DA:7,1
DA:8,1
DA:9,1
DA:10,1
DA:11,1
DA:12,1
DA:16,1
DA:18,1
DA:19,1
DA:20,0
DA:24,1
DA:25,1
DA:26,0
DA:32,0
DA:33,0
DA:35,0
DA:36,0
DA:37,0
DA:40,0
DA:41,0
DA:42,0
DA:46,0
DA:47,0
DA:48,0
DA:51,0
DA:52,0
DA:55,0
DA:58,0
DA:61,0
DA:65,0
DA:66,0
DA:68,0
DA:69,0
DA:70,0
DA:71,0
DA:73,0
DA:74,0
DA:78,0
DA:79,0
DA:86,0
DA:87,0
DA:88,0
DA:91,0
DA:92,0
DA:93,0
DA:94,0
DA:98,0
DA:99,0
DA:100,0
DA:102,0
DA:104,0
DA:107,0
DA:110,0
DA:111,0
DA:112,0
DA:116,0
DA:117,0
DA:120,0
DA:121,0
DA:126,0
DA:128,0
DA:129,0
DA:131,0
DA:137,1
DA:138,0
DA:139,0
DA:140,0
LF:68
LH:13
BRDA:18,0,0,1
BRDA:18,0,1,0
BRDA:24,1,0,1
BRDA:24,1,1,0
BRDA:35,2,0,0
BRDA:35,2,1,0
BRDA:40,3,0,0
BRDA:40,3,1,0
BRDA:40,4,0,0
BRDA:40,4,1,0
BRDA:40,4,2,0
BRDA:40,4,3,0
BRDA:40,4,4,0
BRDA:46,5,0,0
BRDA:46,5,1,0
BRDA:68,6,0,0
BRDA:68,6,1,0
BRDA:69,7,0,0
BRDA:69,7,1,0
BRDA:81,8,0,0
BRDA:81,8,1,0
BRDA:86,9,0,0
BRDA:86,9,1,0
BRDA:92,10,0,0
BRDA:92,10,1,0
BRDA:111,11,0,0
BRDA:111,11,1,0
BRDA:111,12,0,0
BRDA:111,12,1,0
BRDA:126,13,0,0
BRDA:126,13,1,0
BRDA:128,14,0,0
BRDA:128,14,1,0
BRDA:139,15,0,0
BRDA:139,15,1,0
BRDA:139,16,0,0
BRDA:139,16,1,0
BRF:37
BRH:2
end_of_record
TN:
SF:js/components/FloatingPanelComponent.js
FN:4,(anonymous_0)
FN:26,(anonymous_1)
FN:29,(anonymous_2)
FN:31,(anonymous_3)
FN:39,(anonymous_4)
FN:41,(anonymous_5)
FN:43,(anonymous_6)
FN:44,(anonymous_7)
FN:47,(anonymous_8)
FN:51,(anonymous_9)
FN:54,(anonymous_10)
FN:72,(anonymous_11)
FN:84,(anonymous_12)
FN:104,(anonymous_13)
FN:145,(anonymous_14)
FN:147,(anonymous_15)
FN:188,(anonymous_16)
FN:195,(anonymous_17)
FN:216,(anonymous_18)
FN:228,(anonymous_19)
FN:264,(anonymous_20)
FN:268,(anonymous_21)
FN:294,(anonymous_22)
FN:308,(anonymous_23)
FN:328,(anonymous_24)
FN:333,(anonymous_25)
FNF:26
FNH:19
FNDA:40,(anonymous_0)
FNDA:0,(anonymous_1)
FNDA:40,(anonymous_2)
FNDA:200,(anonymous_3)
FNDA:41,(anonymous_4)
FNDA:0,(anonymous_5)
FNDA:0,(anonymous_6)
FNDA:0,(anonymous_7)
FNDA:0,(anonymous_8)
FNDA:0,(anonymous_9)
FNDA:43,(anonymous_10)
FNDA:3,(anonymous_11)
FNDA:1,(anonymous_12)
FNDA:3,(anonymous_13)
FNDA:4,(anonymous_14)
FNDA:20,(anonymous_15)
FNDA:4,(anonymous_16)
FNDA:15,(anonymous_17)
FNDA:5,(anonymous_18)
FNDA:3,(anonymous_19)
FNDA:6,(anonymous_20)
FNDA:0,(anonymous_21)
FNDA:40,(anonymous_22)
FNDA:4,(anonymous_23)
FNDA:1,(anonymous_24)
FNDA:1,(anonymous_25)
DA:5,40
DA:6,40
DA:7,40
DA:8,40
DA:9,40
DA:10,40
DA:16,40
DA:17,40
DA:18,40
DA:19,40
DA:21,40
DA:22,40
DA:23,39
DA:26,39
DA:30,40
DA:31,40
DA:32,200
DA:33,200
DA:34,200
DA:35,200
DA:41,41
DA:43,40
DA:44,40
DA:47,40
DA:50,40
DA:51,40
DA:56,43
DA:57,43
DA:59,43
DA:61,32
DA:62,32
DA:63,32
DA:66,11
DA:67,11
DA:68,11
DA:74,3
DA:76,3
DA:77,2
DA:81,1
DA:85,1
DA:86,1
DA:88,1
DA:89,1
DA:91,1
DA:92,0
DA:93,0
DA:96,0
DA:99,0
DA:100,0
DA:105,3
DA:107,2
DA:108,2
DA:110,2
DA:112,2
DA:113,2
DA:116,2
DA:117,2
DA:119,2
DA:120,2
DA:123,2
DA:124,2
DA:125,2
DA:126,0
DA:128,0
DA:129,0
DA:133,0
DA:134,0
DA:135,0
DA:136,0
DA:137,0
DA:140,0
DA:142,0
DA:147,4
DA:148,20
DA:151,4
DA:154,4
DA:155,0
DA:156,0
DA:159,0
DA:162,0
DA:163,0
DA:164,0
DA:165,0
DA:166,0
DA:167,0
DA:168,0
DA:169,0
DA:172,0
DA:173,0
DA:174,0
DA:175,0
DA:180,0
DA:181,0
DA:183,0
DA:184,0
DA:189,4
DA:191,3
DA:192,3
DA:195,3
DA:196,15
DA:200,3
DA:201,2
DA:202,1
DA:204,1
DA:208,1
DA:211,3
DA:217,5
DA:218,5
DA:221,5
DA:222,5
DA:223,5
DA:224,5
DA:225,5
DA:229,3
DA:231,1
DA:232,1
DA:233,1
DA:234,1
DA:235,1
DA:236,1
DA:237,1
DA:239,1
DA:240,1
DA:243,2
DA:251,2
DA:252,2
DA:253,2
DA:254,2
DA:255,2
DA:256,2
DA:257,2
DA:258,2
DA:259,2
DA:261,3
DA:265,6
DA:269,0
DA:270,0
DA:271,0
DA:273,0
DA:274,0
DA:277,0
DA:278,0
DA:279,0
DA:280,0
DA:282,0
DA:283,0
DA:287,0
DA:288,0
DA:289,0
DA:290,0
DA:291,0
DA:295,40
DA:296,40
DA:297,40
DA:299,40
DA:309,4
DA:310,4
DA:312,2
DA:313,0
DA:316,0
DA:322,0
DA:323,0
DA:329,1
DA:330,1
DA:334,1
LF:165
LH:111
BRDA:56,0,0,43
BRDA:56,0,1,13
BRDA:59,1,0,32
BRDA:59,1,1,11
BRDA:59,2,0,43
BRDA:59,2,1,13
BRDA:74,3,0,3
BRDA:74,3,1,1
BRDA:76,4,0,2
BRDA:76,4,1,1
BRDA:76,5,0,3
BRDA:76,5,1,1
BRDA:76,5,2,1
BRDA:88,6,0,1
BRDA:88,6,1,0
BRDA:88,6,2,0
BRDA:89,7,0,1
BRDA:89,7,1,0
BRDA:89,7,2,0
BRDA:99,8,0,0
BRDA:99,8,1,0
BRDA:105,9,0,1
BRDA:105,9,1,2
BRDA:105,10,0,3
BRDA:105,10,1,2
BRDA:110,11,0,0
BRDA:110,11,1,2
BRDA:110,12,0,2
BRDA:110,12,1,2
BRDA:124,13,0,2
BRDA:124,13,1,0
BRDA:128,14,0,0
BRDA:128,14,1,0
BRDA:162,15,0,0
BRDA:162,15,1,0
BRDA:164,16,0,0
BRDA:164,16,1,0
BRDA:166,17,0,0
BRDA:166,17,1,0
BRDA:168,18,0,0
BRDA:168,18,1,0
BRDA:172,19,0,0
BRDA:172,19,1,0
BRDA:181,20,0,0
BRDA:181,20,1,0
BRDA:181,21,0,0
BRDA:181,21,1,0
BRDA:181,21,2,0
BRDA:181,21,3,0
BRDA:189,22,0,1
BRDA:189,22,1,3
BRDA:200,23,0,2
BRDA:200,23,1,1
BRDA:201,24,0,1
BRDA:201,24,1,1
BRDA:229,25,0,1
BRDA:229,25,1,2
BRDA:232,26,0,1
BRDA:232,26,1,0
BRDA:278,27,0,0
BRDA:278,27,1,0
BRDA:282,28,0,0
BRDA:282,28,1,0
BRDA:310,29,0,2
BRDA:310,29,1,2
BRDA:316,30,0,0
BRDA:316,30,1,0
BRDA:316,31,0,0
BRDA:316,31,1,0
BRDA:316,31,2,0
BRDA:316,31,3,0
BRF:71
BRH:34
end_of_record
TN:
SF:js/components/MessageDisplayComponent.js
FN:5,(anonymous_0)
FN:12,(anonymous_1)
FN:26,(anonymous_2)
FN:28,(anonymous_3)
FN:33,(anonymous_4)
FN:34,(anonymous_5)
FN:42,(anonymous_6)
FN:43,(anonymous_7)
FN:62,(anonymous_8)
FN:75,(anonymous_9)
FN:81,(anonymous_10)
FN:87,(anonymous_11)
FN:93,(anonymous_12)
FN:99,(anonymous_13)
FNF:14
FNH:6
FNDA:1,(anonymous_0)
FNDA:3,(anonymous_1)
FNDA:3,(anonymous_2)
FNDA:0,(anonymous_3)
FNDA:0,(anonymous_4)
FNDA:0,(anonymous_5)
FNDA:0,(anonymous_6)
FNDA:0,(anonymous_7)
FNDA:0,(anonymous_8)
FNDA:3,(anonymous_9)
FNDA:3,(anonymous_10)
FNDA:3,(anonymous_11)
FNDA:0,(anonymous_12)
FNDA:0,(anonymous_13)
DA:6,1
DA:7,1
DA:8,1
DA:9,1
DA:13,3
DA:15,3
DA:16,3
DA:17,3
DA:18,3
DA:20,0
DA:23,3
DA:28,3
DA:29,0
DA:33,3
DA:34,0
DA:35,0
DA:36,0
DA:37,0
DA:42,3
DA:43,0
DA:44,0
DA:45,0
DA:46,0
DA:47,0
DA:49,0
DA:50,0
DA:51,0
DA:52,0
DA:53,0
DA:54,0
DA:55,0
DA:56,0
DA:63,0
DA:64,0
DA:65,0
DA:66,0
DA:67,0
DA:68,0
DA:70,0
DA:71,0
DA:76,3
DA:77,3
DA:82,3
DA:83,3
DA:88,3
DA:89,3
DA:94,0
DA:95,0
DA:100,0
DA:101,0
LF:50
LH:19
BRDA:15,0,0,3
BRDA:15,0,1,0
BRDA:15,1,0,3
BRDA:15,1,1,3
BRDA:49,2,0,0
BRDA:49,2,1,0
BRDA:49,3,0,0
BRDA:49,3,1,0
BRDA:49,3,2,0
BRDA:53,4,0,0
BRDA:53,4,1,0
BRDA:66,5,0,0
BRDA:66,5,1,0
BRDA:76,6,0,3
BRDA:76,6,1,0
BRDA:82,7,0,3
BRDA:82,7,1,0
BRDA:88,8,0,3
BRDA:88,8,1,0
BRDA:94,9,0,0
BRDA:94,9,1,0
BRF:21
BRH:6
end_of_record
TN:
SF:js/components/ModalComponent.js
FN:4,(anonymous_0)
FN:9,(anonymous_1)
FN:17,(anonymous_2)
FN:25,(anonymous_3)
FN:27,(anonymous_4)
FN:34,(anonymous_5)
FN:43,(anonymous_6)
FN:47,(anonymous_7)
FN:51,(anonymous_8)
FNF:9
FNH:2
FNDA:2,(anonymous_0)
FNDA:0,(anonymous_1)
FNDA:0,(anonymous_2)
FNDA:2,(anonymous_3)
FNDA:0,(anonymous_4)
FNDA:0,(anonymous_5)
FNDA:0,(anonymous_6)
FNDA:0,(anonymous_7)
FNDA:0,(anonymous_8)
DA:5,2
DA:6,2
DA:10,0
DA:11,0
DA:12,0
DA:13,0
DA:18,0
DA:19,0
DA:20,0
DA:21,0
DA:27,2
DA:28,0
DA:29,0
DA:34,2
DA:35,0
DA:36,0
DA:41,2
DA:42,2
DA:43,0
LF:19
LH:6
BRDA:10,0,0,0
BRDA:10,0,1,0
BRDA:18,1,0,0
BRDA:18,1,1,0
BRDA:28,2,0,0
BRDA:28,2,1,0
BRDA:35,3,0,0
BRDA:35,3,1,0
BRDA:35,4,0,0
BRDA:35,4,1,0
BRDA:42,5,0,0
BRDA:42,5,1,2
BRF:12
BRH:1
end_of_record
TN:
SF:js/components/PerformanceDashboard.js
FN:7,(anonymous_0)
FN:14,(anonymous_1)
FN:22,(anonymous_2)
FN:46,(anonymous_3)
FN:53,(anonymous_4)
FN:57,(anonymous_5)
FN:61,(anonymous_6)
FN:65,(anonymous_7)
FN:69,(anonymous_8)
FN:76,(anonymous_9)
FN:101,(anonymous_10)
FN:133,(anonymous_11)
FN:202,(anonymous_12)
FN:234,(anonymous_13)
FN:251,(anonymous_14)
FN:266,(anonymous_15)
FN:281,(anonymous_16)
FN:310,(anonymous_17)
FN:337,(anonymous_18)
FN:342,(anonymous_19)
FN:346,(anonymous_20)
FN:347,(anonymous_21)
FN:351,(anonymous_22)
FN:355,(anonymous_23)
FN:365,(anonymous_24)
FN:374,(anonymous_25)
FN:381,(anonymous_26)
FN:383,(anonymous_27)
FN:386,(anonymous_28)
FN:388,(anonymous_29)
FN:396,(anonymous_30)
FN:429,(anonymous_31)
FN:435,(anonymous_32)
FN:441,(anonymous_33)
FNF:34
FNH:4
FNDA:1,(anonymous_0)
FNDA:1,(anonymous_1)
FNDA:1,(anonymous_2)
FNDA:1,(anonymous_3)
FNDA:0,(anonymous_4)
FNDA:0,(anonymous_5)
FNDA:0,(anonymous_6)
FNDA:0,(anonymous_7)
FNDA:0,(anonymous_8)
FNDA:0,(anonymous_9)
FNDA:0,(anonymous_10)
FNDA:0,(anonymous_11)
FNDA:0,(anonymous_12)
FNDA:0,(anonymous_13)
FNDA:0,(anonymous_14)
FNDA:0,(anonymous_15)
FNDA:0,(anonymous_16)
FNDA:0,(anonymous_17)
FNDA:0,(anonymous_18)
FNDA:0,(anonymous_19)
FNDA:0,(anonymous_20)
FNDA:0,(anonymous_21)
FNDA:0,(anonymous_22)
FNDA:0,(anonymous_23)
FNDA:0,(anonymous_24)
FNDA:0,(anonymous_25)
FNDA:0,(anonymous_26)
FNDA:0,(anonymous_27)
FNDA:0,(anonymous_28)
FNDA:0,(anonymous_29)
FNDA:0,(anonymous_30)
FNDA:0,(anonymous_31)
FNDA:0,(anonymous_32)
FNDA:0,(anonymous_33)
DA:8,1
DA:9,1
DA:10,1
DA:11,1
DA:15,1
DA:16,1
DA:18,1
DA:19,1
DA:24,1
DA:42,1
DA:43,1
DA:47,1
DA:48,1
DA:49,1
DA:50,1
DA:52,1
DA:53,1
DA:56,1
DA:57,1
DA:60,1
DA:61,1
DA:64,1
DA:65,1
DA:69,1
DA:70,0
DA:71,0
DA:77,0
DA:79,0
DA:80,0
DA:81,0
DA:83,0
DA:84,0
DA:85,0
DA:87,0
DA:88,0
DA:89,0
DA:91,0
DA:93,0
DA:94,0
DA:96,0
DA:97,0
DA:102,0
DA:104,0
DA:105,0
DA:106,0
DA:108,0
DA:110,0
DA:111,0
DA:113,0
DA:119,0
DA:120,0
DA:121,0
DA:123,0
DA:125,0
DA:126,0
DA:128,0
DA:129,0
DA:134,0
DA:135,0
DA:137,0
DA:139,0
DA:199,0
DA:203,0
DA:204,0
DA:206,0
DA:208,0
DA:235,0
DA:236,0
DA:237,0
DA:239,0
DA:252,0
DA:266,0
DA:282,0
DA:311,0
DA:313,0
DA:314,0
DA:317,0
DA:318,0
DA:321,0
DA:322,0
DA:325,0
DA:326,0
DA:328,0
DA:331,0
DA:332,0
DA:335,0
DA:337,0
DA:343,0
DA:344,0
DA:346,0
DA:347,0
DA:348,0
DA:351,0
DA:352,0
DA:355,0
DA:356,0
DA:357,0
DA:358,0
DA:366,0
DA:367,0
DA:368,0
DA:369,0
DA:370,0
DA:375,0
DA:376,0
DA:377,0
DA:382,0
DA:383,0
DA:387,0
DA:388,0
DA:390,0
DA:391,0
DA:392,0
DA:397,0
DA:399,0
DA:413,0
DA:417,0
DA:418,0
DA:419,0
DA:420,0
DA:421,0
DA:422,0
DA:423,0
DA:424,0
DA:426,0
DA:430,0
DA:431,0
DA:436,0
DA:437,0
DA:442,0
LF:130
LH:24
BRDA:15,0,0,1
BRDA:15,0,1,0
BRDA:52,1,0,1
BRDA:52,1,1,0
BRDA:56,2,0,1
BRDA:56,2,1,0
BRDA:60,3,0,1
BRDA:60,3,1,0
BRDA:64,4,0,1
BRDA:64,4,1,0
BRDA:70,5,0,0
BRDA:70,5,1,0
BRDA:70,6,0,0
BRDA:70,6,1,0
BRDA:77,7,0,0
BRDA:77,7,1,0
BRDA:102,8,0,0
BRDA:102,8,1,0
BRDA:135,9,0,0
BRDA:135,9,1,0
BRDA:164,10,0,0
BRDA:164,10,1,0
BRDA:166,11,0,0
BRDA:166,11,1,0
BRDA:204,12,0,0
BRDA:204,12,1,0
BRDA:214,13,0,0
BRDA:214,13,1,0
BRDA:218,14,0,0
BRDA:218,14,1,0
BRDA:226,15,0,0
BRDA:226,15,1,0
BRDA:226,16,0,0
BRDA:226,16,1,0
BRDA:270,17,0,0
BRDA:270,17,1,0
BRDA:271,18,0,0
BRDA:271,18,1,0
BRDA:302,19,0,0
BRDA:302,19,1,0
BRDA:313,20,0,0
BRDA:313,20,1,0
BRDA:317,21,0,0
BRDA:317,21,1,0
BRDA:321,22,0,0
BRDA:321,22,1,0
BRDA:325,23,0,0
BRDA:325,23,1,0
BRDA:331,24,0,0
BRDA:331,24,1,0
BRDA:357,25,0,0
BRDA:357,25,1,0
BRDA:366,26,0,0
BRDA:366,26,1,0
BRDA:366,26,2,0
BRDA:366,26,3,0
BRDA:376,27,0,0
BRDA:376,27,1,0
BRDA:391,28,0,0
BRDA:391,28,1,0
BRDA:391,29,0,0
BRDA:391,29,1,0
BRDA:397,30,0,0
BRDA:397,30,1,0
BRDA:404,31,0,0
BRDA:404,31,1,0
BRDA:409,32,0,0
BRDA:409,32,1,0
BRDA:430,33,0,0
BRDA:430,33,1,0
BRDA:436,34,0,0
BRDA:436,34,1,0
BRDA:442,35,0,0
BRDA:442,35,1,0
BRF:74
BRH:5
end_of_record
TN:
SF:js/components/SearchBarComponent.js
FN:4,(anonymous_0)
FN:29,(anonymous_1)
FN:32,(anonymous_2)
FN:40,(anonymous_3)
FN:53,(anonymous_4)
FN:55,(anonymous_5)
FN:57,(anonymous_6)
FN:62,(anonymous_7)
FN:66,(anonymous_8)
FN:71,(anonymous_9)
FN:72,(anonymous_10)
FN:80,(anonymous_11)
FN:101,(anonymous_12)
FN:111,(anonymous_13)
FN:116,(anonymous_14)
FN:133,(anonymous_15)
FN:154,(anonymous_16)
FN:156,(anonymous_17)
FN:163,(anonymous_18)
FN:170,(anonymous_19)
FN:189,(anonymous_20)
FN:199,(anonymous_21)
FN:200,(anonymous_22)
FN:204,(anonymous_23)
FN:211,(anonymous_24)
FN:218,(anonymous_25)
FN:225,(anonymous_26)
FN:232,(anonymous_27)
FN:236,(anonymous_28)
FN:242,(anonymous_29)
FN:248,(anonymous_30)
FNF:31
FNH:5
FNDA:1,(anonymous_0)
FNDA:1,(anonymous_1)
FNDA:0,(anonymous_2)
FNDA:0,(anonymous_3)
FNDA:1,(anonymous_4)
FNDA:0,(anonymous_5)
FNDA:0,(anonymous_6)
FNDA:0,(anonymous_7)
FNDA:0,(anonymous_8)
FNDA:0,(anonymous_9)
FNDA:0,(anonymous_10)
FNDA:0,(anonymous_11)
FNDA:0,(anonymous_12)
FNDA:0,(anonymous_13)
FNDA:0,(anonymous_14)
FNDA:0,(anonymous_15)
FNDA:1,(anonymous_16)
FNDA:0,(anonymous_17)
FNDA:1,(anonymous_18)
FNDA:0,(anonymous_19)
FNDA:0,(anonymous_20)
FNDA:0,(anonymous_21)
FNDA:0,(anonymous_22)
FNDA:0,(anonymous_23)
FNDA:0,(anonymous_24)
FNDA:0,(anonymous_25)
FNDA:0,(anonymous_26)
FNDA:0,(anonymous_27)
FNDA:0,(anonymous_28)
FNDA:0,(anonymous_29)
FNDA:0,(anonymous_30)
DA:5,1
DA:6,1
DA:7,1
DA:8,1
DA:9,1
DA:10,1
DA:11,1
DA:12,1
DA:13,1
DA:15,1
DA:31,1
DA:32,1
DA:33,0
DA:34,0
DA:39,1
DA:40,1
DA:41,0
DA:42,0
DA:47,1
DA:48,1
DA:49,1
DA:55,1
DA:56,0
DA:57,0
DA:62,1
DA:63,0
DA:64,0
DA:66,0
DA:71,1
DA:72,0
DA:73,0
DA:74,0
DA:80,1
DA:81,0
DA:82,0
DA:83,0
DA:84,0
DA:85,0
DA:86,0
DA:88,0
DA:89,0
DA:90,0
DA:93,0
DA:94,0
DA:95,0
DA:102,0
DA:103,0
DA:104,0
DA:105,0
DA:106,0
DA:112,0
DA:113,0
DA:117,0
DA:119,0
DA:120,0
DA:122,0
DA:123,0
DA:124,0
DA:125,0
DA:127,0
DA:128,0
DA:129,0
DA:134,0
DA:136,0
DA:137,0
DA:139,0
DA:140,0
DA:141,0
DA:142,0
DA:143,0
DA:144,0
DA:145,0
DA:146,0
DA:148,0
DA:149,0
DA:150,0
DA:155,1
DA:156,1
DA:157,0
DA:158,0
DA:164,1
DA:165,1
DA:166,1
DA:171,0
DA:172,0
DA:174,0
DA:183,0
DA:184,0
DA:185,0
DA:186,0
DA:190,0
DA:191,0
DA:196,0
DA:199,0
DA:200,0
DA:201,0
DA:204,0
DA:205,0
DA:206,0
DA:207,0
DA:208,0
DA:209,0
DA:211,0
DA:212,0
DA:219,0
DA:220,0
DA:221,0
DA:226,0
DA:227,0
DA:229,0
DA:233,0
DA:237,0
DA:238,0
DA:243,0
DA:244,0
DA:249,0
DA:250,0
DA:252,0
LF:118
LH:26
BRDA:31,0,0,1
BRDA:31,0,1,0
BRDA:39,1,0,1
BRDA:39,1,1,0
BRDA:47,2,0,1
BRDA:47,2,1,0
BRDA:56,3,0,0
BRDA:56,3,1,0
BRDA:63,4,0,0
BRDA:63,4,1,0
BRDA:73,5,0,0
BRDA:73,5,1,0
BRDA:81,6,0,0
BRDA:81,6,1,0
BRDA:84,7,0,0
BRDA:84,7,1,0
BRDA:86,8,0,0
BRDA:86,8,1,0
BRDA:102,9,0,0
BRDA:102,9,1,0
BRDA:102,10,0,0
BRDA:102,10,1,0
BRDA:103,11,0,0
BRDA:103,11,1,0
BRDA:103,12,0,0
BRDA:103,12,1,0
BRDA:105,13,0,0
BRDA:105,13,1,0
BRDA:117,14,0,0
BRDA:117,14,1,0
BRDA:122,15,0,0
BRDA:122,15,1,0
BRDA:123,16,0,0
BRDA:123,16,1,0
BRDA:124,17,0,0
BRDA:124,17,1,0
BRDA:127,18,0,0
BRDA:127,18,1,0
BRDA:128,19,0,0
BRDA:128,19,1,0
BRDA:134,20,0,0
BRDA:134,20,1,0
BRDA:139,21,0,0
BRDA:139,21,1,0
BRDA:139,22,0,0
BRDA:139,22,1,0
BRDA:141,23,0,0
BRDA:141,23,1,0
BRDA:142,24,0,0
BRDA:142,24,1,0
BRDA:143,25,0,0
BRDA:143,25,1,0
BRDA:145,26,0,0
BRDA:145,26,1,0
BRDA:146,27,0,0
BRDA:146,27,1,0
BRDA:149,28,0,0
BRDA:149,28,1,0
BRDA:150,29,0,0
BRDA:150,29,1,0
BRDA:157,30,0,0
BRDA:157,30,1,0
BRDA:157,31,0,0
BRDA:157,31,1,0
BRDA:164,32,0,1
BRDA:164,32,1,0
BRDA:172,33,0,0
BRDA:172,33,1,0
BRDA:220,34,0,0
BRDA:220,34,1,0
BRDA:226,35,0,0
BRDA:226,35,1,0
BRDA:233,36,0,0
BRDA:233,36,1,0
BRDA:237,37,0,0
BRDA:237,37,1,0
BRDA:243,38,0,0
BRDA:243,38,1,0
BRDA:249,39,0,0
BRDA:249,39,1,0
BRF:80
BRH:4
end_of_record
TN:
SF:js/components/SettingsModalComponent.js
FN:5,(anonymous_0)
FN:15,(anonymous_1)
FN:20,(anonymous_2)
FN:27,(anonymous_3)
FN:34,(anonymous_4)
FN:40,(anonymous_5)
FN:47,(anonymous_6)
FN:49,(anonymous_7)
FN:54,(anonymous_8)
FN:99,(anonymous_9)
FN:104,(anonymous_10)
FN:116,(anonymous_11)
FN:128,(anonymous_12)
FN:138,(anonymous_13)
FN:145,(anonymous_14)
FN:149,(anonymous_15)
FN:181,(anonymous_16)
FN:189,(anonymous_17)
FN:200,(anonymous_18)
FN:209,(anonymous_19)
FN:232,(anonymous_20)
FN:234,(anonymous_21)
FNF:22
FNH:2
FNDA:1,(anonymous_0)
FNDA:1,(anonymous_1)
FNDA:0,(anonymous_2)
FNDA:0,(anonymous_3)
FNDA:0,(anonymous_4)
FNDA:0,(anonymous_5)
FNDA:0,(anonymous_6)
FNDA:0,(anonymous_7)
FNDA:0,(anonymous_8)
FNDA:0,(anonymous_9)
FNDA:0,(anonymous_10)
FNDA:0,(anonymous_11)
FNDA:0,(anonymous_12)
FNDA:0,(anonymous_13)
FNDA:0,(anonymous_14)
FNDA:0,(anonymous_15)
FNDA:0,(anonymous_16)
FNDA:0,(anonymous_17)
FNDA:0,(anonymous_18)
FNDA:0,(anonymous_19)
FNDA:0,(anonymous_20)
FNDA:0,(anonymous_21)
DA:6,1
DA:7,1
DA:8,1
DA:9,1
DA:10,1
DA:11,1
DA:12,1
DA:16,1
DA:19,1
DA:20,1
DA:21,0
DA:26,1
DA:27,1
DA:28,0
DA:29,0
DA:33,1
DA:34,1
DA:35,0
DA:39,1
DA:40,1
DA:41,0
DA:42,0
DA:48,0
DA:49,0
DA:50,0
DA:55,0
DA:57,0
DA:58,0
DA:60,0
DA:61,0
DA:63,0
DA:65,0
DA:67,0
DA:68,0
DA:69,0
DA:70,0
DA:71,0
DA:73,0
DA:74,0
DA:76,0
DA:78,0
DA:97,0
DA:99,0
DA:100,0
DA:105,0
DA:106,0
DA:107,0
DA:108,0
DA:109,0
DA:111,0
DA:113,0
DA:117,0
DA:118,0
DA:122,0
DA:129,0
DA:131,0
DA:132,0
DA:134,0
DA:139,0
DA:141,0
DA:142,0
DA:143,0
DA:145,0
DA:146,0
DA:148,0
DA:149,0
DA:150,0
DA:152,0
DA:154,0
DA:177,0
DA:182,0
DA:184,0
DA:185,0
DA:189,0
DA:195,0
DA:196,0
DA:200,0
DA:206,0
DA:210,0
DA:232,1
DA:233,0
DA:234,0
DA:235,0
DA:237,0
DA:238,0
DA:239,0
DA:240,0
DA:241,0
DA:244,0
DA:246,0
DA:248,0
DA:249,0
DA:250,0
DA:253,0
DA:254,0
DA:255,0
DA:256,0
LF:97
LH:17
BRDA:19,0,0,1
BRDA:19,0,1,0
BRDA:26,1,0,1
BRDA:26,1,1,0
BRDA:33,2,0,1
BRDA:33,2,1,0
BRDA:39,3,0,1
BRDA:39,3,1,0
BRDA:55,4,0,0
BRDA:55,4,1,0
BRDA:73,5,0,0
BRDA:73,5,1,0
BRDA:79,6,0,0
BRDA:79,6,1,0
BRDA:83,7,0,0
BRDA:83,7,1,0
BRDA:97,8,0,0
BRDA:97,8,1,0
BRDA:106,9,0,0
BRDA:106,9,1,0
BRDA:107,10,0,0
BRDA:107,10,1,0
BRDA:108,11,0,0
BRDA:108,11,1,0
BRDA:117,12,0,0
BRDA:117,12,1,0
BRDA:118,13,0,0
BRDA:118,13,1,0
BRDA:122,14,0,0
BRDA:122,14,1,0
BRDA:123,15,0,0
BRDA:123,15,1,0
BRDA:129,16,0,0
BRDA:129,16,1,0
BRDA:131,17,0,0
BRDA:131,17,1,0
BRDA:139,18,0,0
BRDA:139,18,1,0
BRDA:150,19,0,0
BRDA:150,19,1,0
BRDA:174,20,0,0
BRDA:174,20,1,0
BRDA:184,21,0,0
BRDA:184,21,1,0
BRDA:195,22,0,0
BRDA:195,22,1,0
BRDA:213,23,0,0
BRDA:213,23,1,0
BRDA:217,24,0,0
BRDA:217,24,1,0
BRDA:221,25,0,0
BRDA:221,25,1,0
BRDA:225,26,0,0
BRDA:225,26,1,0
BRDA:225,27,0,0
BRDA:225,27,1,0
BRDA:235,28,0,0
BRDA:235,28,1,0
BRDA:237,29,0,0
BRDA:237,29,1,0
BRDA:239,30,0,0
BRDA:239,30,1,0
BRDA:246,31,0,0
BRDA:246,31,1,0
BRDA:249,32,0,0
BRDA:249,32,1,0
BRDA:249,33,0,0
BRDA:249,33,1,0
BRDA:254,34,0,0
BRDA:254,34,1,0
BRF:70
BRH:4
end_of_record
TN:
SF:js/components/UIManager.js
FN:11,(anonymous_0)
FN:16,(anonymous_1)
FN:32,(anonymous_2)
FN:32,(anonymous_3)
FN:52,(anonymous_4)
FN:65,(anonymous_5)
FN:73,(anonymous_6)
FN:87,(anonymous_7)
FN:97,(anonymous_8)
FN:109,(anonymous_9)
FN:121,(anonymous_10)
FN:125,(anonymous_11)
FN:131,(anonymous_12)
FN:137,(anonymous_13)
FN:143,(anonymous_14)
FN:149,(anonymous_15)
FN:155,(anonymous_16)
FN:161,(anonymous_17)
FN:167,(anonymous_18)
FN:179,(anonymous_19)
FN:187,(anonymous_20)
FN:195,(anonymous_21)
FN:196,(anonymous_22)
FNF:23
FNH:8
FNDA:2,(anonymous_0)
FNDA:1,(anonymous_1)
FNDA:7,(anonymous_2)
FNDA:6,(anonymous_3)
FNDA:1,(anonymous_4)
FNDA:1,(anonymous_5)
FNDA:0,(anonymous_6)
FNDA:0,(anonymous_7)
FNDA:3,(anonymous_8)
FNDA:0,(anonymous_9)
FNDA:0,(anonymous_10)
FNDA:0,(anonymous_11)
FNDA:0,(anonymous_12)
FNDA:0,(anonymous_13)
FNDA:0,(anonymous_14)
FNDA:0,(anonymous_15)
FNDA:0,(anonymous_16)
FNDA:0,(anonymous_17)
FNDA:1,(anonymous_18)
FNDA:0,(anonymous_19)
FNDA:0,(anonymous_20)
FNDA:0,(anonymous_21)
FNDA:0,(anonymous_22)
DA:12,2
DA:13,2
DA:17,1
DA:19,1
DA:21,1
DA:22,1
DA:23,1
DA:24,1
DA:25,1
DA:26,1
DA:29,1
DA:32,7
DA:33,6
DA:37,1
DA:40,1
DA:43,1
DA:45,1
DA:47,0
DA:54,1
DA:55,1
DA:56,1
DA:59,1
DA:60,1
DA:61,1
DA:67,1
DA:68,1
DA:69,1
DA:73,1
DA:74,0
DA:75,0
DA:76,0
DA:77,0
DA:78,0
DA:80,0
DA:81,0
DA:88,0
DA:89,0
DA:91,0
DA:92,0
DA:98,3
DA:99,3
DA:102,0
DA:103,0
DA:104,0
DA:110,0
DA:111,0
DA:115,0
DA:116,0
DA:117,0
DA:122,0
DA:126,0
DA:127,0
DA:132,0
DA:133,0
DA:138,0
DA:139,0
DA:144,0
DA:145,0
DA:150,0
DA:151,0
DA:156,0
DA:157,0
DA:162,0
DA:163,0
DA:168,1
DA:170,1
DA:171,1
DA:172,1
DA:175,0
DA:180,0
DA:181,0
DA:183,0
DA:188,0
DA:189,0
DA:196,0
DA:197,0
DA:198,0
DA:201,0
DA:202,0
DA:207,1
LF:80
LH:34
BRDA:17,0,0,0
BRDA:17,0,1,1
BRDA:55,1,0,1
BRDA:55,1,1,0
BRDA:60,2,0,1
BRDA:60,2,1,0
BRDA:68,3,0,1
BRDA:68,3,1,0
BRDA:74,4,0,0
BRDA:74,4,1,0
BRDA:78,5,0,0
BRDA:78,5,1,0
BRDA:78,6,0,0
BRDA:78,6,1,0
BRDA:78,6,2,0
BRDA:88,7,0,0
BRDA:88,7,1,0
BRDA:88,8,0,0
BRDA:88,8,1,0
BRDA:91,9,0,0
BRDA:91,9,1,0
BRDA:91,10,0,0
BRDA:91,10,1,0
BRDA:98,11,0,3
BRDA:98,11,1,0
BRDA:98,12,0,3
BRDA:98,12,1,3
BRDA:103,13,0,0
BRDA:103,13,1,0
BRDA:110,14,0,0
BRDA:110,14,1,0
BRDA:110,15,0,0
BRDA:110,15,1,0
BRDA:116,16,0,0
BRDA:116,16,1,0
BRDA:122,17,0,0
BRDA:122,17,1,0
BRDA:122,18,0,0
BRDA:122,18,1,0
BRDA:126,19,0,0
BRDA:126,19,1,0
BRDA:126,20,0,0
BRDA:126,20,1,0
BRDA:132,21,0,0
BRDA:132,21,1,0
BRDA:132,22,0,0
BRDA:132,22,1,0
BRDA:138,23,0,0
BRDA:138,23,1,0
BRDA:138,24,0,0
BRDA:138,24,1,0
BRDA:144,25,0,0
BRDA:144,25,1,0
BRDA:144,26,0,0
BRDA:144,26,1,0
BRDA:150,27,0,0
BRDA:150,27,1,0
BRDA:150,28,0,0
BRDA:150,28,1,0
BRDA:156,29,0,0
BRDA:156,29,1,0
BRDA:156,30,0,0
BRDA:156,30,1,0
BRDA:162,31,0,0
BRDA:162,31,1,0
BRDA:162,32,0,0
BRDA:162,32,1,0
BRDA:180,33,0,0
BRDA:180,33,1,0
BRDA:180,34,0,0
BRDA:180,34,1,0
BRDA:188,35,0,0
BRDA:188,35,1,0
BRDA:188,36,0,0
BRDA:188,36,1,0
BRDA:197,37,0,0
BRDA:197,37,1,0
BRF:77
BRH:7
end_of_record
TN:
SF:js/config/ModelConfig.js
FN:33,(anonymous_0)
FN:73,(anonymous_1)
FNF:2
FNH:0
FNDA:0,(anonymous_0)
FNDA:0,(anonymous_1)
DA:2,3
DA:29,3
DA:34,0
DA:41,0
DA:43,0
DA:44,0
DA:48,0
DA:49,0
DA:53,0
DA:54,0
DA:55,0
DA:56,0
DA:57,0
DA:58,0
DA:63,0
DA:64,0
DA:67,0
DA:70,0
DA:74,0
DA:75,0
DA:76,0
DA:77,0
DA:78,0
DA:81,0
DA:82,0
DA:83,0
DA:84,0
DA:85,0
DA:86,0
DA:87,0
DA:88,0
DA:89,0
DA:90,0
DA:92,0
DA:93,0
DA:94,0
DA:99,0
DA:100,0
DA:101,0
DA:102,0
DA:103,0
DA:105,0
DA:110,0
DA:111,0
DA:112,0
DA:113,0
DA:114,0
DA:119,0
DA:120,0
DA:123,0
DA:127,0
LF:51
LH:2
BRDA:43,0,0,0
BRDA:43,0,1,0
BRDA:48,1,0,0
BRDA:48,1,1,0
BRDA:49,2,0,0
BRDA:49,2,1,0
BRDA:54,3,0,0
BRDA:54,3,1,0
BRDA:55,4,0,0
BRDA:55,4,1,0
BRDA:57,5,0,0
BRDA:57,5,1,0
BRDA:63,6,0,0
BRDA:63,6,1,0
BRDA:81,7,0,0
BRDA:81,7,1,0
BRDA:82,8,0,0
BRDA:82,8,1,0
BRDA:87,9,0,0
BRDA:87,9,1,0
BRDA:99,10,0,0
BRDA:99,10,1,0
BRDA:100,11,0,0
BRDA:100,11,1,0
BRDA:102,12,0,0
BRDA:102,12,1,0
BRDA:110,13,0,0
BRDA:110,13,1,0
BRDA:111,14,0,0
BRDA:111,14,1,0
BRDA:113,15,0,0
BRDA:113,15,1,0
BRDA:119,16,0,0
BRDA:119,16,1,0
BRDA:120,17,0,0
BRDA:120,17,1,0
BRDA:120,18,0,0
BRDA:120,18,1,0
BRDA:120,18,2,0
BRF:39
BRH:0
end_of_record
TN:
SF:js/services/UIService.js
FN:3,(anonymous_0)
FN:7,(anonymous_1)
FN:11,(anonymous_2)
FN:25,(anonymous_3)
FN:39,(anonymous_4)
FNF:5
FNH:3
FNDA:3,(anonymous_0)
FNDA:0,(anonymous_1)
FNDA:2,(anonymous_2)
FNDA:0,(anonymous_3)
FNDA:4,(anonymous_4)
DA:4,3
DA:8,0
DA:13,2
DA:14,0
DA:15,0
DA:19,2
DA:20,2
DA:21,2
DA:27,0
DA:28,0
DA:29,0
DA:33,0
DA:34,0
DA:35,0
DA:40,4
DA:41,0
DA:47,3
LF:17
LH:7
BRDA:13,0,0,0
BRDA:13,0,1,2
BRDA:20,1,0,2
BRDA:20,1,1,0
BRDA:27,2,0,0
BRDA:27,2,1,0
BRDA:34,3,0,0
BRDA:34,3,1,0
BRDA:40,4,0,0
BRDA:40,4,1,4
BRF:10
BRH:3
end_of_record
TN:
SF:tests/performance/benchmark-config.js
FNF:0
FNH:0
DA:2,2
DA:205,2
LF:2
LH:2
BRF:0
BRH:0
end_of_record
TN:
SF:tests/performance/performance-evaluator.js
FN:6,(anonymous_0)
FN:17,(anonymous_1)
FN:60,(anonymous_2)
FN:87,(anonymous_3)
FN:149,(anonymous_4)
FN:162,(anonymous_5)
FN:163,(anonymous_6)
FN:181,(anonymous_7)
FN:195,(anonymous_8)
FN:196,(anonymous_9)
FN:197,(anonymous_10)
FN:205,(anonymous_11)
FN:206,(anonymous_12)
FN:207,(anonymous_13)
FN:208,(anonymous_14)
FN:209,(anonymous_15)
FN:215,(anonymous_16)
FN:217,(anonymous_17)
FN:221,(anonymous_18)
FN:222,(anonymous_19)
FN:223,(anonymous_20)
FN:236,(anonymous_21)
FN:269,(anonymous_22)
FN:282,(anonymous_23)
FN:309,(anonymous_24)
FN:379,(anonymous_25)
FNF:26
FNH:0
FNDA:0,(anonymous_0)
FNDA:0,(anonymous_1)
FNDA:0,(anonymous_2)
FNDA:0,(anonymous_3)
FNDA:0,(anonymous_4)
FNDA:0,(anonymous_5)
FNDA:0,(anonymous_6)
FNDA:0,(anonymous_7)
FNDA:0,(anonymous_8)
FNDA:0,(anonymous_9)
FNDA:0,(anonymous_10)
FNDA:0,(anonymous_11)
FNDA:0,(anonymous_12)
FNDA:0,(anonymous_13)
FNDA:0,(anonymous_14)
FNDA:0,(anonymous_15)
FNDA:0,(anonymous_16)
FNDA:0,(anonymous_17)
FNDA:0,(anonymous_18)
FNDA:0,(anonymous_19)
FNDA:0,(anonymous_20)
FNDA:0,(anonymous_21)
FNDA:0,(anonymous_22)
FNDA:0,(anonymous_23)
FNDA:0,(anonymous_24)
FNDA:0,(anonymous_25)
DA:7,0
DA:8,0
DA:9,0
DA:18,0
DA:20,0
DA:22,0
DA:34,0
DA:36,0
DA:39,0
DA:42,0
DA:44,0
DA:46,0
DA:48,0
DA:51,0
DA:52,0
DA:61,0
DA:63,0
DA:69,0
DA:70,0
DA:72,0
DA:73,0
DA:77,0
DA:79,0
DA:88,0
DA:90,0
DA:92,0
DA:93,0
DA:96,0
DA:97,0
DA:98,0
DA:101,0
DA:103,0
DA:108,0
DA:130,0
DA:133,0
DA:150,0
DA:151,0
DA:154,0
DA:155,0
DA:157,0
DA:158,0
DA:159,0
DA:161,0
DA:162,0
DA:163,0
DA:164,0
DA:169,0
DA:173,0
DA:182,0
DA:184,0
DA:185,0
DA:186,0
DA:187,0
DA:196,0
DA:197,0
DA:199,0
DA:200,0
DA:203,0
DA:205,0
DA:206,0
DA:207,0
DA:208,0
DA:209,0
DA:215,0
DA:216,0
DA:217,0
DA:218,0
DA:219,0
DA:221,0
DA:222,0
DA:223,0
DA:228,0
DA:237,0
DA:239,0
DA:270,0
DA:271,0
DA:272,0
DA:273,0
DA:274,0
DA:283,0
DA:285,0
DA:288,0
DA:291,0
DA:294,0
DA:297,0
DA:298,0
DA:301,0
DA:310,0
DA:311,0
DA:312,0
DA:315,0
DA:316,0
DA:326,0
DA:327,0
DA:337,0
DA:338,0
DA:348,0
DA:349,0
DA:359,0
DA:360,0
DA:361,0
DA:362,0
DA:372,0
DA:380,0
LF:104
LH:0
BRDA:17,0,0,0
BRDA:96,1,0,0
BRDA:96,1,1,0
BRDA:97,2,0,0
BRDA:97,2,1,0
BRDA:127,3,0,0
BRDA:127,3,1,0
BRDA:150,4,0,0
BRDA:150,4,1,0
BRDA:150,5,0,0
BRDA:150,5,1,0
BRDA:158,6,0,0
BRDA:158,6,1,0
BRDA:158,7,0,0
BRDA:158,7,1,0
BRDA:161,8,0,0
BRDA:161,8,1,0
BRDA:164,9,0,0
BRDA:164,9,1,0
BRDA:173,10,0,0
BRDA:173,10,1,0
BRDA:184,11,0,0
BRDA:184,11,1,0
BRDA:185,12,0,0
BRDA:185,12,1,0
BRDA:186,13,0,0
BRDA:186,13,1,0
BRDA:199,14,0,0
BRDA:199,14,1,0
BRDA:217,15,0,0
BRDA:217,15,1,0
BRDA:218,16,0,0
BRDA:218,16,1,0
BRDA:270,17,0,0
BRDA:270,17,1,0
BRDA:271,18,0,0
BRDA:271,18,1,0
BRDA:272,19,0,0
BRDA:272,19,1,0
BRDA:273,20,0,0
BRDA:273,20,1,0
BRDA:285,21,0,0
BRDA:285,21,1,0
BRDA:285,22,0,0
BRDA:285,22,1,0
BRDA:285,22,2,0
BRDA:291,23,0,0
BRDA:291,23,1,0
BRDA:291,24,0,0
BRDA:291,24,1,0
BRDA:291,24,2,0
BRDA:297,25,0,0
BRDA:297,25,1,0
BRDA:315,26,0,0
BRDA:315,26,1,0
BRDA:326,27,0,0
BRDA:326,27,1,0
BRDA:337,28,0,0
BRDA:337,28,1,0
BRDA:348,29,0,0
BRDA:348,29,1,0
BRDA:361,30,0,0
BRDA:361,30,1,0
BRDA:361,31,0,0
BRDA:361,31,1,0
BRF:65
BRH:0
end_of_record
TN:
SF:tests/performance/report-generator.js
FN:3,(anonymous_0)
FN:18,(anonymous_1)
FN:31,(anonymous_2)
FN:84,(anonymous_3)
FN:94,(anonymous_4)
FN:109,(anonymous_5)
FN:156,(anonymous_6)
FN:173,(anonymous_7)
FN:182,(anonymous_8)
FN:259,(anonymous_9)
FN:272,(anonymous_10)
FN:292,(anonymous_11)
FN:316,(anonymous_12)
FNF:13
FNH:0
FNDA:0,(anonymous_0)
FNDA:0,(anonymous_1)
FNDA:0,(anonymous_2)
FNDA:0,(anonymous_3)
FNDA:0,(anonymous_4)
FNDA:0,(anonymous_5)
FNDA:0,(anonymous_6)
FNDA:0,(anonymous_7)
FNDA:0,(anonymous_8)
FNDA:0,(anonymous_9)
FNDA:0,(anonymous_10)
FNDA:0,(anonymous_11)
FNDA:0,(anonymous_12)
DA:4,0
DA:19,0
DA:20,0
DA:21,0
DA:23,0
DA:32,0
DA:33,0
DA:35,0
DA:38,0
DA:39,0
DA:40,0
DA:41,0
DA:44,0
DA:45,0
DA:46,0
DA:47,0
DA:48,0
DA:49,0
DA:52,0
DA:53,0
DA:54,0
DA:55,0
DA:56,0
DA:59,0
DA:60,0
DA:61,0
DA:62,0
DA:64,0
DA:65,0
DA:66,0
DA:67,0
DA:68,0
DA:69,0
DA:71,0
DA:73,0
DA:74,0
DA:79,0
DA:80,0
DA:81,0
DA:83,0
DA:84,0
DA:85,0
DA:90,0
DA:91,0
DA:92,0
DA:94,0
DA:95,0
DA:96,0
DA:100,0
DA:101,0
DA:110,0
DA:112,0
DA:115,0
DA:116,0
DA:117,0
DA:118,0
DA:121,0
DA:122,0
DA:123,0
DA:124,0
DA:125,0
DA:126,0
DA:127,0
DA:130,0
DA:131,0
DA:132,0
DA:133,0
DA:134,0
DA:135,0
DA:138,0
DA:139,0
DA:140,0
DA:142,0
DA:143,0
DA:144,0
DA:145,0
DA:146,0
DA:148,0
DA:153,0
DA:154,0
DA:156,0
DA:157,0
DA:158,0
DA:159,0
DA:160,0
DA:161,0
DA:165,0
DA:174,0
DA:183,0
DA:185,0
DA:259,0
DA:272,0
DA:295,0
DA:299,0
DA:300,0
DA:301,0
DA:302,0
DA:303,0
DA:304,0
DA:305,0
DA:306,0
DA:308,0
DA:317,0
DA:323,0
LF:104
LH:0
BRDA:18,0,0,0
BRDA:20,1,0,0
BRDA:20,1,1,0
BRDA:65,2,0,0
BRDA:65,2,1,0
BRDA:66,3,0,0
BRDA:66,3,1,0
BRDA:67,4,0,0
BRDA:67,4,1,0
BRDA:73,5,0,0
BRDA:73,5,1,0
BRDA:79,6,0,0
BRDA:79,6,1,0
BRDA:90,7,0,0
BRDA:90,7,1,0
BRDA:95,8,0,0
BRDA:95,8,1,0
BRDA:95,9,0,0
BRDA:95,9,1,0
BRDA:143,10,0,0
BRDA:143,10,1,0
BRDA:144,11,0,0
BRDA:144,11,1,0
BRDA:153,12,0,0
BRDA:153,12,1,0
BRDA:157,13,0,0
BRDA:157,13,1,0
BRDA:157,14,0,0
BRDA:157,14,1,0
BRDA:264,15,0,0
BRDA:264,15,1,0
BRDA:265,16,0,0
BRDA:265,16,1,0
BRDA:270,17,0,0
BRDA:270,17,1,0
BRDA:323,18,0,0
BRDA:323,18,1,0
BRF:37
BRH:0
end_of_record
